running egg_info
writing ../../../build/follow_traj_wd/follow_traj_wd.egg-info/PKG-INFO
writing dependency_links to ../../../build/follow_traj_wd/follow_traj_wd.egg-info/dependency_links.txt
writing entry points to ../../../build/follow_traj_wd/follow_traj_wd.egg-info/entry_points.txt
writing requirements to ../../../build/follow_traj_wd/follow_traj_wd.egg-info/requires.txt
writing top-level names to ../../../build/follow_traj_wd/follow_traj_wd.egg-info/top_level.txt
reading manifest file '../../../build/follow_traj_wd/follow_traj_wd.egg-info/SOURCES.txt'
writing manifest file '../../../build/follow_traj_wd/follow_traj_wd.egg-info/SOURCES.txt'
running build
running build_py
running install
running install_lib
creating /home/nvidia/vcii/hezi_ros2/install/follow_traj_wd/lib/python3.8/site-packages/follow_traj_wd
copying /home/nvidia/vcii/hezi_ros2/build/follow_traj_wd/build/lib/follow_traj_wd/can_node.py -> /home/nvidia/vcii/hezi_ros2/install/follow_traj_wd/lib/python3.8/site-packages/follow_traj_wd
copying /home/nvidia/vcii/hezi_ros2/build/follow_traj_wd/build/lib/follow_traj_wd/follow_node.py -> /home/nvidia/vcii/hezi_ros2/install/follow_traj_wd/lib/python3.8/site-packages/follow_traj_wd
copying /home/nvidia/vcii/hezi_ros2/build/follow_traj_wd/build/lib/follow_traj_wd/can_use.py -> /home/nvidia/vcii/hezi_ros2/install/follow_traj_wd/lib/python3.8/site-packages/follow_traj_wd
copying /home/nvidia/vcii/hezi_ros2/build/follow_traj_wd/build/lib/follow_traj_wd/__init__.py -> /home/nvidia/vcii/hezi_ros2/install/follow_traj_wd/lib/python3.8/site-packages/follow_traj_wd
copying /home/nvidia/vcii/hezi_ros2/build/follow_traj_wd/build/lib/follow_traj_wd/follow_demo_2025.py -> /home/nvidia/vcii/hezi_ros2/install/follow_traj_wd/lib/python3.8/site-packages/follow_traj_wd
byte-compiling /home/nvidia/vcii/hezi_ros2/install/follow_traj_wd/lib/python3.8/site-packages/follow_traj_wd/can_node.py to can_node.cpython-38.pyc
byte-compiling /home/nvidia/vcii/hezi_ros2/install/follow_traj_wd/lib/python3.8/site-packages/follow_traj_wd/follow_node.py to follow_node.cpython-38.pyc
byte-compiling /home/nvidia/vcii/hezi_ros2/install/follow_traj_wd/lib/python3.8/site-packages/follow_traj_wd/can_use.py to can_use.cpython-38.pyc
byte-compiling /home/nvidia/vcii/hezi_ros2/install/follow_traj_wd/lib/python3.8/site-packages/follow_traj_wd/__init__.py to __init__.cpython-38.pyc
byte-compiling /home/nvidia/vcii/hezi_ros2/install/follow_traj_wd/lib/python3.8/site-packages/follow_traj_wd/follow_demo_2025.py to follow_demo_2025.cpython-38.pyc
running install_data
running install_egg_info
Copying ../../../build/follow_traj_wd/follow_traj_wd.egg-info to /home/nvidia/vcii/hezi_ros2/install/follow_traj_wd/lib/python3.8/site-packages/follow_traj_wd-0.0.0-py3.8.egg-info
running install_scripts
Installing can_node script to /home/nvidia/vcii/hezi_ros2/install/follow_traj_wd/lib/follow_traj_wd
Installing follow_node script to /home/nvidia/vcii/hezi_ros2/install/follow_traj_wd/lib/follow_traj_wd
writing list of installed files to '/home/nvidia/vcii/hezi_ros2/build/follow_traj_wd/install.log'
