[2.918s] Invoking command in '/home/nvidia/vcii/hezi_ros2/src/demo1/follow_traj_wd': PYTHONPATH=/home/nvidia/vcii/hezi_ros2/build/follow_traj_wd/prefix_override:/home/nvidia/vcii/hezi_ros2/install/follow_traj_wd/lib/python3.8/site-packages:${PYTHONPATH} /usr/bin/python3 setup.py egg_info --egg-base ../../../build/follow_traj_wd build --build-base /home/nvidia/vcii/hezi_ros2/build/follow_traj_wd/build install --record /home/nvidia/vcii/hezi_ros2/build/follow_traj_wd/install.log --single-version-externally-managed
[3.267s] running egg_info
[3.268s] writing ../../../build/follow_traj_wd/follow_traj_wd.egg-info/PKG-INFO
[3.268s] writing dependency_links to ../../../build/follow_traj_wd/follow_traj_wd.egg-info/dependency_links.txt
[3.268s] writing entry points to ../../../build/follow_traj_wd/follow_traj_wd.egg-info/entry_points.txt
[3.269s] writing requirements to ../../../build/follow_traj_wd/follow_traj_wd.egg-info/requires.txt
[3.269s] writing top-level names to ../../../build/follow_traj_wd/follow_traj_wd.egg-info/top_level.txt
[3.325s] reading manifest file '../../../build/follow_traj_wd/follow_traj_wd.egg-info/SOURCES.txt'
[3.326s] writing manifest file '../../../build/follow_traj_wd/follow_traj_wd.egg-info/SOURCES.txt'
[3.326s] running build
[3.326s] running build_py
[3.327s] running install
[3.328s] running install_lib
[3.330s] creating /home/nvidia/vcii/hezi_ros2/install/follow_traj_wd/lib/python3.8/site-packages/follow_traj_wd
[3.330s] copying /home/nvidia/vcii/hezi_ros2/build/follow_traj_wd/build/lib/follow_traj_wd/can_node.py -> /home/nvidia/vcii/hezi_ros2/install/follow_traj_wd/lib/python3.8/site-packages/follow_traj_wd
[3.331s] copying /home/nvidia/vcii/hezi_ros2/build/follow_traj_wd/build/lib/follow_traj_wd/follow_node.py -> /home/nvidia/vcii/hezi_ros2/install/follow_traj_wd/lib/python3.8/site-packages/follow_traj_wd
[3.332s] copying /home/nvidia/vcii/hezi_ros2/build/follow_traj_wd/build/lib/follow_traj_wd/can_use.py -> /home/nvidia/vcii/hezi_ros2/install/follow_traj_wd/lib/python3.8/site-packages/follow_traj_wd
[3.332s] copying /home/nvidia/vcii/hezi_ros2/build/follow_traj_wd/build/lib/follow_traj_wd/__init__.py -> /home/nvidia/vcii/hezi_ros2/install/follow_traj_wd/lib/python3.8/site-packages/follow_traj_wd
[3.332s] copying /home/nvidia/vcii/hezi_ros2/build/follow_traj_wd/build/lib/follow_traj_wd/follow_demo_2025.py -> /home/nvidia/vcii/hezi_ros2/install/follow_traj_wd/lib/python3.8/site-packages/follow_traj_wd
[3.332s] byte-compiling /home/nvidia/vcii/hezi_ros2/install/follow_traj_wd/lib/python3.8/site-packages/follow_traj_wd/can_node.py to can_node.cpython-38.pyc
[3.334s] byte-compiling /home/nvidia/vcii/hezi_ros2/install/follow_traj_wd/lib/python3.8/site-packages/follow_traj_wd/follow_node.py to follow_node.cpython-38.pyc
[3.335s] byte-compiling /home/nvidia/vcii/hezi_ros2/install/follow_traj_wd/lib/python3.8/site-packages/follow_traj_wd/can_use.py to can_use.cpython-38.pyc
[3.336s] byte-compiling /home/nvidia/vcii/hezi_ros2/install/follow_traj_wd/lib/python3.8/site-packages/follow_traj_wd/__init__.py to __init__.cpython-38.pyc
[3.336s] byte-compiling /home/nvidia/vcii/hezi_ros2/install/follow_traj_wd/lib/python3.8/site-packages/follow_traj_wd/follow_demo_2025.py to follow_demo_2025.cpython-38.pyc
[3.343s] running install_data
[3.344s] running install_egg_info
[3.347s] Copying ../../../build/follow_traj_wd/follow_traj_wd.egg-info to /home/nvidia/vcii/hezi_ros2/install/follow_traj_wd/lib/python3.8/site-packages/follow_traj_wd-0.0.0-py3.8.egg-info
[3.348s] running install_scripts
[3.374s] Installing can_node script to /home/nvidia/vcii/hezi_ros2/install/follow_traj_wd/lib/follow_traj_wd
[3.375s] Installing follow_node script to /home/nvidia/vcii/hezi_ros2/install/follow_traj_wd/lib/follow_traj_wd
[3.375s] writing list of installed files to '/home/nvidia/vcii/hezi_ros2/build/follow_traj_wd/install.log'
[3.435s] Invoked command in '/home/nvidia/vcii/hezi_ros2/src/demo1/follow_traj_wd' returned '0': PYTHONPATH=/home/nvidia/vcii/hezi_ros2/build/follow_traj_wd/prefix_override:/home/nvidia/vcii/hezi_ros2/install/follow_traj_wd/lib/python3.8/site-packages:${PYTHONPATH} /usr/bin/python3 setup.py egg_info --egg-base ../../../build/follow_traj_wd build --build-base /home/nvidia/vcii/hezi_ros2/build/follow_traj_wd/build install --record /home/nvidia/vcii/hezi_ros2/build/follow_traj_wd/install.log --single-version-externally-managed
