[3.820s] Invoking command in '/home/nvidia/vcii/hezi_ros2/src/demo1/follow_traj': PYTHONPATH=/home/nvidia/vcii/hezi_ros2/build/follow_traj/prefix_override:/home/nvidia/vcii/hezi_ros2/install/follow_traj/lib/python3.8/site-packages:${PYTHONPATH} /usr/bin/python3 setup.py egg_info --egg-base ../../../build/follow_traj build --build-base /home/nvidia/vcii/hezi_ros2/build/follow_traj/build install --record /home/nvidia/vcii/hezi_ros2/build/follow_traj/install.log --single-version-externally-managed
[4.159s] running egg_info
[4.159s] writing ../../../build/follow_traj/follow_traj.egg-info/PKG-INFO
[4.160s] writing dependency_links to ../../../build/follow_traj/follow_traj.egg-info/dependency_links.txt
[4.160s] writing entry points to ../../../build/follow_traj/follow_traj.egg-info/entry_points.txt
[4.160s] writing requirements to ../../../build/follow_traj/follow_traj.egg-info/requires.txt
[4.160s] writing top-level names to ../../../build/follow_traj/follow_traj.egg-info/top_level.txt
[4.207s] reading manifest file '../../../build/follow_traj/follow_traj.egg-info/SOURCES.txt'
[4.208s] writing manifest file '../../../build/follow_traj/follow_traj.egg-info/SOURCES.txt'
[4.209s] running build
[4.209s] running build_py
[4.209s] running install
[4.211s] running install_lib
[4.213s] running install_data
[4.214s] running install_egg_info
[4.216s] removing '/home/nvidia/vcii/hezi_ros2/install/follow_traj/lib/python3.8/site-packages/follow_traj-0.0.0-py3.8.egg-info' (and everything under it)
[4.217s] Copying ../../../build/follow_traj/follow_traj.egg-info to /home/nvidia/vcii/hezi_ros2/install/follow_traj/lib/python3.8/site-packages/follow_traj-0.0.0-py3.8.egg-info
[4.218s] running install_scripts
[4.246s] Installing mpc_node script to /home/nvidia/vcii/hezi_ros2/install/follow_traj/lib/follow_traj
[4.246s] Installing simulator_node script to /home/nvidia/vcii/hezi_ros2/install/follow_traj/lib/follow_traj
[4.247s] writing list of installed files to '/home/nvidia/vcii/hezi_ros2/build/follow_traj/install.log'
[4.539s] Invoked command in '/home/nvidia/vcii/hezi_ros2/src/demo1/follow_traj' returned '0': PYTHONPATH=/home/nvidia/vcii/hezi_ros2/build/follow_traj/prefix_override:/home/nvidia/vcii/hezi_ros2/install/follow_traj/lib/python3.8/site-packages:${PYTHONPATH} /usr/bin/python3 setup.py egg_info --egg-base ../../../build/follow_traj build --build-base /home/nvidia/vcii/hezi_ros2/build/follow_traj/build install --record /home/nvidia/vcii/hezi_ros2/build/follow_traj/install.log --single-version-externally-managed
