[3.873s] [34mcolcon[0m [1;30mDEBUG[0m [32mCommand line arguments: ['/usr/bin/colcon', 'build'][0m
[3.873s] [34mcolcon[0m [1;30mDEBUG[0m [32mParsed command line arguments: Namespace(allow_overriding=[], ament_cmake_args=None, base_paths=['.'], build_base='build', catkin_cmake_args=None, catkin_skip_building_tests=False, cmake_args=None, cmake_clean_cache=False, cmake_clean_first=False, cmake_force_configure=False, cmake_target=None, cmake_target_skip_unavailable=False, continue_on_error=False, event_handlers=None, executor='parallel', ignore_user_meta=False, install_base='install', log_base=None, log_level=None, main=<bound method BuildVerb.main of <colcon_core.verb.build.BuildVerb object at 0xffffabb45190>>, merge_install=False, metas=['./colcon.meta'], packages_above=None, packages_above_and_dependencies=None, packages_above_depth=None, packages_end=None, packages_ignore=None, packages_ignore_regex=None, packages_select=None, packages_select_build_failed=False, packages_select_by_dep=None, packages_select_regex=None, packages_select_test_failures=False, packages_skip=None, packages_skip_build_finished=False, packages_skip_by_dep=None, packages_skip_regex=None, packages_skip_test_passed=False, packages_skip_up_to=None, packages_start=None, packages_up_to=None, packages_up_to_regex=None, parallel_workers=12, paths=None, symlink_install=False, test_result_base=None, verb_extension=<colcon_core.verb.build.BuildVerb object at 0xffffabb45190>, verb_name='build', verb_parser=<colcon_defaults.argument_parser.defaults.DefaultArgumentsDecorator object at 0xffffabaa3610>)[0m
[4.053s] [34mcolcon.colcon_core.package_discovery[0m [1;30mLevel 1[0m discover_packages(colcon_meta) check parameters
[4.053s] [34mcolcon.colcon_core.package_discovery[0m [1;30mLevel 1[0m discover_packages(recursive) check parameters
[4.053s] [34mcolcon.colcon_core.package_discovery[0m [1;30mLevel 1[0m discover_packages(ignore) check parameters
[4.054s] [34mcolcon.colcon_core.package_discovery[0m [1;30mLevel 1[0m discover_packages(path) check parameters
[4.054s] [34mcolcon.colcon_core.package_discovery[0m [1;30mLevel 1[0m discover_packages(colcon_meta) discover
[4.054s] [34mcolcon.colcon_core.package_discovery[0m [1;30mLevel 1[0m discover_packages(recursive) discover
[4.054s] [34mcolcon.colcon_core.package_discovery[0m [1;30mINFO[0m Crawling recursively for packages in '/home/nvidia/vcii/hezi_ros2'
[4.054s] [34mcolcon.colcon_core.package_identification[0m [1;30mLevel 1[0m _identify(.) by extensions ['ignore', 'ignore_ament_install']
[4.054s] [34mcolcon.colcon_core.package_identification[0m [1;30mLevel 1[0m _identify(.) by extension 'ignore'
[4.054s] [34mcolcon.colcon_core.package_identification[0m [1;30mLevel 1[0m _identify(.) by extension 'ignore_ament_install'
[4.054s] [34mcolcon.colcon_core.package_identification[0m [1;30mLevel 1[0m _identify(.) by extensions ['colcon_pkg']
[4.054s] [34mcolcon.colcon_core.package_identification[0m [1;30mLevel 1[0m _identify(.) by extension 'colcon_pkg'
[4.055s] [34mcolcon.colcon_core.package_identification[0m [1;30mLevel 1[0m _identify(.) by extensions ['colcon_meta']
[4.055s] [34mcolcon.colcon_core.package_identification[0m [1;30mLevel 1[0m _identify(.) by extension 'colcon_meta'
[4.055s] [34mcolcon.colcon_core.package_identification[0m [1;30mLevel 1[0m _identify(.) by extensions ['ros']
[4.055s] [34mcolcon.colcon_core.package_identification[0m [1;30mLevel 1[0m _identify(.) by extension 'ros'
[4.071s] [34mcolcon.colcon_core.package_identification[0m [1;30mLevel 1[0m _identify(.) by extensions ['cmake', 'python']
[4.071s] [34mcolcon.colcon_core.package_identification[0m [1;30mLevel 1[0m _identify(.) by extension 'cmake'
[4.072s] [34mcolcon.colcon_core.package_identification[0m [1;30mLevel 1[0m _identify(.) by extension 'python'
[4.072s] [34mcolcon.colcon_core.package_identification[0m [1;30mLevel 1[0m _identify(.) by extensions ['python_setup_py']
[4.072s] [34mcolcon.colcon_core.package_identification[0m [1;30mLevel 1[0m _identify(.) by extension 'python_setup_py'
[4.072s] [34mcolcon.colcon_core.package_identification[0m [1;30mLevel 1[0m _identify(build) by extensions ['ignore', 'ignore_ament_install']
[4.072s] [34mcolcon.colcon_core.package_identification[0m [1;30mLevel 1[0m _identify(build) by extension 'ignore'
[4.072s] [34mcolcon.colcon_core.package_identification[0m [1;30mLevel 1[0m _identify(build) ignored
[4.073s] [34mcolcon.colcon_core.package_identification[0m [1;30mLevel 1[0m _identify(install) by extensions ['ignore', 'ignore_ament_install']
[4.073s] [34mcolcon.colcon_core.package_identification[0m [1;30mLevel 1[0m _identify(install) by extension 'ignore'
[4.073s] [34mcolcon.colcon_core.package_identification[0m [1;30mLevel 1[0m _identify(install) ignored
[4.073s] [34mcolcon.colcon_core.package_identification[0m [1;30mLevel 1[0m _identify(log) by extensions ['ignore', 'ignore_ament_install']
[4.073s] [34mcolcon.colcon_core.package_identification[0m [1;30mLevel 1[0m _identify(log) by extension 'ignore'
[4.073s] [34mcolcon.colcon_core.package_identification[0m [1;30mLevel 1[0m _identify(log) ignored
[4.073s] [34mcolcon.colcon_core.package_identification[0m [1;30mLevel 1[0m _identify(src) by extensions ['ignore', 'ignore_ament_install']
[4.074s] [34mcolcon.colcon_core.package_identification[0m [1;30mLevel 1[0m _identify(src) by extension 'ignore'
[4.074s] [34mcolcon.colcon_core.package_identification[0m [1;30mLevel 1[0m _identify(src) by extension 'ignore_ament_install'
[4.074s] [34mcolcon.colcon_core.package_identification[0m [1;30mLevel 1[0m _identify(src) by extensions ['colcon_pkg']
[4.074s] [34mcolcon.colcon_core.package_identification[0m [1;30mLevel 1[0m _identify(src) by extension 'colcon_pkg'
[4.074s] [34mcolcon.colcon_core.package_identification[0m [1;30mLevel 1[0m _identify(src) by extensions ['colcon_meta']
[4.074s] [34mcolcon.colcon_core.package_identification[0m [1;30mLevel 1[0m _identify(src) by extension 'colcon_meta'
[4.074s] [34mcolcon.colcon_core.package_identification[0m [1;30mLevel 1[0m _identify(src) by extensions ['ros']
[4.074s] [34mcolcon.colcon_core.package_identification[0m [1;30mLevel 1[0m _identify(src) by extension 'ros'
[4.074s] [34mcolcon.colcon_core.package_identification[0m [1;30mLevel 1[0m _identify(src) by extensions ['cmake', 'python']
[4.074s] [34mcolcon.colcon_core.package_identification[0m [1;30mLevel 1[0m _identify(src) by extension 'cmake'
[4.074s] [34mcolcon.colcon_core.package_identification[0m [1;30mLevel 1[0m _identify(src) by extension 'python'
[4.074s] [34mcolcon.colcon_core.package_identification[0m [1;30mLevel 1[0m _identify(src) by extensions ['python_setup_py']
[4.074s] [34mcolcon.colcon_core.package_identification[0m [1;30mLevel 1[0m _identify(src) by extension 'python_setup_py'
[4.075s] [34mcolcon.colcon_core.package_identification[0m [1;30mLevel 1[0m _identify(src/demo1) by extensions ['ignore', 'ignore_ament_install']
[4.075s] [34mcolcon.colcon_core.package_identification[0m [1;30mLevel 1[0m _identify(src/demo1) by extension 'ignore'
[4.075s] [34mcolcon.colcon_core.package_identification[0m [1;30mLevel 1[0m _identify(src/demo1) by extension 'ignore_ament_install'
[4.075s] [34mcolcon.colcon_core.package_identification[0m [1;30mLevel 1[0m _identify(src/demo1) by extensions ['colcon_pkg']
[4.075s] [34mcolcon.colcon_core.package_identification[0m [1;30mLevel 1[0m _identify(src/demo1) by extension 'colcon_pkg'
[4.075s] [34mcolcon.colcon_core.package_identification[0m [1;30mLevel 1[0m _identify(src/demo1) by extensions ['colcon_meta']
[4.075s] [34mcolcon.colcon_core.package_identification[0m [1;30mLevel 1[0m _identify(src/demo1) by extension 'colcon_meta'
[4.075s] [34mcolcon.colcon_core.package_identification[0m [1;30mLevel 1[0m _identify(src/demo1) by extensions ['ros']
[4.075s] [34mcolcon.colcon_core.package_identification[0m [1;30mLevel 1[0m _identify(src/demo1) by extension 'ros'
[4.075s] [34mcolcon.colcon_core.package_identification[0m [1;30mLevel 1[0m _identify(src/demo1) by extensions ['cmake', 'python']
[4.076s] [34mcolcon.colcon_core.package_identification[0m [1;30mLevel 1[0m _identify(src/demo1) by extension 'cmake'
[4.076s] [34mcolcon.colcon_core.package_identification[0m [1;30mLevel 1[0m _identify(src/demo1) by extension 'python'
[4.076s] [34mcolcon.colcon_core.package_identification[0m [1;30mLevel 1[0m _identify(src/demo1) by extensions ['python_setup_py']
[4.076s] [34mcolcon.colcon_core.package_identification[0m [1;30mLevel 1[0m _identify(src/demo1) by extension 'python_setup_py'
[4.076s] [34mcolcon.colcon_core.package_identification[0m [1;30mLevel 1[0m _identify(src/demo1/follow_traj) by extensions ['ignore', 'ignore_ament_install']
[4.076s] [34mcolcon.colcon_core.package_identification[0m [1;30mLevel 1[0m _identify(src/demo1/follow_traj) by extension 'ignore'
[4.076s] [34mcolcon.colcon_core.package_identification[0m [1;30mLevel 1[0m _identify(src/demo1/follow_traj) by extension 'ignore_ament_install'
[4.076s] [34mcolcon.colcon_core.package_identification[0m [1;30mLevel 1[0m _identify(src/demo1/follow_traj) by extensions ['colcon_pkg']
[4.076s] [34mcolcon.colcon_core.package_identification[0m [1;30mLevel 1[0m _identify(src/demo1/follow_traj) by extension 'colcon_pkg'
[4.076s] [34mcolcon.colcon_core.package_identification[0m [1;30mLevel 1[0m _identify(src/demo1/follow_traj) by extensions ['colcon_meta']
[4.076s] [34mcolcon.colcon_core.package_identification[0m [1;30mLevel 1[0m _identify(src/demo1/follow_traj) by extension 'colcon_meta'
[4.076s] [34mcolcon.colcon_core.package_identification[0m [1;30mLevel 1[0m _identify(src/demo1/follow_traj) by extensions ['ros']
[4.077s] [34mcolcon.colcon_core.package_identification[0m [1;30mLevel 1[0m _identify(src/demo1/follow_traj) by extension 'ros'
[4.081s] [34mcolcon.colcon_core.package_identification[0m [1;30mDEBUG[0m [32mPackage 'src/demo1/follow_traj' with type 'ros.ament_python' and name 'follow_traj'[0m
[4.081s] [34mcolcon.colcon_core.package_identification[0m [1;30mLevel 1[0m _identify(src/demo1/follow_traj_re) by extensions ['ignore', 'ignore_ament_install']
[4.081s] [34mcolcon.colcon_core.package_identification[0m [1;30mLevel 1[0m _identify(src/demo1/follow_traj_re) by extension 'ignore'
[4.082s] [34mcolcon.colcon_core.package_identification[0m [1;30mLevel 1[0m _identify(src/demo1/follow_traj_re) by extension 'ignore_ament_install'
[4.082s] [34mcolcon.colcon_core.package_identification[0m [1;30mLevel 1[0m _identify(src/demo1/follow_traj_re) by extensions ['colcon_pkg']
[4.082s] [34mcolcon.colcon_core.package_identification[0m [1;30mLevel 1[0m _identify(src/demo1/follow_traj_re) by extension 'colcon_pkg'
[4.082s] [34mcolcon.colcon_core.package_identification[0m [1;30mLevel 1[0m _identify(src/demo1/follow_traj_re) by extensions ['colcon_meta']
[4.082s] [34mcolcon.colcon_core.package_identification[0m [1;30mLevel 1[0m _identify(src/demo1/follow_traj_re) by extension 'colcon_meta'
[4.082s] [34mcolcon.colcon_core.package_identification[0m [1;30mLevel 1[0m _identify(src/demo1/follow_traj_re) by extensions ['ros']
[4.082s] [34mcolcon.colcon_core.package_identification[0m [1;30mLevel 1[0m _identify(src/demo1/follow_traj_re) by extension 'ros'
[4.083s] [34mcolcon.colcon_core.package_identification[0m [1;30mDEBUG[0m [32mPackage 'src/demo1/follow_traj_re' with type 'ros.ament_python' and name 'follow_traj_re'[0m
[4.083s] [34mcolcon.colcon_core.package_identification[0m [1;30mLevel 1[0m _identify(src/demo1/follow_traj_wd) by extensions ['ignore', 'ignore_ament_install']
[4.083s] [34mcolcon.colcon_core.package_identification[0m [1;30mLevel 1[0m _identify(src/demo1/follow_traj_wd) by extension 'ignore'
[4.083s] [34mcolcon.colcon_core.package_identification[0m [1;30mLevel 1[0m _identify(src/demo1/follow_traj_wd) by extension 'ignore_ament_install'
[4.083s] [34mcolcon.colcon_core.package_identification[0m [1;30mLevel 1[0m _identify(src/demo1/follow_traj_wd) by extensions ['colcon_pkg']
[4.083s] [34mcolcon.colcon_core.package_identification[0m [1;30mLevel 1[0m _identify(src/demo1/follow_traj_wd) by extension 'colcon_pkg'
[4.083s] [34mcolcon.colcon_core.package_identification[0m [1;30mLevel 1[0m _identify(src/demo1/follow_traj_wd) by extensions ['colcon_meta']
[4.083s] [34mcolcon.colcon_core.package_identification[0m [1;30mLevel 1[0m _identify(src/demo1/follow_traj_wd) by extension 'colcon_meta'
[4.084s] [34mcolcon.colcon_core.package_identification[0m [1;30mLevel 1[0m _identify(src/demo1/follow_traj_wd) by extensions ['ros']
[4.084s] [34mcolcon.colcon_core.package_identification[0m [1;30mLevel 1[0m _identify(src/demo1/follow_traj_wd) by extension 'ros'
[4.084s] [34mcolcon.colcon_core.package_identification[0m [1;30mDEBUG[0m [32mPackage 'src/demo1/follow_traj_wd' with type 'ros.ament_python' and name 'follow_traj_wd'[0m
[4.084s] [34mcolcon.colcon_core.package_discovery[0m [1;30mLevel 1[0m discover_packages(recursive) using defaults
[4.084s] [34mcolcon.colcon_core.package_discovery[0m [1;30mLevel 1[0m discover_packages(ignore) discover
[4.085s] [34mcolcon.colcon_core.package_discovery[0m [1;30mLevel 1[0m discover_packages(ignore) using defaults
[4.085s] [34mcolcon.colcon_core.package_discovery[0m [1;30mLevel 1[0m discover_packages(path) discover
[4.085s] [34mcolcon.colcon_core.package_discovery[0m [1;30mLevel 1[0m discover_packages(path) using defaults
[4.441s] [34mcolcon.colcon_core.package_discovery[0m [1;30mLevel 1[0m discover_packages(prefix_path) check parameters
[4.442s] [34mcolcon.colcon_core.package_discovery[0m [1;30mLevel 1[0m discover_packages(prefix_path) discover
[4.573s] [34mcolcon.colcon_installed_package_information.package_discovery[0m [1;30mDEBUG[0m [32mFound 3 installed packages in /home/nvidia/vcii/hezi_ros2/install[0m
[4.639s] [34mcolcon.colcon_installed_package_information.package_discovery[0m [1;30mDEBUG[0m [32mFound 260 installed packages in /opt/ros/foxy[0m
[4.641s] [34mcolcon.colcon_core.package_discovery[0m [1;30mLevel 1[0m discover_packages(prefix_path) using defaults
[4.903s] [34mcolcon.colcon_core.verb[0m [1;30mLevel 5[0m set package 'follow_traj' build argument 'cmake_args' from command line to 'None'
[4.903s] [34mcolcon.colcon_core.verb[0m [1;30mLevel 5[0m set package 'follow_traj' build argument 'cmake_target' from command line to 'None'
[4.904s] [34mcolcon.colcon_core.verb[0m [1;30mLevel 5[0m set package 'follow_traj' build argument 'cmake_target_skip_unavailable' from command line to 'False'
[4.904s] [34mcolcon.colcon_core.verb[0m [1;30mLevel 5[0m set package 'follow_traj' build argument 'cmake_clean_cache' from command line to 'False'
[4.904s] [34mcolcon.colcon_core.verb[0m [1;30mLevel 5[0m set package 'follow_traj' build argument 'cmake_clean_first' from command line to 'False'
[4.904s] [34mcolcon.colcon_core.verb[0m [1;30mLevel 5[0m set package 'follow_traj' build argument 'cmake_force_configure' from command line to 'False'
[4.904s] [34mcolcon.colcon_core.verb[0m [1;30mLevel 5[0m set package 'follow_traj' build argument 'ament_cmake_args' from command line to 'None'
[4.904s] [34mcolcon.colcon_core.verb[0m [1;30mLevel 5[0m set package 'follow_traj' build argument 'catkin_cmake_args' from command line to 'None'
[4.904s] [34mcolcon.colcon_core.verb[0m [1;30mLevel 5[0m set package 'follow_traj' build argument 'catkin_skip_building_tests' from command line to 'False'
[4.904s] [34mcolcon.colcon_core.verb[0m [1;30mDEBUG[0m [32mBuilding package 'follow_traj' with the following arguments: {'ament_cmake_args': None, 'build_base': '/home/nvidia/vcii/hezi_ros2/build/follow_traj', 'catkin_cmake_args': None, 'catkin_skip_building_tests': False, 'cmake_args': None, 'cmake_clean_cache': False, 'cmake_clean_first': False, 'cmake_force_configure': False, 'cmake_target': None, 'cmake_target_skip_unavailable': False, 'install_base': '/home/nvidia/vcii/hezi_ros2/install/follow_traj', 'merge_install': False, 'path': '/home/nvidia/vcii/hezi_ros2/src/demo1/follow_traj', 'symlink_install': False, 'test_result_base': None}[0m
[4.969s] [34mcolcon.colcon_core.verb[0m [1;30mLevel 5[0m set package 'follow_traj_re' build argument 'cmake_args' from command line to 'None'
[4.969s] [34mcolcon.colcon_core.verb[0m [1;30mLevel 5[0m set package 'follow_traj_re' build argument 'cmake_target' from command line to 'None'
[4.969s] [34mcolcon.colcon_core.verb[0m [1;30mLevel 5[0m set package 'follow_traj_re' build argument 'cmake_target_skip_unavailable' from command line to 'False'
[4.969s] [34mcolcon.colcon_core.verb[0m [1;30mLevel 5[0m set package 'follow_traj_re' build argument 'cmake_clean_cache' from command line to 'False'
[4.969s] [34mcolcon.colcon_core.verb[0m [1;30mLevel 5[0m set package 'follow_traj_re' build argument 'cmake_clean_first' from command line to 'False'
[4.970s] [34mcolcon.colcon_core.verb[0m [1;30mLevel 5[0m set package 'follow_traj_re' build argument 'cmake_force_configure' from command line to 'False'
[4.970s] [34mcolcon.colcon_core.verb[0m [1;30mLevel 5[0m set package 'follow_traj_re' build argument 'ament_cmake_args' from command line to 'None'
[4.970s] [34mcolcon.colcon_core.verb[0m [1;30mLevel 5[0m set package 'follow_traj_re' build argument 'catkin_cmake_args' from command line to 'None'
[4.970s] [34mcolcon.colcon_core.verb[0m [1;30mLevel 5[0m set package 'follow_traj_re' build argument 'catkin_skip_building_tests' from command line to 'False'
[4.970s] [34mcolcon.colcon_core.verb[0m [1;30mDEBUG[0m [32mBuilding package 'follow_traj_re' with the following arguments: {'ament_cmake_args': None, 'build_base': '/home/nvidia/vcii/hezi_ros2/build/follow_traj_re', 'catkin_cmake_args': None, 'catkin_skip_building_tests': False, 'cmake_args': None, 'cmake_clean_cache': False, 'cmake_clean_first': False, 'cmake_force_configure': False, 'cmake_target': None, 'cmake_target_skip_unavailable': False, 'install_base': '/home/nvidia/vcii/hezi_ros2/install/follow_traj_re', 'merge_install': False, 'path': '/home/nvidia/vcii/hezi_ros2/src/demo1/follow_traj_re', 'symlink_install': False, 'test_result_base': None}[0m
[5.036s] [34mcolcon.colcon_core.verb[0m [1;30mLevel 5[0m set package 'follow_traj_wd' build argument 'cmake_args' from command line to 'None'
[5.036s] [34mcolcon.colcon_core.verb[0m [1;30mLevel 5[0m set package 'follow_traj_wd' build argument 'cmake_target' from command line to 'None'
[5.036s] [34mcolcon.colcon_core.verb[0m [1;30mLevel 5[0m set package 'follow_traj_wd' build argument 'cmake_target_skip_unavailable' from command line to 'False'
[5.036s] [34mcolcon.colcon_core.verb[0m [1;30mLevel 5[0m set package 'follow_traj_wd' build argument 'cmake_clean_cache' from command line to 'False'
[5.036s] [34mcolcon.colcon_core.verb[0m [1;30mLevel 5[0m set package 'follow_traj_wd' build argument 'cmake_clean_first' from command line to 'False'
[5.036s] [34mcolcon.colcon_core.verb[0m [1;30mLevel 5[0m set package 'follow_traj_wd' build argument 'cmake_force_configure' from command line to 'False'
[5.036s] [34mcolcon.colcon_core.verb[0m [1;30mLevel 5[0m set package 'follow_traj_wd' build argument 'ament_cmake_args' from command line to 'None'
[5.036s] [34mcolcon.colcon_core.verb[0m [1;30mLevel 5[0m set package 'follow_traj_wd' build argument 'catkin_cmake_args' from command line to 'None'
[5.036s] [34mcolcon.colcon_core.verb[0m [1;30mLevel 5[0m set package 'follow_traj_wd' build argument 'catkin_skip_building_tests' from command line to 'False'
[5.036s] [34mcolcon.colcon_core.verb[0m [1;30mDEBUG[0m [32mBuilding package 'follow_traj_wd' with the following arguments: {'ament_cmake_args': None, 'build_base': '/home/nvidia/vcii/hezi_ros2/build/follow_traj_wd', 'catkin_cmake_args': None, 'catkin_skip_building_tests': False, 'cmake_args': None, 'cmake_clean_cache': False, 'cmake_clean_first': False, 'cmake_force_configure': False, 'cmake_target': None, 'cmake_target_skip_unavailable': False, 'install_base': '/home/nvidia/vcii/hezi_ros2/install/follow_traj_wd', 'merge_install': False, 'path': '/home/nvidia/vcii/hezi_ros2/src/demo1/follow_traj_wd', 'symlink_install': False, 'test_result_base': None}[0m
[5.100s] [34mcolcon.colcon_core.executor[0m [1;30mINFO[0m Executing jobs using 'parallel' executor
[5.167s] [34mcolcon.colcon_parallel_executor.executor.parallel[0m [1;30mDEBUG[0m [32mrun_until_complete[0m
[5.168s] [34mcolcon.colcon_ros.task.ament_python.build[0m [1;30mINFO[0m Building ROS package in '/home/nvidia/vcii/hezi_ros2/src/demo1/follow_traj' with build type 'ament_python'
[5.169s] [34mcolcon.colcon_core.shell[0m [1;30mLevel 1[0m create_environment_hook('follow_traj', 'ament_prefix_path')
[5.239s] [34mcolcon.colcon_core.plugin_system[0m [1;30mINFO[0m Skipping extension 'colcon_core.shell.bat': Not used on non-Windows systems
[5.240s] [34mcolcon.colcon_core.shell[0m [1;30mINFO[0m Creating environment hook '/home/nvidia/vcii/hezi_ros2/install/follow_traj/share/follow_traj/hook/ament_prefix_path.ps1'
[5.241s] [34mcolcon.colcon_core.shell[0m [1;30mINFO[0m Creating environment descriptor '/home/nvidia/vcii/hezi_ros2/install/follow_traj/share/follow_traj/hook/ament_prefix_path.dsv'
[5.242s] [34mcolcon.colcon_core.shell[0m [1;30mINFO[0m Creating environment hook '/home/nvidia/vcii/hezi_ros2/install/follow_traj/share/follow_traj/hook/ament_prefix_path.sh'
[5.312s] [34mcolcon.colcon_core.shell[0m [1;30mINFO[0m Skip shell extension 'powershell' for command environment: Not usable outside of PowerShell
[5.312s] [34mcolcon.colcon_core.shell[0m [1;30mDEBUG[0m [32mSkip shell extension 'dsv' for command environment[0m
[5.522s] [34mcolcon.colcon_ros.task.ament_python.build[0m [1;30mINFO[0m Building ROS package in '/home/nvidia/vcii/hezi_ros2/src/demo1/follow_traj_re' with build type 'ament_python'
[5.523s] [34mcolcon.colcon_core.shell[0m [1;30mLevel 1[0m create_environment_hook('follow_traj_re', 'ament_prefix_path')
[5.593s] [34mcolcon.colcon_core.shell[0m [1;30mINFO[0m Creating environment hook '/home/nvidia/vcii/hezi_ros2/install/follow_traj_re/share/follow_traj_re/hook/ament_prefix_path.ps1'
[5.595s] [34mcolcon.colcon_core.shell[0m [1;30mINFO[0m Creating environment descriptor '/home/nvidia/vcii/hezi_ros2/install/follow_traj_re/share/follow_traj_re/hook/ament_prefix_path.dsv'
[5.596s] [34mcolcon.colcon_core.shell[0m [1;30mINFO[0m Creating environment hook '/home/nvidia/vcii/hezi_ros2/install/follow_traj_re/share/follow_traj_re/hook/ament_prefix_path.sh'
[5.663s] [34mcolcon.colcon_core.shell[0m [1;30mINFO[0m Skip shell extension 'powershell' for command environment: Not usable outside of PowerShell
[5.663s] [34mcolcon.colcon_core.shell[0m [1;30mDEBUG[0m [32mSkip shell extension 'dsv' for command environment[0m
[5.872s] [34mcolcon.colcon_ros.task.ament_python.build[0m [1;30mINFO[0m Building ROS package in '/home/nvidia/vcii/hezi_ros2/src/demo1/follow_traj_wd' with build type 'ament_python'
[5.873s] [34mcolcon.colcon_core.shell[0m [1;30mLevel 1[0m create_environment_hook('follow_traj_wd', 'ament_prefix_path')
[5.941s] [34mcolcon.colcon_core.shell[0m [1;30mINFO[0m Creating environment hook '/home/nvidia/vcii/hezi_ros2/install/follow_traj_wd/share/follow_traj_wd/hook/ament_prefix_path.ps1'
[5.942s] [34mcolcon.colcon_core.shell[0m [1;30mINFO[0m Creating environment descriptor '/home/nvidia/vcii/hezi_ros2/install/follow_traj_wd/share/follow_traj_wd/hook/ament_prefix_path.dsv'
[5.943s] [34mcolcon.colcon_core.shell[0m [1;30mINFO[0m Creating environment hook '/home/nvidia/vcii/hezi_ros2/install/follow_traj_wd/share/follow_traj_wd/hook/ament_prefix_path.sh'
[6.010s] [34mcolcon.colcon_core.shell[0m [1;30mINFO[0m Skip shell extension 'powershell' for command environment: Not usable outside of PowerShell
[6.010s] [34mcolcon.colcon_core.shell[0m [1;30mDEBUG[0m [32mSkip shell extension 'dsv' for command environment[0m
[6.716s] [34mcolcon.colcon_core.task.python.build[0m [1;30mINFO[0m Building Python package in '/home/nvidia/vcii/hezi_ros2/src/demo1/follow_traj'
[6.783s] [34mcolcon.colcon_core.shell[0m [1;30mINFO[0m Skip shell extension 'powershell' for command environment: Not usable outside of PowerShell
[6.784s] [34mcolcon.colcon_core.shell[0m [1;30mDEBUG[0m [32mSkip shell extension 'dsv' for command environment[0m
[7.382s] [34mcolcon.colcon_core.task.python.build[0m [1;30mINFO[0m Building Python package in '/home/nvidia/vcii/hezi_ros2/src/demo1/follow_traj_re'
[7.453s] [34mcolcon.colcon_core.shell[0m [1;30mINFO[0m Skip shell extension 'powershell' for command environment: Not usable outside of PowerShell
[7.454s] [34mcolcon.colcon_core.shell[0m [1;30mDEBUG[0m [32mSkip shell extension 'dsv' for command environment[0m
[8.095s] [34mcolcon.colcon_core.task.python.build[0m [1;30mINFO[0m Building Python package in '/home/nvidia/vcii/hezi_ros2/src/demo1/follow_traj_wd'
[8.171s] [34mcolcon.colcon_core.shell[0m [1;30mINFO[0m Skip shell extension 'powershell' for command environment: Not usable outside of PowerShell
[8.171s] [34mcolcon.colcon_core.shell[0m [1;30mDEBUG[0m [32mSkip shell extension 'dsv' for command environment[0m
[9.100s] [34mcolcon.colcon_core.event_handler.log_command[0m [1;30mDEBUG[0m [32mInvoking command in '/home/nvidia/vcii/hezi_ros2/src/demo1/follow_traj': PYTHONPATH=/home/nvidia/vcii/hezi_ros2/build/follow_traj/prefix_override:/home/nvidia/vcii/hezi_ros2/install/follow_traj/lib/python3.8/site-packages:${PYTHONPATH} /usr/bin/python3 setup.py egg_info --egg-base ../../../build/follow_traj build --build-base /home/nvidia/vcii/hezi_ros2/build/follow_traj/build install --record /home/nvidia/vcii/hezi_ros2/build/follow_traj/install.log --single-version-externally-managed[0m
[9.109s] [34mcolcon.colcon_core.event_handler.log_command[0m [1;30mDEBUG[0m [32mInvoking command in '/home/nvidia/vcii/hezi_ros2/src/demo1/follow_traj_re': PYTHONPATH=/home/nvidia/vcii/hezi_ros2/build/follow_traj_re/prefix_override:/home/nvidia/vcii/hezi_ros2/install/follow_traj_re/lib/python3.8/site-packages:${PYTHONPATH} /usr/bin/python3 setup.py egg_info --egg-base ../../../build/follow_traj_re build --build-base /home/nvidia/vcii/hezi_ros2/build/follow_traj_re/build install --record /home/nvidia/vcii/hezi_ros2/build/follow_traj_re/install.log --single-version-externally-managed[0m
[9.120s] [34mcolcon.colcon_core.event_handler.log_command[0m [1;30mDEBUG[0m [32mInvoking command in '/home/nvidia/vcii/hezi_ros2/src/demo1/follow_traj_wd': PYTHONPATH=/home/nvidia/vcii/hezi_ros2/build/follow_traj_wd/prefix_override:/home/nvidia/vcii/hezi_ros2/install/follow_traj_wd/lib/python3.8/site-packages:${PYTHONPATH} /usr/bin/python3 setup.py egg_info --egg-base ../../../build/follow_traj_wd build --build-base /home/nvidia/vcii/hezi_ros2/build/follow_traj_wd/build install --record /home/nvidia/vcii/hezi_ros2/build/follow_traj_wd/install.log --single-version-externally-managed[0m
[9.590s] [34mcolcon.colcon_core.event_handler.log_command[0m [1;30mDEBUG[0m [32mInvoked command in '/home/nvidia/vcii/hezi_ros2/src/demo1/follow_traj' returned '0': PYTHONPATH=/home/nvidia/vcii/hezi_ros2/build/follow_traj/prefix_override:/home/nvidia/vcii/hezi_ros2/install/follow_traj/lib/python3.8/site-packages:${PYTHONPATH} /usr/bin/python3 setup.py egg_info --egg-base ../../../build/follow_traj build --build-base /home/nvidia/vcii/hezi_ros2/build/follow_traj/build install --record /home/nvidia/vcii/hezi_ros2/build/follow_traj/install.log --single-version-externally-managed[0m
[9.665s] [34mcolcon.colcon_core.environment[0m [1;30mLevel 1[0m checking '/home/nvidia/vcii/hezi_ros2/install/follow_traj' for CMake module files
[9.666s] [34mcolcon.colcon_core.environment[0m [1;30mLevel 1[0m checking '/home/nvidia/vcii/hezi_ros2/install/follow_traj' for CMake config files
[9.667s] [34mcolcon.colcon_core.environment[0m [1;30mLevel 1[0m checking '/home/nvidia/vcii/hezi_ros2/install/follow_traj/lib'
[9.668s] [34mcolcon.colcon_core.environment[0m [1;30mLevel 1[0m checking '/home/nvidia/vcii/hezi_ros2/install/follow_traj/bin'
[9.668s] [34mcolcon.colcon_core.shell[0m [1;30mLevel 1[0m create_environment_hook('follow_traj', 'path')
[9.735s] [34mcolcon.colcon_core.shell[0m [1;30mINFO[0m Creating environment hook '/home/nvidia/vcii/hezi_ros2/install/follow_traj/share/follow_traj/hook/path.ps1'
[9.736s] [34mcolcon.colcon_core.shell[0m [1;30mINFO[0m Creating environment descriptor '/home/nvidia/vcii/hezi_ros2/install/follow_traj/share/follow_traj/hook/path.dsv'
[9.737s] [34mcolcon.colcon_core.shell[0m [1;30mINFO[0m Creating environment hook '/home/nvidia/vcii/hezi_ros2/install/follow_traj/share/follow_traj/hook/path.sh'
[9.737s] [34mcolcon.colcon_core.environment[0m [1;30mLevel 1[0m checking '/home/nvidia/vcii/hezi_ros2/install/follow_traj/lib/pkgconfig/follow_traj.pc'
[9.738s] [34mcolcon.colcon_core.environment[0m [1;30mLevel 1[0m checking '/home/nvidia/vcii/hezi_ros2/install/follow_traj/lib/python3.8/site-packages'
[9.738s] [34mcolcon.colcon_core.shell[0m [1;30mLevel 1[0m create_environment_hook('follow_traj', 'pythonpath')
[9.804s] [34mcolcon.colcon_core.shell[0m [1;30mINFO[0m Creating environment hook '/home/nvidia/vcii/hezi_ros2/install/follow_traj/share/follow_traj/hook/pythonpath.ps1'
[9.805s] [34mcolcon.colcon_core.shell[0m [1;30mINFO[0m Creating environment descriptor '/home/nvidia/vcii/hezi_ros2/install/follow_traj/share/follow_traj/hook/pythonpath.dsv'
[9.806s] [34mcolcon.colcon_core.shell[0m [1;30mINFO[0m Creating environment hook '/home/nvidia/vcii/hezi_ros2/install/follow_traj/share/follow_traj/hook/pythonpath.sh'
[9.807s] [34mcolcon.colcon_core.environment[0m [1;30mLevel 1[0m checking '/home/nvidia/vcii/hezi_ros2/install/follow_traj/bin'
[9.807s] [34mcolcon.colcon_core.shell[0m [1;30mLevel 1[0m create_environment_hook('follow_traj', 'pythonscriptspath')
[9.874s] [34mcolcon.colcon_core.shell[0m [1;30mINFO[0m Creating environment hook '/home/nvidia/vcii/hezi_ros2/install/follow_traj/share/follow_traj/hook/pythonscriptspath.ps1'
[9.875s] [34mcolcon.colcon_core.shell[0m [1;30mINFO[0m Creating environment descriptor '/home/nvidia/vcii/hezi_ros2/install/follow_traj/share/follow_traj/hook/pythonscriptspath.dsv'
[9.876s] [34mcolcon.colcon_core.shell[0m [1;30mINFO[0m Creating environment hook '/home/nvidia/vcii/hezi_ros2/install/follow_traj/share/follow_traj/hook/pythonscriptspath.sh'
[9.876s] [34mcolcon.colcon_core.environment[0m [1;30mLevel 1[0m create_environment_scripts_only(follow_traj)
[9.943s] [34mcolcon.colcon_core.shell[0m [1;30mINFO[0m Creating package script '/home/nvidia/vcii/hezi_ros2/install/follow_traj/share/follow_traj/package.ps1'
[9.945s] [34mcolcon.colcon_core.shell[0m [1;30mINFO[0m Creating package descriptor '/home/nvidia/vcii/hezi_ros2/install/follow_traj/share/follow_traj/package.dsv'
[9.946s] [34mcolcon.colcon_core.shell[0m [1;30mINFO[0m Creating package script '/home/nvidia/vcii/hezi_ros2/install/follow_traj/share/follow_traj/package.sh'
[9.947s] [34mcolcon.colcon_core.shell[0m [1;30mINFO[0m Creating package script '/home/nvidia/vcii/hezi_ros2/install/follow_traj/share/follow_traj/package.bash'
[9.948s] [34mcolcon.colcon_core.shell[0m [1;30mINFO[0m Creating package script '/home/nvidia/vcii/hezi_ros2/install/follow_traj/share/follow_traj/package.zsh'
[9.949s] [34mcolcon.colcon_core.environment[0m [1;30mLevel 1[0m create_file_with_runtime_dependencies(/home/nvidia/vcii/hezi_ros2/install/follow_traj/share/colcon-core/packages/follow_traj)
[9.954s] [34mcolcon.colcon_core.event_handler.log_command[0m [1;30mDEBUG[0m [32mInvoked command in '/home/nvidia/vcii/hezi_ros2/src/demo1/follow_traj_re' returned '0': PYTHONPATH=/home/nvidia/vcii/hezi_ros2/build/follow_traj_re/prefix_override:/home/nvidia/vcii/hezi_ros2/install/follow_traj_re/lib/python3.8/site-packages:${PYTHONPATH} /usr/bin/python3 setup.py egg_info --egg-base ../../../build/follow_traj_re build --build-base /home/nvidia/vcii/hezi_ros2/build/follow_traj_re/build install --record /home/nvidia/vcii/hezi_ros2/build/follow_traj_re/install.log --single-version-externally-managed[0m
[10.052s] [34mcolcon.colcon_core.environment[0m [1;30mLevel 1[0m checking '/home/nvidia/vcii/hezi_ros2/install/follow_traj_re' for CMake module files
[10.053s] [34mcolcon.colcon_core.environment[0m [1;30mLevel 1[0m checking '/home/nvidia/vcii/hezi_ros2/install/follow_traj_re' for CMake config files
[10.054s] [34mcolcon.colcon_core.environment[0m [1;30mLevel 1[0m checking '/home/nvidia/vcii/hezi_ros2/install/follow_traj_re/lib'
[10.054s] [34mcolcon.colcon_core.environment[0m [1;30mLevel 1[0m checking '/home/nvidia/vcii/hezi_ros2/install/follow_traj_re/bin'
[10.054s] [34mcolcon.colcon_core.environment[0m [1;30mLevel 1[0m checking '/home/nvidia/vcii/hezi_ros2/install/follow_traj_re/lib/pkgconfig/follow_traj_re.pc'
[10.055s] [34mcolcon.colcon_core.environment[0m [1;30mLevel 1[0m checking '/home/nvidia/vcii/hezi_ros2/install/follow_traj_re/lib/python3.8/site-packages'
[10.055s] [34mcolcon.colcon_core.shell[0m [1;30mLevel 1[0m create_environment_hook('follow_traj_re', 'pythonpath')
[10.122s] [34mcolcon.colcon_core.shell[0m [1;30mINFO[0m Creating environment hook '/home/nvidia/vcii/hezi_ros2/install/follow_traj_re/share/follow_traj_re/hook/pythonpath.ps1'
[10.123s] [34mcolcon.colcon_core.shell[0m [1;30mINFO[0m Creating environment descriptor '/home/nvidia/vcii/hezi_ros2/install/follow_traj_re/share/follow_traj_re/hook/pythonpath.dsv'
[10.124s] [34mcolcon.colcon_core.shell[0m [1;30mINFO[0m Creating environment hook '/home/nvidia/vcii/hezi_ros2/install/follow_traj_re/share/follow_traj_re/hook/pythonpath.sh'
[10.125s] [34mcolcon.colcon_core.environment[0m [1;30mLevel 1[0m checking '/home/nvidia/vcii/hezi_ros2/install/follow_traj_re/bin'
[10.125s] [34mcolcon.colcon_core.environment[0m [1;30mLevel 1[0m create_environment_scripts_only(follow_traj_re)
[10.192s] [34mcolcon.colcon_core.shell[0m [1;30mINFO[0m Creating package script '/home/nvidia/vcii/hezi_ros2/install/follow_traj_re/share/follow_traj_re/package.ps1'
[10.194s] [34mcolcon.colcon_core.shell[0m [1;30mINFO[0m Creating package descriptor '/home/nvidia/vcii/hezi_ros2/install/follow_traj_re/share/follow_traj_re/package.dsv'
[10.195s] [34mcolcon.colcon_core.shell[0m [1;30mINFO[0m Creating package script '/home/nvidia/vcii/hezi_ros2/install/follow_traj_re/share/follow_traj_re/package.sh'
[10.195s] [34mcolcon.colcon_core.shell[0m [1;30mINFO[0m Creating package script '/home/nvidia/vcii/hezi_ros2/install/follow_traj_re/share/follow_traj_re/package.bash'
[10.196s] [34mcolcon.colcon_core.shell[0m [1;30mINFO[0m Creating package script '/home/nvidia/vcii/hezi_ros2/install/follow_traj_re/share/follow_traj_re/package.zsh'
[10.196s] [34mcolcon.colcon_core.environment[0m [1;30mLevel 1[0m create_file_with_runtime_dependencies(/home/nvidia/vcii/hezi_ros2/install/follow_traj_re/share/colcon-core/packages/follow_traj_re)
[10.199s] [34mcolcon.colcon_core.event_handler.log_command[0m [1;30mDEBUG[0m [32mInvoked command in '/home/nvidia/vcii/hezi_ros2/src/demo1/follow_traj_wd' returned '0': PYTHONPATH=/home/nvidia/vcii/hezi_ros2/build/follow_traj_wd/prefix_override:/home/nvidia/vcii/hezi_ros2/install/follow_traj_wd/lib/python3.8/site-packages:${PYTHONPATH} /usr/bin/python3 setup.py egg_info --egg-base ../../../build/follow_traj_wd build --build-base /home/nvidia/vcii/hezi_ros2/build/follow_traj_wd/build install --record /home/nvidia/vcii/hezi_ros2/build/follow_traj_wd/install.log --single-version-externally-managed[0m
[10.264s] [34mcolcon.colcon_core.environment[0m [1;30mLevel 1[0m checking '/home/nvidia/vcii/hezi_ros2/install/follow_traj_wd' for CMake module files
[10.265s] [34mcolcon.colcon_core.environment[0m [1;30mLevel 1[0m checking '/home/nvidia/vcii/hezi_ros2/install/follow_traj_wd' for CMake config files
[10.266s] [34mcolcon.colcon_core.environment[0m [1;30mLevel 1[0m checking '/home/nvidia/vcii/hezi_ros2/install/follow_traj_wd/lib'
[10.267s] [34mcolcon.colcon_core.environment[0m [1;30mLevel 1[0m checking '/home/nvidia/vcii/hezi_ros2/install/follow_traj_wd/bin'
[10.267s] [34mcolcon.colcon_core.environment[0m [1;30mLevel 1[0m checking '/home/nvidia/vcii/hezi_ros2/install/follow_traj_wd/lib/pkgconfig/follow_traj_wd.pc'
[10.267s] [34mcolcon.colcon_core.environment[0m [1;30mLevel 1[0m checking '/home/nvidia/vcii/hezi_ros2/install/follow_traj_wd/lib/python3.8/site-packages'
[10.267s] [34mcolcon.colcon_core.shell[0m [1;30mLevel 1[0m create_environment_hook('follow_traj_wd', 'pythonpath')
[10.333s] [34mcolcon.colcon_core.shell[0m [1;30mINFO[0m Creating environment hook '/home/nvidia/vcii/hezi_ros2/install/follow_traj_wd/share/follow_traj_wd/hook/pythonpath.ps1'
[10.334s] [34mcolcon.colcon_core.shell[0m [1;30mINFO[0m Creating environment descriptor '/home/nvidia/vcii/hezi_ros2/install/follow_traj_wd/share/follow_traj_wd/hook/pythonpath.dsv'
[10.334s] [34mcolcon.colcon_core.shell[0m [1;30mINFO[0m Creating environment hook '/home/nvidia/vcii/hezi_ros2/install/follow_traj_wd/share/follow_traj_wd/hook/pythonpath.sh'
[10.335s] [34mcolcon.colcon_core.environment[0m [1;30mLevel 1[0m checking '/home/nvidia/vcii/hezi_ros2/install/follow_traj_wd/bin'
[10.335s] [34mcolcon.colcon_core.environment[0m [1;30mLevel 1[0m create_environment_scripts_only(follow_traj_wd)
[10.402s] [34mcolcon.colcon_core.shell[0m [1;30mINFO[0m Creating package script '/home/nvidia/vcii/hezi_ros2/install/follow_traj_wd/share/follow_traj_wd/package.ps1'
[10.403s] [34mcolcon.colcon_core.shell[0m [1;30mINFO[0m Creating package descriptor '/home/nvidia/vcii/hezi_ros2/install/follow_traj_wd/share/follow_traj_wd/package.dsv'
[10.404s] [34mcolcon.colcon_core.shell[0m [1;30mINFO[0m Creating package script '/home/nvidia/vcii/hezi_ros2/install/follow_traj_wd/share/follow_traj_wd/package.sh'
[10.404s] [34mcolcon.colcon_core.shell[0m [1;30mINFO[0m Creating package script '/home/nvidia/vcii/hezi_ros2/install/follow_traj_wd/share/follow_traj_wd/package.bash'
[10.405s] [34mcolcon.colcon_core.shell[0m [1;30mINFO[0m Creating package script '/home/nvidia/vcii/hezi_ros2/install/follow_traj_wd/share/follow_traj_wd/package.zsh'
[10.405s] [34mcolcon.colcon_core.environment[0m [1;30mLevel 1[0m create_file_with_runtime_dependencies(/home/nvidia/vcii/hezi_ros2/install/follow_traj_wd/share/colcon-core/packages/follow_traj_wd)
[10.406s] [34mcolcon.colcon_parallel_executor.executor.parallel[0m [1;30mDEBUG[0m [32mclosing loop[0m
[10.407s] [34mcolcon.colcon_parallel_executor.executor.parallel[0m [1;30mDEBUG[0m [32mloop closed[0m
[10.407s] [34mcolcon.colcon_parallel_executor.executor.parallel[0m [1;30mDEBUG[0m [32mrun_until_complete finished with '0'[0m
[10.407s] [34mcolcon.colcon_core.event_reactor[0m [1;30mDEBUG[0m [32mjoining thread[0m
[10.481s] [34mcolcon.colcon_core.plugin_system[0m [1;30mINFO[0m Skipping extension 'colcon_notification.desktop_notification.terminal_notifier': Not used on non-Darwin systems
[10.481s] [34mcolcon.colcon_core.plugin_system[0m [1;30mINFO[0m Skipping extension 'colcon_notification.desktop_notification.win32': Not used on non-Windows systems
[10.481s] [34mcolcon.colcon_notification.desktop_notification[0m [1;30mINFO[0m Sending desktop notification using 'notify2'
[10.504s] [34mcolcon.colcon_core.event_reactor[0m [1;30mDEBUG[0m [32mjoined thread[0m
[10.570s] [34mcolcon.colcon_core.shell[0m [1;30mINFO[0m Creating prefix script '/home/nvidia/vcii/hezi_ros2/install/local_setup.ps1'
[10.571s] [34mcolcon.colcon_core.shell[0m [1;30mINFO[0m Creating prefix util module '/home/nvidia/vcii/hezi_ros2/install/_local_setup_util_ps1.py'
[10.573s] [34mcolcon.colcon_core.shell[0m [1;30mINFO[0m Creating prefix chain script '/home/nvidia/vcii/hezi_ros2/install/setup.ps1'
[10.639s] [34mcolcon.colcon_core.shell[0m [1;30mINFO[0m Creating prefix script '/home/nvidia/vcii/hezi_ros2/install/local_setup.sh'
[10.640s] [34mcolcon.colcon_core.shell[0m [1;30mINFO[0m Creating prefix util module '/home/nvidia/vcii/hezi_ros2/install/_local_setup_util_sh.py'
[10.641s] [34mcolcon.colcon_core.shell[0m [1;30mINFO[0m Creating prefix chain script '/home/nvidia/vcii/hezi_ros2/install/setup.sh'
[10.707s] [34mcolcon.colcon_core.shell[0m [1;30mINFO[0m Creating prefix script '/home/nvidia/vcii/hezi_ros2/install/local_setup.bash'
[10.708s] [34mcolcon.colcon_core.shell[0m [1;30mINFO[0m Creating prefix chain script '/home/nvidia/vcii/hezi_ros2/install/setup.bash'
[10.774s] [34mcolcon.colcon_core.shell[0m [1;30mINFO[0m Creating prefix script '/home/nvidia/vcii/hezi_ros2/install/local_setup.zsh'
[10.775s] [34mcolcon.colcon_core.shell[0m [1;30mINFO[0m Creating prefix chain script '/home/nvidia/vcii/hezi_ros2/install/setup.zsh'
