[3.857s] [34mcolcon[0m [1;30mDEBUG[0m [32mCommand line arguments: ['/usr/bin/colcon', 'build'][0m
[3.857s] [34mcolcon[0m [1;30mDEBUG[0m [32mParsed command line arguments: Namespace(allow_overriding=[], ament_cmake_args=None, base_paths=['.'], build_base='build', catkin_cmake_args=None, catkin_skip_building_tests=False, cmake_args=None, cmake_clean_cache=False, cmake_clean_first=False, cmake_force_configure=False, cmake_target=None, cmake_target_skip_unavailable=False, continue_on_error=False, event_handlers=None, executor='parallel', ignore_user_meta=False, install_base='install', log_base=None, log_level=None, main=<bound method BuildVerb.main of <colcon_core.verb.build.BuildVerb object at 0xffffad9af190>>, merge_install=False, metas=['./colcon.meta'], packages_above=None, packages_above_and_dependencies=None, packages_above_depth=None, packages_end=None, packages_ignore=None, packages_ignore_regex=None, packages_select=None, packages_select_build_failed=False, packages_select_by_dep=None, packages_select_regex=None, packages_select_test_failures=False, packages_skip=None, packages_skip_build_finished=False, packages_skip_by_dep=None, packages_skip_regex=None, packages_skip_test_passed=False, packages_skip_up_to=None, packages_start=None, packages_up_to=None, packages_up_to_regex=None, parallel_workers=12, paths=None, symlink_install=False, test_result_base=None, verb_extension=<colcon_core.verb.build.BuildVerb object at 0xffffad9af190>, verb_name='build', verb_parser=<colcon_defaults.argument_parser.defaults.DefaultArgumentsDecorator object at 0xffffad909250>)[0m
[4.032s] [34mcolcon.colcon_core.package_discovery[0m [1;30mLevel 1[0m discover_packages(colcon_meta) check parameters
[4.033s] [34mcolcon.colcon_core.package_discovery[0m [1;30mLevel 1[0m discover_packages(recursive) check parameters
[4.033s] [34mcolcon.colcon_core.package_discovery[0m [1;30mLevel 1[0m discover_packages(ignore) check parameters
[4.033s] [34mcolcon.colcon_core.package_discovery[0m [1;30mLevel 1[0m discover_packages(path) check parameters
[4.033s] [34mcolcon.colcon_core.package_discovery[0m [1;30mLevel 1[0m discover_packages(colcon_meta) discover
[4.033s] [34mcolcon.colcon_core.package_discovery[0m [1;30mLevel 1[0m discover_packages(recursive) discover
[4.033s] [34mcolcon.colcon_core.package_discovery[0m [1;30mINFO[0m Crawling recursively for packages in '/home/nvidia/vcii/hezi_ros2'
[4.033s] [34mcolcon.colcon_core.package_identification[0m [1;30mLevel 1[0m _identify(.) by extensions ['ignore', 'ignore_ament_install']
[4.034s] [34mcolcon.colcon_core.package_identification[0m [1;30mLevel 1[0m _identify(.) by extension 'ignore'
[4.034s] [34mcolcon.colcon_core.package_identification[0m [1;30mLevel 1[0m _identify(.) by extension 'ignore_ament_install'
[4.034s] [34mcolcon.colcon_core.package_identification[0m [1;30mLevel 1[0m _identify(.) by extensions ['colcon_pkg']
[4.034s] [34mcolcon.colcon_core.package_identification[0m [1;30mLevel 1[0m _identify(.) by extension 'colcon_pkg'
[4.034s] [34mcolcon.colcon_core.package_identification[0m [1;30mLevel 1[0m _identify(.) by extensions ['colcon_meta']
[4.034s] [34mcolcon.colcon_core.package_identification[0m [1;30mLevel 1[0m _identify(.) by extension 'colcon_meta'
[4.034s] [34mcolcon.colcon_core.package_identification[0m [1;30mLevel 1[0m _identify(.) by extensions ['ros']
[4.034s] [34mcolcon.colcon_core.package_identification[0m [1;30mLevel 1[0m _identify(.) by extension 'ros'
[4.050s] [34mcolcon.colcon_core.package_identification[0m [1;30mLevel 1[0m _identify(.) by extensions ['cmake', 'python']
[4.050s] [34mcolcon.colcon_core.package_identification[0m [1;30mLevel 1[0m _identify(.) by extension 'cmake'
[4.050s] [34mcolcon.colcon_core.package_identification[0m [1;30mLevel 1[0m _identify(.) by extension 'python'
[4.051s] [34mcolcon.colcon_core.package_identification[0m [1;30mLevel 1[0m _identify(.) by extensions ['python_setup_py']
[4.051s] [34mcolcon.colcon_core.package_identification[0m [1;30mLevel 1[0m _identify(.) by extension 'python_setup_py'
[4.051s] [34mcolcon.colcon_core.package_identification[0m [1;30mLevel 1[0m _identify(build) by extensions ['ignore', 'ignore_ament_install']
[4.051s] [34mcolcon.colcon_core.package_identification[0m [1;30mLevel 1[0m _identify(build) by extension 'ignore'
[4.051s] [34mcolcon.colcon_core.package_identification[0m [1;30mLevel 1[0m _identify(build) ignored
[4.051s] [34mcolcon.colcon_core.package_identification[0m [1;30mLevel 1[0m _identify(install) by extensions ['ignore', 'ignore_ament_install']
[4.051s] [34mcolcon.colcon_core.package_identification[0m [1;30mLevel 1[0m _identify(install) by extension 'ignore'
[4.052s] [34mcolcon.colcon_core.package_identification[0m [1;30mLevel 1[0m _identify(install) ignored
[4.052s] [34mcolcon.colcon_core.package_identification[0m [1;30mLevel 1[0m _identify(log) by extensions ['ignore', 'ignore_ament_install']
[4.052s] [34mcolcon.colcon_core.package_identification[0m [1;30mLevel 1[0m _identify(log) by extension 'ignore'
[4.052s] [34mcolcon.colcon_core.package_identification[0m [1;30mLevel 1[0m _identify(log) ignored
[4.052s] [34mcolcon.colcon_core.package_identification[0m [1;30mLevel 1[0m _identify(src) by extensions ['ignore', 'ignore_ament_install']
[4.052s] [34mcolcon.colcon_core.package_identification[0m [1;30mLevel 1[0m _identify(src) by extension 'ignore'
[4.052s] [34mcolcon.colcon_core.package_identification[0m [1;30mLevel 1[0m _identify(src) by extension 'ignore_ament_install'
[4.052s] [34mcolcon.colcon_core.package_identification[0m [1;30mLevel 1[0m _identify(src) by extensions ['colcon_pkg']
[4.052s] [34mcolcon.colcon_core.package_identification[0m [1;30mLevel 1[0m _identify(src) by extension 'colcon_pkg'
[4.053s] [34mcolcon.colcon_core.package_identification[0m [1;30mLevel 1[0m _identify(src) by extensions ['colcon_meta']
[4.053s] [34mcolcon.colcon_core.package_identification[0m [1;30mLevel 1[0m _identify(src) by extension 'colcon_meta'
[4.053s] [34mcolcon.colcon_core.package_identification[0m [1;30mLevel 1[0m _identify(src) by extensions ['ros']
[4.053s] [34mcolcon.colcon_core.package_identification[0m [1;30mLevel 1[0m _identify(src) by extension 'ros'
[4.053s] [34mcolcon.colcon_core.package_identification[0m [1;30mLevel 1[0m _identify(src) by extensions ['cmake', 'python']
[4.053s] [34mcolcon.colcon_core.package_identification[0m [1;30mLevel 1[0m _identify(src) by extension 'cmake'
[4.053s] [34mcolcon.colcon_core.package_identification[0m [1;30mLevel 1[0m _identify(src) by extension 'python'
[4.053s] [34mcolcon.colcon_core.package_identification[0m [1;30mLevel 1[0m _identify(src) by extensions ['python_setup_py']
[4.053s] [34mcolcon.colcon_core.package_identification[0m [1;30mLevel 1[0m _identify(src) by extension 'python_setup_py'
[4.053s] [34mcolcon.colcon_core.package_identification[0m [1;30mLevel 1[0m _identify(src/demo1) by extensions ['ignore', 'ignore_ament_install']
[4.053s] [34mcolcon.colcon_core.package_identification[0m [1;30mLevel 1[0m _identify(src/demo1) by extension 'ignore'
[4.053s] [34mcolcon.colcon_core.package_identification[0m [1;30mLevel 1[0m _identify(src/demo1) by extension 'ignore_ament_install'
[4.054s] [34mcolcon.colcon_core.package_identification[0m [1;30mLevel 1[0m _identify(src/demo1) by extensions ['colcon_pkg']
[4.054s] [34mcolcon.colcon_core.package_identification[0m [1;30mLevel 1[0m _identify(src/demo1) by extension 'colcon_pkg'
[4.054s] [34mcolcon.colcon_core.package_identification[0m [1;30mLevel 1[0m _identify(src/demo1) by extensions ['colcon_meta']
[4.054s] [34mcolcon.colcon_core.package_identification[0m [1;30mLevel 1[0m _identify(src/demo1) by extension 'colcon_meta'
[4.054s] [34mcolcon.colcon_core.package_identification[0m [1;30mLevel 1[0m _identify(src/demo1) by extensions ['ros']
[4.054s] [34mcolcon.colcon_core.package_identification[0m [1;30mLevel 1[0m _identify(src/demo1) by extension 'ros'
[4.054s] [34mcolcon.colcon_core.package_identification[0m [1;30mLevel 1[0m _identify(src/demo1) by extensions ['cmake', 'python']
[4.054s] [34mcolcon.colcon_core.package_identification[0m [1;30mLevel 1[0m _identify(src/demo1) by extension 'cmake'
[4.054s] [34mcolcon.colcon_core.package_identification[0m [1;30mLevel 1[0m _identify(src/demo1) by extension 'python'
[4.054s] [34mcolcon.colcon_core.package_identification[0m [1;30mLevel 1[0m _identify(src/demo1) by extensions ['python_setup_py']
[4.054s] [34mcolcon.colcon_core.package_identification[0m [1;30mLevel 1[0m _identify(src/demo1) by extension 'python_setup_py'
[4.054s] [34mcolcon.colcon_core.package_identification[0m [1;30mLevel 1[0m _identify(src/demo1/follow_traj) by extensions ['ignore', 'ignore_ament_install']
[4.055s] [34mcolcon.colcon_core.package_identification[0m [1;30mLevel 1[0m _identify(src/demo1/follow_traj) by extension 'ignore'
[4.055s] [34mcolcon.colcon_core.package_identification[0m [1;30mLevel 1[0m _identify(src/demo1/follow_traj) by extension 'ignore_ament_install'
[4.055s] [34mcolcon.colcon_core.package_identification[0m [1;30mLevel 1[0m _identify(src/demo1/follow_traj) by extensions ['colcon_pkg']
[4.055s] [34mcolcon.colcon_core.package_identification[0m [1;30mLevel 1[0m _identify(src/demo1/follow_traj) by extension 'colcon_pkg'
[4.055s] [34mcolcon.colcon_core.package_identification[0m [1;30mLevel 1[0m _identify(src/demo1/follow_traj) by extensions ['colcon_meta']
[4.055s] [34mcolcon.colcon_core.package_identification[0m [1;30mLevel 1[0m _identify(src/demo1/follow_traj) by extension 'colcon_meta'
[4.055s] [34mcolcon.colcon_core.package_identification[0m [1;30mLevel 1[0m _identify(src/demo1/follow_traj) by extensions ['ros']
[4.055s] [34mcolcon.colcon_core.package_identification[0m [1;30mLevel 1[0m _identify(src/demo1/follow_traj) by extension 'ros'
[4.059s] [34mcolcon.colcon_core.package_identification[0m [1;30mDEBUG[0m [32mPackage 'src/demo1/follow_traj' with type 'ros.ament_python' and name 'follow_traj'[0m
[4.059s] [34mcolcon.colcon_core.package_identification[0m [1;30mLevel 1[0m _identify(src/demo1/follow_traj_re) by extensions ['ignore', 'ignore_ament_install']
[4.059s] [34mcolcon.colcon_core.package_identification[0m [1;30mLevel 1[0m _identify(src/demo1/follow_traj_re) by extension 'ignore'
[4.059s] [34mcolcon.colcon_core.package_identification[0m [1;30mLevel 1[0m _identify(src/demo1/follow_traj_re) by extension 'ignore_ament_install'
[4.059s] [34mcolcon.colcon_core.package_identification[0m [1;30mLevel 1[0m _identify(src/demo1/follow_traj_re) by extensions ['colcon_pkg']
[4.059s] [34mcolcon.colcon_core.package_identification[0m [1;30mLevel 1[0m _identify(src/demo1/follow_traj_re) by extension 'colcon_pkg'
[4.059s] [34mcolcon.colcon_core.package_identification[0m [1;30mLevel 1[0m _identify(src/demo1/follow_traj_re) by extensions ['colcon_meta']
[4.060s] [34mcolcon.colcon_core.package_identification[0m [1;30mLevel 1[0m _identify(src/demo1/follow_traj_re) by extension 'colcon_meta'
[4.060s] [34mcolcon.colcon_core.package_identification[0m [1;30mLevel 1[0m _identify(src/demo1/follow_traj_re) by extensions ['ros']
[4.060s] [34mcolcon.colcon_core.package_identification[0m [1;30mLevel 1[0m _identify(src/demo1/follow_traj_re) by extension 'ros'
[4.060s] [34mcolcon.colcon_core.package_identification[0m [1;30mDEBUG[0m [32mPackage 'src/demo1/follow_traj_re' with type 'ros.ament_python' and name 'follow_traj_re'[0m
[4.061s] [34mcolcon.colcon_core.package_identification[0m [1;30mLevel 1[0m _identify(src/demo1/follow_traj_wd) by extensions ['ignore', 'ignore_ament_install']
[4.061s] [34mcolcon.colcon_core.package_identification[0m [1;30mLevel 1[0m _identify(src/demo1/follow_traj_wd) by extension 'ignore'
[4.061s] [34mcolcon.colcon_core.package_identification[0m [1;30mLevel 1[0m _identify(src/demo1/follow_traj_wd) by extension 'ignore_ament_install'
[4.061s] [34mcolcon.colcon_core.package_identification[0m [1;30mLevel 1[0m _identify(src/demo1/follow_traj_wd) by extensions ['colcon_pkg']
[4.061s] [34mcolcon.colcon_core.package_identification[0m [1;30mLevel 1[0m _identify(src/demo1/follow_traj_wd) by extension 'colcon_pkg'
[4.061s] [34mcolcon.colcon_core.package_identification[0m [1;30mLevel 1[0m _identify(src/demo1/follow_traj_wd) by extensions ['colcon_meta']
[4.061s] [34mcolcon.colcon_core.package_identification[0m [1;30mLevel 1[0m _identify(src/demo1/follow_traj_wd) by extension 'colcon_meta'
[4.061s] [34mcolcon.colcon_core.package_identification[0m [1;30mLevel 1[0m _identify(src/demo1/follow_traj_wd) by extensions ['ros']
[4.061s] [34mcolcon.colcon_core.package_identification[0m [1;30mLevel 1[0m _identify(src/demo1/follow_traj_wd) by extension 'ros'
[4.062s] [34mcolcon.colcon_core.package_identification[0m [1;30mDEBUG[0m [32mPackage 'src/demo1/follow_traj_wd' with type 'ros.ament_python' and name 'follow_traj_wd'[0m
[4.062s] [34mcolcon.colcon_core.package_discovery[0m [1;30mLevel 1[0m discover_packages(recursive) using defaults
[4.062s] [34mcolcon.colcon_core.package_discovery[0m [1;30mLevel 1[0m discover_packages(ignore) discover
[4.062s] [34mcolcon.colcon_core.package_discovery[0m [1;30mLevel 1[0m discover_packages(ignore) using defaults
[4.062s] [34mcolcon.colcon_core.package_discovery[0m [1;30mLevel 1[0m discover_packages(path) discover
[4.062s] [34mcolcon.colcon_core.package_discovery[0m [1;30mLevel 1[0m discover_packages(path) using defaults
[4.406s] [34mcolcon.colcon_core.package_discovery[0m [1;30mLevel 1[0m discover_packages(prefix_path) check parameters
[4.406s] [34mcolcon.colcon_core.package_discovery[0m [1;30mLevel 1[0m discover_packages(prefix_path) discover
[4.537s] [34mcolcon.colcon_installed_package_information.package_discovery[0m [1;30mDEBUG[0m [32mFound 3 installed packages in /home/nvidia/vcii/hezi_ros2/install[0m
[4.602s] [34mcolcon.colcon_installed_package_information.package_discovery[0m [1;30mDEBUG[0m [32mFound 260 installed packages in /opt/ros/foxy[0m
[4.604s] [34mcolcon.colcon_core.package_discovery[0m [1;30mLevel 1[0m discover_packages(prefix_path) using defaults
[4.854s] [34mcolcon.colcon_core.verb[0m [1;30mLevel 5[0m set package 'follow_traj' build argument 'cmake_args' from command line to 'None'
[4.855s] [34mcolcon.colcon_core.verb[0m [1;30mLevel 5[0m set package 'follow_traj' build argument 'cmake_target' from command line to 'None'
[4.855s] [34mcolcon.colcon_core.verb[0m [1;30mLevel 5[0m set package 'follow_traj' build argument 'cmake_target_skip_unavailable' from command line to 'False'
[4.855s] [34mcolcon.colcon_core.verb[0m [1;30mLevel 5[0m set package 'follow_traj' build argument 'cmake_clean_cache' from command line to 'False'
[4.855s] [34mcolcon.colcon_core.verb[0m [1;30mLevel 5[0m set package 'follow_traj' build argument 'cmake_clean_first' from command line to 'False'
[4.855s] [34mcolcon.colcon_core.verb[0m [1;30mLevel 5[0m set package 'follow_traj' build argument 'cmake_force_configure' from command line to 'False'
[4.855s] [34mcolcon.colcon_core.verb[0m [1;30mLevel 5[0m set package 'follow_traj' build argument 'ament_cmake_args' from command line to 'None'
[4.855s] [34mcolcon.colcon_core.verb[0m [1;30mLevel 5[0m set package 'follow_traj' build argument 'catkin_cmake_args' from command line to 'None'
[4.855s] [34mcolcon.colcon_core.verb[0m [1;30mLevel 5[0m set package 'follow_traj' build argument 'catkin_skip_building_tests' from command line to 'False'
[4.855s] [34mcolcon.colcon_core.verb[0m [1;30mDEBUG[0m [32mBuilding package 'follow_traj' with the following arguments: {'ament_cmake_args': None, 'build_base': '/home/nvidia/vcii/hezi_ros2/build/follow_traj', 'catkin_cmake_args': None, 'catkin_skip_building_tests': False, 'cmake_args': None, 'cmake_clean_cache': False, 'cmake_clean_first': False, 'cmake_force_configure': False, 'cmake_target': None, 'cmake_target_skip_unavailable': False, 'install_base': '/home/nvidia/vcii/hezi_ros2/install/follow_traj', 'merge_install': False, 'path': '/home/nvidia/vcii/hezi_ros2/src/demo1/follow_traj', 'symlink_install': False, 'test_result_base': None}[0m
[4.918s] [34mcolcon.colcon_core.verb[0m [1;30mLevel 5[0m set package 'follow_traj_re' build argument 'cmake_args' from command line to 'None'
[4.919s] [34mcolcon.colcon_core.verb[0m [1;30mLevel 5[0m set package 'follow_traj_re' build argument 'cmake_target' from command line to 'None'
[4.919s] [34mcolcon.colcon_core.verb[0m [1;30mLevel 5[0m set package 'follow_traj_re' build argument 'cmake_target_skip_unavailable' from command line to 'False'
[4.919s] [34mcolcon.colcon_core.verb[0m [1;30mLevel 5[0m set package 'follow_traj_re' build argument 'cmake_clean_cache' from command line to 'False'
[4.919s] [34mcolcon.colcon_core.verb[0m [1;30mLevel 5[0m set package 'follow_traj_re' build argument 'cmake_clean_first' from command line to 'False'
[4.919s] [34mcolcon.colcon_core.verb[0m [1;30mLevel 5[0m set package 'follow_traj_re' build argument 'cmake_force_configure' from command line to 'False'
[4.919s] [34mcolcon.colcon_core.verb[0m [1;30mLevel 5[0m set package 'follow_traj_re' build argument 'ament_cmake_args' from command line to 'None'
[4.919s] [34mcolcon.colcon_core.verb[0m [1;30mLevel 5[0m set package 'follow_traj_re' build argument 'catkin_cmake_args' from command line to 'None'
[4.919s] [34mcolcon.colcon_core.verb[0m [1;30mLevel 5[0m set package 'follow_traj_re' build argument 'catkin_skip_building_tests' from command line to 'False'
[4.919s] [34mcolcon.colcon_core.verb[0m [1;30mDEBUG[0m [32mBuilding package 'follow_traj_re' with the following arguments: {'ament_cmake_args': None, 'build_base': '/home/nvidia/vcii/hezi_ros2/build/follow_traj_re', 'catkin_cmake_args': None, 'catkin_skip_building_tests': False, 'cmake_args': None, 'cmake_clean_cache': False, 'cmake_clean_first': False, 'cmake_force_configure': False, 'cmake_target': None, 'cmake_target_skip_unavailable': False, 'install_base': '/home/nvidia/vcii/hezi_ros2/install/follow_traj_re', 'merge_install': False, 'path': '/home/nvidia/vcii/hezi_ros2/src/demo1/follow_traj_re', 'symlink_install': False, 'test_result_base': None}[0m
[4.983s] [34mcolcon.colcon_core.verb[0m [1;30mLevel 5[0m set package 'follow_traj_wd' build argument 'cmake_args' from command line to 'None'
[4.983s] [34mcolcon.colcon_core.verb[0m [1;30mLevel 5[0m set package 'follow_traj_wd' build argument 'cmake_target' from command line to 'None'
[4.983s] [34mcolcon.colcon_core.verb[0m [1;30mLevel 5[0m set package 'follow_traj_wd' build argument 'cmake_target_skip_unavailable' from command line to 'False'
[4.983s] [34mcolcon.colcon_core.verb[0m [1;30mLevel 5[0m set package 'follow_traj_wd' build argument 'cmake_clean_cache' from command line to 'False'
[4.983s] [34mcolcon.colcon_core.verb[0m [1;30mLevel 5[0m set package 'follow_traj_wd' build argument 'cmake_clean_first' from command line to 'False'
[4.983s] [34mcolcon.colcon_core.verb[0m [1;30mLevel 5[0m set package 'follow_traj_wd' build argument 'cmake_force_configure' from command line to 'False'
[4.983s] [34mcolcon.colcon_core.verb[0m [1;30mLevel 5[0m set package 'follow_traj_wd' build argument 'ament_cmake_args' from command line to 'None'
[4.983s] [34mcolcon.colcon_core.verb[0m [1;30mLevel 5[0m set package 'follow_traj_wd' build argument 'catkin_cmake_args' from command line to 'None'
[4.983s] [34mcolcon.colcon_core.verb[0m [1;30mLevel 5[0m set package 'follow_traj_wd' build argument 'catkin_skip_building_tests' from command line to 'False'
[4.983s] [34mcolcon.colcon_core.verb[0m [1;30mDEBUG[0m [32mBuilding package 'follow_traj_wd' with the following arguments: {'ament_cmake_args': None, 'build_base': '/home/nvidia/vcii/hezi_ros2/build/follow_traj_wd', 'catkin_cmake_args': None, 'catkin_skip_building_tests': False, 'cmake_args': None, 'cmake_clean_cache': False, 'cmake_clean_first': False, 'cmake_force_configure': False, 'cmake_target': None, 'cmake_target_skip_unavailable': False, 'install_base': '/home/nvidia/vcii/hezi_ros2/install/follow_traj_wd', 'merge_install': False, 'path': '/home/nvidia/vcii/hezi_ros2/src/demo1/follow_traj_wd', 'symlink_install': False, 'test_result_base': None}[0m
[5.046s] [34mcolcon.colcon_core.executor[0m [1;30mINFO[0m Executing jobs using 'parallel' executor
[5.111s] [34mcolcon.colcon_parallel_executor.executor.parallel[0m [1;30mDEBUG[0m [32mrun_until_complete[0m
[5.112s] [34mcolcon.colcon_ros.task.ament_python.build[0m [1;30mINFO[0m Building ROS package in '/home/nvidia/vcii/hezi_ros2/src/demo1/follow_traj' with build type 'ament_python'
[5.112s] [34mcolcon.colcon_core.shell[0m [1;30mLevel 1[0m create_environment_hook('follow_traj', 'ament_prefix_path')
[5.181s] [34mcolcon.colcon_core.plugin_system[0m [1;30mINFO[0m Skipping extension 'colcon_core.shell.bat': Not used on non-Windows systems
[5.182s] [34mcolcon.colcon_core.shell[0m [1;30mINFO[0m Creating environment hook '/home/nvidia/vcii/hezi_ros2/install/follow_traj/share/follow_traj/hook/ament_prefix_path.ps1'
[5.183s] [34mcolcon.colcon_core.shell[0m [1;30mINFO[0m Creating environment descriptor '/home/nvidia/vcii/hezi_ros2/install/follow_traj/share/follow_traj/hook/ament_prefix_path.dsv'
[5.184s] [34mcolcon.colcon_core.shell[0m [1;30mINFO[0m Creating environment hook '/home/nvidia/vcii/hezi_ros2/install/follow_traj/share/follow_traj/hook/ament_prefix_path.sh'
[5.252s] [34mcolcon.colcon_core.shell[0m [1;30mINFO[0m Skip shell extension 'powershell' for command environment: Not usable outside of PowerShell
[5.252s] [34mcolcon.colcon_core.shell[0m [1;30mDEBUG[0m [32mSkip shell extension 'dsv' for command environment[0m
[5.459s] [34mcolcon.colcon_ros.task.ament_python.build[0m [1;30mINFO[0m Building ROS package in '/home/nvidia/vcii/hezi_ros2/src/demo1/follow_traj_re' with build type 'ament_python'
[5.460s] [34mcolcon.colcon_core.shell[0m [1;30mLevel 1[0m create_environment_hook('follow_traj_re', 'ament_prefix_path')
[5.529s] [34mcolcon.colcon_core.shell[0m [1;30mINFO[0m Creating environment hook '/home/nvidia/vcii/hezi_ros2/install/follow_traj_re/share/follow_traj_re/hook/ament_prefix_path.ps1'
[5.530s] [34mcolcon.colcon_core.shell[0m [1;30mINFO[0m Creating environment descriptor '/home/nvidia/vcii/hezi_ros2/install/follow_traj_re/share/follow_traj_re/hook/ament_prefix_path.dsv'
[5.531s] [34mcolcon.colcon_core.shell[0m [1;30mINFO[0m Creating environment hook '/home/nvidia/vcii/hezi_ros2/install/follow_traj_re/share/follow_traj_re/hook/ament_prefix_path.sh'
[5.597s] [34mcolcon.colcon_core.shell[0m [1;30mINFO[0m Skip shell extension 'powershell' for command environment: Not usable outside of PowerShell
[5.598s] [34mcolcon.colcon_core.shell[0m [1;30mDEBUG[0m [32mSkip shell extension 'dsv' for command environment[0m
[5.805s] [34mcolcon.colcon_ros.task.ament_python.build[0m [1;30mINFO[0m Building ROS package in '/home/nvidia/vcii/hezi_ros2/src/demo1/follow_traj_wd' with build type 'ament_python'
[5.806s] [34mcolcon.colcon_core.shell[0m [1;30mLevel 1[0m create_environment_hook('follow_traj_wd', 'ament_prefix_path')
[5.874s] [34mcolcon.colcon_core.shell[0m [1;30mINFO[0m Creating environment hook '/home/nvidia/vcii/hezi_ros2/install/follow_traj_wd/share/follow_traj_wd/hook/ament_prefix_path.ps1'
[5.875s] [34mcolcon.colcon_core.shell[0m [1;30mINFO[0m Creating environment descriptor '/home/nvidia/vcii/hezi_ros2/install/follow_traj_wd/share/follow_traj_wd/hook/ament_prefix_path.dsv'
[5.876s] [34mcolcon.colcon_core.shell[0m [1;30mINFO[0m Creating environment hook '/home/nvidia/vcii/hezi_ros2/install/follow_traj_wd/share/follow_traj_wd/hook/ament_prefix_path.sh'
[5.942s] [34mcolcon.colcon_core.shell[0m [1;30mINFO[0m Skip shell extension 'powershell' for command environment: Not usable outside of PowerShell
[5.942s] [34mcolcon.colcon_core.shell[0m [1;30mDEBUG[0m [32mSkip shell extension 'dsv' for command environment[0m
[6.577s] [34mcolcon.colcon_core.task.python.build[0m [1;30mINFO[0m Building Python package in '/home/nvidia/vcii/hezi_ros2/src/demo1/follow_traj'
[6.645s] [34mcolcon.colcon_core.shell[0m [1;30mINFO[0m Skip shell extension 'powershell' for command environment: Not usable outside of PowerShell
[6.645s] [34mcolcon.colcon_core.shell[0m [1;30mDEBUG[0m [32mSkip shell extension 'dsv' for command environment[0m
[7.238s] [34mcolcon.colcon_core.task.python.build[0m [1;30mINFO[0m Building Python package in '/home/nvidia/vcii/hezi_ros2/src/demo1/follow_traj_re'
[7.306s] [34mcolcon.colcon_core.shell[0m [1;30mINFO[0m Skip shell extension 'powershell' for command environment: Not usable outside of PowerShell
[7.306s] [34mcolcon.colcon_core.shell[0m [1;30mDEBUG[0m [32mSkip shell extension 'dsv' for command environment[0m
[7.911s] [34mcolcon.colcon_core.task.python.build[0m [1;30mINFO[0m Building Python package in '/home/nvidia/vcii/hezi_ros2/src/demo1/follow_traj_wd'
[7.984s] [34mcolcon.colcon_core.shell[0m [1;30mINFO[0m Skip shell extension 'powershell' for command environment: Not usable outside of PowerShell
[7.984s] [34mcolcon.colcon_core.shell[0m [1;30mDEBUG[0m [32mSkip shell extension 'dsv' for command environment[0m
[8.931s] [34mcolcon.colcon_core.event_handler.log_command[0m [1;30mDEBUG[0m [32mInvoking command in '/home/nvidia/vcii/hezi_ros2/src/demo1/follow_traj_re': PYTHONPATH=/home/nvidia/vcii/hezi_ros2/build/follow_traj_re/prefix_override:/home/nvidia/vcii/hezi_ros2/install/follow_traj_re/lib/python3.8/site-packages:${PYTHONPATH} /usr/bin/python3 setup.py egg_info --egg-base ../../../build/follow_traj_re build --build-base /home/nvidia/vcii/hezi_ros2/build/follow_traj_re/build install --record /home/nvidia/vcii/hezi_ros2/build/follow_traj_re/install.log --single-version-externally-managed[0m
[8.952s] [34mcolcon.colcon_core.event_handler.log_command[0m [1;30mDEBUG[0m [32mInvoking command in '/home/nvidia/vcii/hezi_ros2/src/demo1/follow_traj_wd': PYTHONPATH=/home/nvidia/vcii/hezi_ros2/build/follow_traj_wd/prefix_override:/home/nvidia/vcii/hezi_ros2/install/follow_traj_wd/lib/python3.8/site-packages:${PYTHONPATH} /usr/bin/python3 setup.py egg_info --egg-base ../../../build/follow_traj_wd build --build-base /home/nvidia/vcii/hezi_ros2/build/follow_traj_wd/build install --record /home/nvidia/vcii/hezi_ros2/build/follow_traj_wd/install.log --single-version-externally-managed[0m
[8.961s] [34mcolcon.colcon_core.event_handler.log_command[0m [1;30mDEBUG[0m [32mInvoking command in '/home/nvidia/vcii/hezi_ros2/src/demo1/follow_traj': PYTHONPATH=/home/nvidia/vcii/hezi_ros2/build/follow_traj/prefix_override:/home/nvidia/vcii/hezi_ros2/install/follow_traj/lib/python3.8/site-packages:${PYTHONPATH} /usr/bin/python3 setup.py egg_info --egg-base ../../../build/follow_traj build --build-base /home/nvidia/vcii/hezi_ros2/build/follow_traj/build install --record /home/nvidia/vcii/hezi_ros2/build/follow_traj/install.log --single-version-externally-managed[0m
[9.448s] [34mcolcon.colcon_core.event_handler.log_command[0m [1;30mDEBUG[0m [32mInvoked command in '/home/nvidia/vcii/hezi_ros2/src/demo1/follow_traj_wd' returned '0': PYTHONPATH=/home/nvidia/vcii/hezi_ros2/build/follow_traj_wd/prefix_override:/home/nvidia/vcii/hezi_ros2/install/follow_traj_wd/lib/python3.8/site-packages:${PYTHONPATH} /usr/bin/python3 setup.py egg_info --egg-base ../../../build/follow_traj_wd build --build-base /home/nvidia/vcii/hezi_ros2/build/follow_traj_wd/build install --record /home/nvidia/vcii/hezi_ros2/build/follow_traj_wd/install.log --single-version-externally-managed[0m
[9.522s] [34mcolcon.colcon_core.environment[0m [1;30mLevel 1[0m checking '/home/nvidia/vcii/hezi_ros2/install/follow_traj_wd' for CMake module files
[9.523s] [34mcolcon.colcon_core.environment[0m [1;30mLevel 1[0m checking '/home/nvidia/vcii/hezi_ros2/install/follow_traj_wd' for CMake config files
[9.525s] [34mcolcon.colcon_core.environment[0m [1;30mLevel 1[0m checking '/home/nvidia/vcii/hezi_ros2/install/follow_traj_wd/lib'
[9.525s] [34mcolcon.colcon_core.environment[0m [1;30mLevel 1[0m checking '/home/nvidia/vcii/hezi_ros2/install/follow_traj_wd/bin'
[9.525s] [34mcolcon.colcon_core.environment[0m [1;30mLevel 1[0m checking '/home/nvidia/vcii/hezi_ros2/install/follow_traj_wd/lib/pkgconfig/follow_traj_wd.pc'
[9.526s] [34mcolcon.colcon_core.environment[0m [1;30mLevel 1[0m checking '/home/nvidia/vcii/hezi_ros2/install/follow_traj_wd/lib/python3.8/site-packages'
[9.526s] [34mcolcon.colcon_core.shell[0m [1;30mLevel 1[0m create_environment_hook('follow_traj_wd', 'pythonpath')
[9.597s] [34mcolcon.colcon_core.shell[0m [1;30mINFO[0m Creating environment hook '/home/nvidia/vcii/hezi_ros2/install/follow_traj_wd/share/follow_traj_wd/hook/pythonpath.ps1'
[9.598s] [34mcolcon.colcon_core.shell[0m [1;30mINFO[0m Creating environment descriptor '/home/nvidia/vcii/hezi_ros2/install/follow_traj_wd/share/follow_traj_wd/hook/pythonpath.dsv'
[9.599s] [34mcolcon.colcon_core.shell[0m [1;30mINFO[0m Creating environment hook '/home/nvidia/vcii/hezi_ros2/install/follow_traj_wd/share/follow_traj_wd/hook/pythonpath.sh'
[9.599s] [34mcolcon.colcon_core.environment[0m [1;30mLevel 1[0m checking '/home/nvidia/vcii/hezi_ros2/install/follow_traj_wd/bin'
[9.600s] [34mcolcon.colcon_core.environment[0m [1;30mLevel 1[0m create_environment_scripts_only(follow_traj_wd)
[9.701s] [34mcolcon.colcon_core.shell[0m [1;30mINFO[0m Creating package script '/home/nvidia/vcii/hezi_ros2/install/follow_traj_wd/share/follow_traj_wd/package.ps1'
[9.703s] [34mcolcon.colcon_core.shell[0m [1;30mINFO[0m Creating package descriptor '/home/nvidia/vcii/hezi_ros2/install/follow_traj_wd/share/follow_traj_wd/package.dsv'
[9.704s] [34mcolcon.colcon_core.shell[0m [1;30mINFO[0m Creating package script '/home/nvidia/vcii/hezi_ros2/install/follow_traj_wd/share/follow_traj_wd/package.sh'
[9.705s] [34mcolcon.colcon_core.shell[0m [1;30mINFO[0m Creating package script '/home/nvidia/vcii/hezi_ros2/install/follow_traj_wd/share/follow_traj_wd/package.bash'
[9.706s] [34mcolcon.colcon_core.shell[0m [1;30mINFO[0m Creating package script '/home/nvidia/vcii/hezi_ros2/install/follow_traj_wd/share/follow_traj_wd/package.zsh'
[9.707s] [34mcolcon.colcon_core.environment[0m [1;30mLevel 1[0m create_file_with_runtime_dependencies(/home/nvidia/vcii/hezi_ros2/install/follow_traj_wd/share/colcon-core/packages/follow_traj_wd)
[9.710s] [34mcolcon.colcon_core.event_handler.log_command[0m [1;30mDEBUG[0m [32mInvoked command in '/home/nvidia/vcii/hezi_ros2/src/demo1/follow_traj_re' returned '0': PYTHONPATH=/home/nvidia/vcii/hezi_ros2/build/follow_traj_re/prefix_override:/home/nvidia/vcii/hezi_ros2/install/follow_traj_re/lib/python3.8/site-packages:${PYTHONPATH} /usr/bin/python3 setup.py egg_info --egg-base ../../../build/follow_traj_re build --build-base /home/nvidia/vcii/hezi_ros2/build/follow_traj_re/build install --record /home/nvidia/vcii/hezi_ros2/build/follow_traj_re/install.log --single-version-externally-managed[0m
[9.777s] [34mcolcon.colcon_core.environment[0m [1;30mLevel 1[0m checking '/home/nvidia/vcii/hezi_ros2/install/follow_traj_re' for CMake module files
[9.778s] [34mcolcon.colcon_core.environment[0m [1;30mLevel 1[0m checking '/home/nvidia/vcii/hezi_ros2/install/follow_traj_re' for CMake config files
[9.779s] [34mcolcon.colcon_core.environment[0m [1;30mLevel 1[0m checking '/home/nvidia/vcii/hezi_ros2/install/follow_traj_re/lib'
[9.779s] [34mcolcon.colcon_core.environment[0m [1;30mLevel 1[0m checking '/home/nvidia/vcii/hezi_ros2/install/follow_traj_re/bin'
[9.779s] [34mcolcon.colcon_core.environment[0m [1;30mLevel 1[0m checking '/home/nvidia/vcii/hezi_ros2/install/follow_traj_re/lib/pkgconfig/follow_traj_re.pc'
[9.780s] [34mcolcon.colcon_core.environment[0m [1;30mLevel 1[0m checking '/home/nvidia/vcii/hezi_ros2/install/follow_traj_re/lib/python3.8/site-packages'
[9.780s] [34mcolcon.colcon_core.shell[0m [1;30mLevel 1[0m create_environment_hook('follow_traj_re', 'pythonpath')
[9.849s] [34mcolcon.colcon_core.shell[0m [1;30mINFO[0m Creating environment hook '/home/nvidia/vcii/hezi_ros2/install/follow_traj_re/share/follow_traj_re/hook/pythonpath.ps1'
[9.850s] [34mcolcon.colcon_core.shell[0m [1;30mINFO[0m Creating environment descriptor '/home/nvidia/vcii/hezi_ros2/install/follow_traj_re/share/follow_traj_re/hook/pythonpath.dsv'
[9.851s] [34mcolcon.colcon_core.shell[0m [1;30mINFO[0m Creating environment hook '/home/nvidia/vcii/hezi_ros2/install/follow_traj_re/share/follow_traj_re/hook/pythonpath.sh'
[9.851s] [34mcolcon.colcon_core.environment[0m [1;30mLevel 1[0m checking '/home/nvidia/vcii/hezi_ros2/install/follow_traj_re/bin'
[9.851s] [34mcolcon.colcon_core.environment[0m [1;30mLevel 1[0m create_environment_scripts_only(follow_traj_re)
[9.919s] [34mcolcon.colcon_core.shell[0m [1;30mINFO[0m Creating package script '/home/nvidia/vcii/hezi_ros2/install/follow_traj_re/share/follow_traj_re/package.ps1'
[9.920s] [34mcolcon.colcon_core.shell[0m [1;30mINFO[0m Creating package descriptor '/home/nvidia/vcii/hezi_ros2/install/follow_traj_re/share/follow_traj_re/package.dsv'
[9.921s] [34mcolcon.colcon_core.shell[0m [1;30mINFO[0m Creating package script '/home/nvidia/vcii/hezi_ros2/install/follow_traj_re/share/follow_traj_re/package.sh'
[9.921s] [34mcolcon.colcon_core.shell[0m [1;30mINFO[0m Creating package script '/home/nvidia/vcii/hezi_ros2/install/follow_traj_re/share/follow_traj_re/package.bash'
[9.922s] [34mcolcon.colcon_core.shell[0m [1;30mINFO[0m Creating package script '/home/nvidia/vcii/hezi_ros2/install/follow_traj_re/share/follow_traj_re/package.zsh'
[9.922s] [34mcolcon.colcon_core.environment[0m [1;30mLevel 1[0m create_file_with_runtime_dependencies(/home/nvidia/vcii/hezi_ros2/install/follow_traj_re/share/colcon-core/packages/follow_traj_re)
[9.924s] [34mcolcon.colcon_core.event_handler.log_command[0m [1;30mDEBUG[0m [32mInvoked command in '/home/nvidia/vcii/hezi_ros2/src/demo1/follow_traj' returned '0': PYTHONPATH=/home/nvidia/vcii/hezi_ros2/build/follow_traj/prefix_override:/home/nvidia/vcii/hezi_ros2/install/follow_traj/lib/python3.8/site-packages:${PYTHONPATH} /usr/bin/python3 setup.py egg_info --egg-base ../../../build/follow_traj build --build-base /home/nvidia/vcii/hezi_ros2/build/follow_traj/build install --record /home/nvidia/vcii/hezi_ros2/build/follow_traj/install.log --single-version-externally-managed[0m
[9.992s] [34mcolcon.colcon_core.environment[0m [1;30mLevel 1[0m checking '/home/nvidia/vcii/hezi_ros2/install/follow_traj' for CMake module files
[9.993s] [34mcolcon.colcon_core.environment[0m [1;30mLevel 1[0m checking '/home/nvidia/vcii/hezi_ros2/install/follow_traj' for CMake config files
[9.994s] [34mcolcon.colcon_core.environment[0m [1;30mLevel 1[0m checking '/home/nvidia/vcii/hezi_ros2/install/follow_traj/lib'
[9.994s] [34mcolcon.colcon_core.environment[0m [1;30mLevel 1[0m checking '/home/nvidia/vcii/hezi_ros2/install/follow_traj/bin'
[9.994s] [34mcolcon.colcon_core.shell[0m [1;30mLevel 1[0m create_environment_hook('follow_traj', 'path')
[10.061s] [34mcolcon.colcon_core.shell[0m [1;30mINFO[0m Creating environment hook '/home/nvidia/vcii/hezi_ros2/install/follow_traj/share/follow_traj/hook/path.ps1'
[10.062s] [34mcolcon.colcon_core.shell[0m [1;30mINFO[0m Creating environment descriptor '/home/nvidia/vcii/hezi_ros2/install/follow_traj/share/follow_traj/hook/path.dsv'
[10.063s] [34mcolcon.colcon_core.shell[0m [1;30mINFO[0m Creating environment hook '/home/nvidia/vcii/hezi_ros2/install/follow_traj/share/follow_traj/hook/path.sh'
[10.064s] [34mcolcon.colcon_core.environment[0m [1;30mLevel 1[0m checking '/home/nvidia/vcii/hezi_ros2/install/follow_traj/lib/pkgconfig/follow_traj.pc'
[10.064s] [34mcolcon.colcon_core.environment[0m [1;30mLevel 1[0m checking '/home/nvidia/vcii/hezi_ros2/install/follow_traj/lib/python3.8/site-packages'
[10.064s] [34mcolcon.colcon_core.shell[0m [1;30mLevel 1[0m create_environment_hook('follow_traj', 'pythonpath')
[10.130s] [34mcolcon.colcon_core.shell[0m [1;30mINFO[0m Creating environment hook '/home/nvidia/vcii/hezi_ros2/install/follow_traj/share/follow_traj/hook/pythonpath.ps1'
[10.132s] [34mcolcon.colcon_core.shell[0m [1;30mINFO[0m Creating environment descriptor '/home/nvidia/vcii/hezi_ros2/install/follow_traj/share/follow_traj/hook/pythonpath.dsv'
[10.132s] [34mcolcon.colcon_core.shell[0m [1;30mINFO[0m Creating environment hook '/home/nvidia/vcii/hezi_ros2/install/follow_traj/share/follow_traj/hook/pythonpath.sh'
[10.133s] [34mcolcon.colcon_core.environment[0m [1;30mLevel 1[0m checking '/home/nvidia/vcii/hezi_ros2/install/follow_traj/bin'
[10.133s] [34mcolcon.colcon_core.shell[0m [1;30mLevel 1[0m create_environment_hook('follow_traj', 'pythonscriptspath')
[10.201s] [34mcolcon.colcon_core.shell[0m [1;30mINFO[0m Creating environment hook '/home/nvidia/vcii/hezi_ros2/install/follow_traj/share/follow_traj/hook/pythonscriptspath.ps1'
[10.202s] [34mcolcon.colcon_core.shell[0m [1;30mINFO[0m Creating environment descriptor '/home/nvidia/vcii/hezi_ros2/install/follow_traj/share/follow_traj/hook/pythonscriptspath.dsv'
[10.203s] [34mcolcon.colcon_core.shell[0m [1;30mINFO[0m Creating environment hook '/home/nvidia/vcii/hezi_ros2/install/follow_traj/share/follow_traj/hook/pythonscriptspath.sh'
[10.203s] [34mcolcon.colcon_core.environment[0m [1;30mLevel 1[0m create_environment_scripts_only(follow_traj)
[10.271s] [34mcolcon.colcon_core.shell[0m [1;30mINFO[0m Creating package script '/home/nvidia/vcii/hezi_ros2/install/follow_traj/share/follow_traj/package.ps1'
[10.273s] [34mcolcon.colcon_core.shell[0m [1;30mINFO[0m Creating package descriptor '/home/nvidia/vcii/hezi_ros2/install/follow_traj/share/follow_traj/package.dsv'
[10.273s] [34mcolcon.colcon_core.shell[0m [1;30mINFO[0m Creating package script '/home/nvidia/vcii/hezi_ros2/install/follow_traj/share/follow_traj/package.sh'
[10.274s] [34mcolcon.colcon_core.shell[0m [1;30mINFO[0m Creating package script '/home/nvidia/vcii/hezi_ros2/install/follow_traj/share/follow_traj/package.bash'
[10.275s] [34mcolcon.colcon_core.shell[0m [1;30mINFO[0m Creating package script '/home/nvidia/vcii/hezi_ros2/install/follow_traj/share/follow_traj/package.zsh'
[10.275s] [34mcolcon.colcon_core.environment[0m [1;30mLevel 1[0m create_file_with_runtime_dependencies(/home/nvidia/vcii/hezi_ros2/install/follow_traj/share/colcon-core/packages/follow_traj)
[10.276s] [34mcolcon.colcon_parallel_executor.executor.parallel[0m [1;30mDEBUG[0m [32mclosing loop[0m
[10.277s] [34mcolcon.colcon_parallel_executor.executor.parallel[0m [1;30mDEBUG[0m [32mloop closed[0m
[10.277s] [34mcolcon.colcon_parallel_executor.executor.parallel[0m [1;30mDEBUG[0m [32mrun_until_complete finished with '0'[0m
[10.277s] [34mcolcon.colcon_core.event_reactor[0m [1;30mDEBUG[0m [32mjoining thread[0m
[10.356s] [34mcolcon.colcon_core.plugin_system[0m [1;30mINFO[0m Skipping extension 'colcon_notification.desktop_notification.terminal_notifier': Not used on non-Darwin systems
[10.356s] [34mcolcon.colcon_core.plugin_system[0m [1;30mINFO[0m Skipping extension 'colcon_notification.desktop_notification.win32': Not used on non-Windows systems
[10.356s] [34mcolcon.colcon_notification.desktop_notification[0m [1;30mINFO[0m Sending desktop notification using 'notify2'
[10.380s] [34mcolcon.colcon_core.event_reactor[0m [1;30mDEBUG[0m [32mjoined thread[0m
[10.451s] [34mcolcon.colcon_core.shell[0m [1;30mINFO[0m Creating prefix script '/home/nvidia/vcii/hezi_ros2/install/local_setup.ps1'
[10.453s] [34mcolcon.colcon_core.shell[0m [1;30mINFO[0m Creating prefix util module '/home/nvidia/vcii/hezi_ros2/install/_local_setup_util_ps1.py'
[10.455s] [34mcolcon.colcon_core.shell[0m [1;30mINFO[0m Creating prefix chain script '/home/nvidia/vcii/hezi_ros2/install/setup.ps1'
[10.527s] [34mcolcon.colcon_core.shell[0m [1;30mINFO[0m Creating prefix script '/home/nvidia/vcii/hezi_ros2/install/local_setup.sh'
[10.528s] [34mcolcon.colcon_core.shell[0m [1;30mINFO[0m Creating prefix util module '/home/nvidia/vcii/hezi_ros2/install/_local_setup_util_sh.py'
[10.529s] [34mcolcon.colcon_core.shell[0m [1;30mINFO[0m Creating prefix chain script '/home/nvidia/vcii/hezi_ros2/install/setup.sh'
[10.599s] [34mcolcon.colcon_core.shell[0m [1;30mINFO[0m Creating prefix script '/home/nvidia/vcii/hezi_ros2/install/local_setup.bash'
[10.600s] [34mcolcon.colcon_core.shell[0m [1;30mINFO[0m Creating prefix chain script '/home/nvidia/vcii/hezi_ros2/install/setup.bash'
[10.671s] [34mcolcon.colcon_core.shell[0m [1;30mINFO[0m Creating prefix script '/home/nvidia/vcii/hezi_ros2/install/local_setup.zsh'
[10.671s] [34mcolcon.colcon_core.shell[0m [1;30mINFO[0m Creating prefix chain script '/home/nvidia/vcii/hezi_ros2/install/setup.zsh'
