running egg_info
creating build/follow_traj_re/follow_traj_re.egg-info
writing build/follow_traj_re/follow_traj_re.egg-info/PKG-INFO
writing dependency_links to build/follow_traj_re/follow_traj_re.egg-info/dependency_links.txt
writing entry points to build/follow_traj_re/follow_traj_re.egg-info/entry_points.txt
writing requirements to build/follow_traj_re/follow_traj_re.egg-info/requires.txt
writing top-level names to build/follow_traj_re/follow_traj_re.egg-info/top_level.txt
writing manifest file 'build/follow_traj_re/follow_traj_re.egg-info/SOURCES.txt'
reading manifest file 'build/follow_traj_re/follow_traj_re.egg-info/SOURCES.txt'
writing manifest file 'build/follow_traj_re/follow_traj_re.egg-info/SOURCES.txt'
running build
running build_py
creating /home/nvidia/vcii/hezi_ros2/src/demo1/follow_traj_re/build/follow_traj_re/build
creating /home/nvidia/vcii/hezi_ros2/src/demo1/follow_traj_re/build/follow_traj_re/build/lib
creating /home/nvidia/vcii/hezi_ros2/src/demo1/follow_traj_re/build/follow_traj_re/build/lib/follow_traj_re
copying follow_traj_re/read_csv.py -> /home/nvidia/vcii/hezi_ros2/src/demo1/follow_traj_re/build/follow_traj_re/build/lib/follow_traj_re
copying follow_traj_re/can_node.py -> /home/nvidia/vcii/hezi_ros2/src/demo1/follow_traj_re/build/follow_traj_re/build/lib/follow_traj_re
copying follow_traj_re/can_use.py -> /home/nvidia/vcii/hezi_ros2/src/demo1/follow_traj_re/build/follow_traj_re/build/lib/follow_traj_re
copying follow_traj_re/lane_change.py -> /home/nvidia/vcii/hezi_ros2/src/demo1/follow_traj_re/build/follow_traj_re/build/lib/follow_traj_re
copying follow_traj_re/mpc_node.py -> /home/nvidia/vcii/hezi_ros2/src/demo1/follow_traj_re/build/follow_traj_re/build/lib/follow_traj_re
copying follow_traj_re/mpc_follower.py -> /home/nvidia/vcii/hezi_ros2/src/demo1/follow_traj_re/build/follow_traj_re/build/lib/follow_traj_re
copying follow_traj_re/__init__.py -> /home/nvidia/vcii/hezi_ros2/src/demo1/follow_traj_re/build/follow_traj_re/build/lib/follow_traj_re
copying follow_traj_re/follow_demo_mpc_bank.py -> /home/nvidia/vcii/hezi_ros2/src/demo1/follow_traj_re/build/follow_traj_re/build/lib/follow_traj_re
copying follow_traj_re/change_node.py -> /home/nvidia/vcii/hezi_ros2/src/demo1/follow_traj_re/build/follow_traj_re/build/lib/follow_traj_re
copying follow_traj_re/mpc_node_v2.py -> /home/nvidia/vcii/hezi_ros2/src/demo1/follow_traj_re/build/follow_traj_re/build/lib/follow_traj_re
copying follow_traj_re/send_msg.py -> /home/nvidia/vcii/hezi_ros2/src/demo1/follow_traj_re/build/follow_traj_re/build/lib/follow_traj_re
running install
running install_lib
creating /home/nvidia/vcii/hezi_ros2/src/demo1/follow_traj_re/install/follow_traj_re/lib/python3.8/site-packages/follow_traj_re
copying /home/nvidia/vcii/hezi_ros2/src/demo1/follow_traj_re/build/follow_traj_re/build/lib/follow_traj_re/read_csv.py -> /home/nvidia/vcii/hezi_ros2/src/demo1/follow_traj_re/install/follow_traj_re/lib/python3.8/site-packages/follow_traj_re
copying /home/nvidia/vcii/hezi_ros2/src/demo1/follow_traj_re/build/follow_traj_re/build/lib/follow_traj_re/can_node.py -> /home/nvidia/vcii/hezi_ros2/src/demo1/follow_traj_re/install/follow_traj_re/lib/python3.8/site-packages/follow_traj_re
copying /home/nvidia/vcii/hezi_ros2/src/demo1/follow_traj_re/build/follow_traj_re/build/lib/follow_traj_re/can_use.py -> /home/nvidia/vcii/hezi_ros2/src/demo1/follow_traj_re/install/follow_traj_re/lib/python3.8/site-packages/follow_traj_re
copying /home/nvidia/vcii/hezi_ros2/src/demo1/follow_traj_re/build/follow_traj_re/build/lib/follow_traj_re/lane_change.py -> /home/nvidia/vcii/hezi_ros2/src/demo1/follow_traj_re/install/follow_traj_re/lib/python3.8/site-packages/follow_traj_re
copying /home/nvidia/vcii/hezi_ros2/src/demo1/follow_traj_re/build/follow_traj_re/build/lib/follow_traj_re/mpc_node.py -> /home/nvidia/vcii/hezi_ros2/src/demo1/follow_traj_re/install/follow_traj_re/lib/python3.8/site-packages/follow_traj_re
copying /home/nvidia/vcii/hezi_ros2/src/demo1/follow_traj_re/build/follow_traj_re/build/lib/follow_traj_re/mpc_follower.py -> /home/nvidia/vcii/hezi_ros2/src/demo1/follow_traj_re/install/follow_traj_re/lib/python3.8/site-packages/follow_traj_re
copying /home/nvidia/vcii/hezi_ros2/src/demo1/follow_traj_re/build/follow_traj_re/build/lib/follow_traj_re/__init__.py -> /home/nvidia/vcii/hezi_ros2/src/demo1/follow_traj_re/install/follow_traj_re/lib/python3.8/site-packages/follow_traj_re
copying /home/nvidia/vcii/hezi_ros2/src/demo1/follow_traj_re/build/follow_traj_re/build/lib/follow_traj_re/follow_demo_mpc_bank.py -> /home/nvidia/vcii/hezi_ros2/src/demo1/follow_traj_re/install/follow_traj_re/lib/python3.8/site-packages/follow_traj_re
copying /home/nvidia/vcii/hezi_ros2/src/demo1/follow_traj_re/build/follow_traj_re/build/lib/follow_traj_re/change_node.py -> /home/nvidia/vcii/hezi_ros2/src/demo1/follow_traj_re/install/follow_traj_re/lib/python3.8/site-packages/follow_traj_re
copying /home/nvidia/vcii/hezi_ros2/src/demo1/follow_traj_re/build/follow_traj_re/build/lib/follow_traj_re/mpc_node_v2.py -> /home/nvidia/vcii/hezi_ros2/src/demo1/follow_traj_re/install/follow_traj_re/lib/python3.8/site-packages/follow_traj_re
copying /home/nvidia/vcii/hezi_ros2/src/demo1/follow_traj_re/build/follow_traj_re/build/lib/follow_traj_re/send_msg.py -> /home/nvidia/vcii/hezi_ros2/src/demo1/follow_traj_re/install/follow_traj_re/lib/python3.8/site-packages/follow_traj_re
byte-compiling /home/nvidia/vcii/hezi_ros2/src/demo1/follow_traj_re/install/follow_traj_re/lib/python3.8/site-packages/follow_traj_re/read_csv.py to read_csv.cpython-38.pyc
byte-compiling /home/nvidia/vcii/hezi_ros2/src/demo1/follow_traj_re/install/follow_traj_re/lib/python3.8/site-packages/follow_traj_re/can_node.py to can_node.cpython-38.pyc
byte-compiling /home/nvidia/vcii/hezi_ros2/src/demo1/follow_traj_re/install/follow_traj_re/lib/python3.8/site-packages/follow_traj_re/can_use.py to can_use.cpython-38.pyc
byte-compiling /home/nvidia/vcii/hezi_ros2/src/demo1/follow_traj_re/install/follow_traj_re/lib/python3.8/site-packages/follow_traj_re/lane_change.py to lane_change.cpython-38.pyc
byte-compiling /home/nvidia/vcii/hezi_ros2/src/demo1/follow_traj_re/install/follow_traj_re/lib/python3.8/site-packages/follow_traj_re/mpc_node.py to mpc_node.cpython-38.pyc
byte-compiling /home/nvidia/vcii/hezi_ros2/src/demo1/follow_traj_re/install/follow_traj_re/lib/python3.8/site-packages/follow_traj_re/mpc_follower.py to mpc_follower.cpython-38.pyc
byte-compiling /home/nvidia/vcii/hezi_ros2/src/demo1/follow_traj_re/install/follow_traj_re/lib/python3.8/site-packages/follow_traj_re/__init__.py to __init__.cpython-38.pyc
byte-compiling /home/nvidia/vcii/hezi_ros2/src/demo1/follow_traj_re/install/follow_traj_re/lib/python3.8/site-packages/follow_traj_re/follow_demo_mpc_bank.py to follow_demo_mpc_bank.cpython-38.pyc
byte-compiling /home/nvidia/vcii/hezi_ros2/src/demo1/follow_traj_re/install/follow_traj_re/lib/python3.8/site-packages/follow_traj_re/change_node.py to change_node.cpython-38.pyc
byte-compiling /home/nvidia/vcii/hezi_ros2/src/demo1/follow_traj_re/install/follow_traj_re/lib/python3.8/site-packages/follow_traj_re/mpc_node_v2.py to mpc_node_v2.cpython-38.pyc
byte-compiling /home/nvidia/vcii/hezi_ros2/src/demo1/follow_traj_re/install/follow_traj_re/lib/python3.8/site-packages/follow_traj_re/send_msg.py to send_msg.cpython-38.pyc
running install_data
creating /home/nvidia/vcii/hezi_ros2/src/demo1/follow_traj_re/install/follow_traj_re/share/ament_index
creating /home/nvidia/vcii/hezi_ros2/src/demo1/follow_traj_re/install/follow_traj_re/share/ament_index/resource_index
creating /home/nvidia/vcii/hezi_ros2/src/demo1/follow_traj_re/install/follow_traj_re/share/ament_index/resource_index/packages
copying resource/follow_traj_re -> /home/nvidia/vcii/hezi_ros2/src/demo1/follow_traj_re/install/follow_traj_re/share/ament_index/resource_index/packages
copying package.xml -> /home/nvidia/vcii/hezi_ros2/src/demo1/follow_traj_re/install/follow_traj_re/share/follow_traj_re
running install_egg_info
Copying build/follow_traj_re/follow_traj_re.egg-info to /home/nvidia/vcii/hezi_ros2/src/demo1/follow_traj_re/install/follow_traj_re/lib/python3.8/site-packages/follow_traj_re-0.0.0-py3.8.egg-info
running install_scripts
Installing can_node script to /home/nvidia/vcii/hezi_ros2/src/demo1/follow_traj_re/install/follow_traj_re/lib/follow_traj_re
Installing change_node script to /home/nvidia/vcii/hezi_ros2/src/demo1/follow_traj_re/install/follow_traj_re/lib/follow_traj_re
Installing follow_node script to /home/nvidia/vcii/hezi_ros2/src/demo1/follow_traj_re/install/follow_traj_re/lib/follow_traj_re
Installing follow_node_v2 script to /home/nvidia/vcii/hezi_ros2/src/demo1/follow_traj_re/install/follow_traj_re/lib/follow_traj_re
writing list of installed files to '/home/nvidia/vcii/hezi_ros2/src/demo1/follow_traj_re/build/follow_traj_re/install.log'
