[1.721s] Invoking command in '/home/nvidia/vcii/hezi_ros2/src/demo1/follow_traj_re': PYTHONPATH=/home/nvidia/vcii/hezi_ros2/src/demo1/follow_traj_re/build/follow_traj_re/prefix_override:/home/nvidia/vcii/hezi_ros2/src/demo1/follow_traj_re/install/follow_traj_re/lib/python3.8/site-packages:${PYTHONPATH} /usr/bin/python3 setup.py egg_info --egg-base build/follow_traj_re build --build-base /home/nvidia/vcii/hezi_ros2/src/demo1/follow_traj_re/build/follow_traj_re/build install --record /home/nvidia/vcii/hezi_ros2/src/demo1/follow_traj_re/build/follow_traj_re/install.log --single-version-externally-managed
[2.069s] running egg_info
[2.070s] creating build/follow_traj_re/follow_traj_re.egg-info
[2.071s] writing build/follow_traj_re/follow_traj_re.egg-info/PKG-INFO
[2.071s] writing dependency_links to build/follow_traj_re/follow_traj_re.egg-info/dependency_links.txt
[2.071s] writing entry points to build/follow_traj_re/follow_traj_re.egg-info/entry_points.txt
[2.071s] writing requirements to build/follow_traj_re/follow_traj_re.egg-info/requires.txt
[2.072s] writing top-level names to build/follow_traj_re/follow_traj_re.egg-info/top_level.txt
[2.073s] writing manifest file 'build/follow_traj_re/follow_traj_re.egg-info/SOURCES.txt'
[2.117s] reading manifest file 'build/follow_traj_re/follow_traj_re.egg-info/SOURCES.txt'
[2.118s] writing manifest file 'build/follow_traj_re/follow_traj_re.egg-info/SOURCES.txt'
[2.119s] running build
[2.119s] running build_py
[2.120s] creating /home/nvidia/vcii/hezi_ros2/src/demo1/follow_traj_re/build/follow_traj_re/build
[2.120s] creating /home/nvidia/vcii/hezi_ros2/src/demo1/follow_traj_re/build/follow_traj_re/build/lib
[2.120s] creating /home/nvidia/vcii/hezi_ros2/src/demo1/follow_traj_re/build/follow_traj_re/build/lib/follow_traj_re
[2.121s] copying follow_traj_re/read_csv.py -> /home/nvidia/vcii/hezi_ros2/src/demo1/follow_traj_re/build/follow_traj_re/build/lib/follow_traj_re
[2.121s] copying follow_traj_re/can_node.py -> /home/nvidia/vcii/hezi_ros2/src/demo1/follow_traj_re/build/follow_traj_re/build/lib/follow_traj_re
[2.121s] copying follow_traj_re/can_use.py -> /home/nvidia/vcii/hezi_ros2/src/demo1/follow_traj_re/build/follow_traj_re/build/lib/follow_traj_re
[2.122s] copying follow_traj_re/lane_change.py -> /home/nvidia/vcii/hezi_ros2/src/demo1/follow_traj_re/build/follow_traj_re/build/lib/follow_traj_re
[2.122s] copying follow_traj_re/mpc_node.py -> /home/nvidia/vcii/hezi_ros2/src/demo1/follow_traj_re/build/follow_traj_re/build/lib/follow_traj_re
[2.122s] copying follow_traj_re/mpc_follower.py -> /home/nvidia/vcii/hezi_ros2/src/demo1/follow_traj_re/build/follow_traj_re/build/lib/follow_traj_re
[2.122s] copying follow_traj_re/__init__.py -> /home/nvidia/vcii/hezi_ros2/src/demo1/follow_traj_re/build/follow_traj_re/build/lib/follow_traj_re
[2.123s] copying follow_traj_re/follow_demo_mpc_bank.py -> /home/nvidia/vcii/hezi_ros2/src/demo1/follow_traj_re/build/follow_traj_re/build/lib/follow_traj_re
[2.123s] copying follow_traj_re/change_node.py -> /home/nvidia/vcii/hezi_ros2/src/demo1/follow_traj_re/build/follow_traj_re/build/lib/follow_traj_re
[2.123s] copying follow_traj_re/mpc_node_v2.py -> /home/nvidia/vcii/hezi_ros2/src/demo1/follow_traj_re/build/follow_traj_re/build/lib/follow_traj_re
[2.124s] copying follow_traj_re/send_msg.py -> /home/nvidia/vcii/hezi_ros2/src/demo1/follow_traj_re/build/follow_traj_re/build/lib/follow_traj_re
[2.124s] running install
[2.125s] running install_lib
[2.125s] creating /home/nvidia/vcii/hezi_ros2/src/demo1/follow_traj_re/install/follow_traj_re/lib/python3.8/site-packages/follow_traj_re
[2.125s] copying /home/nvidia/vcii/hezi_ros2/src/demo1/follow_traj_re/build/follow_traj_re/build/lib/follow_traj_re/read_csv.py -> /home/nvidia/vcii/hezi_ros2/src/demo1/follow_traj_re/install/follow_traj_re/lib/python3.8/site-packages/follow_traj_re
[2.126s] copying /home/nvidia/vcii/hezi_ros2/src/demo1/follow_traj_re/build/follow_traj_re/build/lib/follow_traj_re/can_node.py -> /home/nvidia/vcii/hezi_ros2/src/demo1/follow_traj_re/install/follow_traj_re/lib/python3.8/site-packages/follow_traj_re
[2.126s] copying /home/nvidia/vcii/hezi_ros2/src/demo1/follow_traj_re/build/follow_traj_re/build/lib/follow_traj_re/can_use.py -> /home/nvidia/vcii/hezi_ros2/src/demo1/follow_traj_re/install/follow_traj_re/lib/python3.8/site-packages/follow_traj_re
[2.126s] copying /home/nvidia/vcii/hezi_ros2/src/demo1/follow_traj_re/build/follow_traj_re/build/lib/follow_traj_re/lane_change.py -> /home/nvidia/vcii/hezi_ros2/src/demo1/follow_traj_re/install/follow_traj_re/lib/python3.8/site-packages/follow_traj_re
[2.127s] copying /home/nvidia/vcii/hezi_ros2/src/demo1/follow_traj_re/build/follow_traj_re/build/lib/follow_traj_re/mpc_node.py -> /home/nvidia/vcii/hezi_ros2/src/demo1/follow_traj_re/install/follow_traj_re/lib/python3.8/site-packages/follow_traj_re
[2.127s] copying /home/nvidia/vcii/hezi_ros2/src/demo1/follow_traj_re/build/follow_traj_re/build/lib/follow_traj_re/mpc_follower.py -> /home/nvidia/vcii/hezi_ros2/src/demo1/follow_traj_re/install/follow_traj_re/lib/python3.8/site-packages/follow_traj_re
[2.127s] copying /home/nvidia/vcii/hezi_ros2/src/demo1/follow_traj_re/build/follow_traj_re/build/lib/follow_traj_re/__init__.py -> /home/nvidia/vcii/hezi_ros2/src/demo1/follow_traj_re/install/follow_traj_re/lib/python3.8/site-packages/follow_traj_re
[2.128s] copying /home/nvidia/vcii/hezi_ros2/src/demo1/follow_traj_re/build/follow_traj_re/build/lib/follow_traj_re/follow_demo_mpc_bank.py -> /home/nvidia/vcii/hezi_ros2/src/demo1/follow_traj_re/install/follow_traj_re/lib/python3.8/site-packages/follow_traj_re
[2.128s] copying /home/nvidia/vcii/hezi_ros2/src/demo1/follow_traj_re/build/follow_traj_re/build/lib/follow_traj_re/change_node.py -> /home/nvidia/vcii/hezi_ros2/src/demo1/follow_traj_re/install/follow_traj_re/lib/python3.8/site-packages/follow_traj_re
[2.128s] copying /home/nvidia/vcii/hezi_ros2/src/demo1/follow_traj_re/build/follow_traj_re/build/lib/follow_traj_re/mpc_node_v2.py -> /home/nvidia/vcii/hezi_ros2/src/demo1/follow_traj_re/install/follow_traj_re/lib/python3.8/site-packages/follow_traj_re
[2.129s] copying /home/nvidia/vcii/hezi_ros2/src/demo1/follow_traj_re/build/follow_traj_re/build/lib/follow_traj_re/send_msg.py -> /home/nvidia/vcii/hezi_ros2/src/demo1/follow_traj_re/install/follow_traj_re/lib/python3.8/site-packages/follow_traj_re
[2.129s] byte-compiling /home/nvidia/vcii/hezi_ros2/src/demo1/follow_traj_re/install/follow_traj_re/lib/python3.8/site-packages/follow_traj_re/read_csv.py to read_csv.cpython-38.pyc
[2.129s] byte-compiling /home/nvidia/vcii/hezi_ros2/src/demo1/follow_traj_re/install/follow_traj_re/lib/python3.8/site-packages/follow_traj_re/can_node.py to can_node.cpython-38.pyc
[2.130s] byte-compiling /home/nvidia/vcii/hezi_ros2/src/demo1/follow_traj_re/install/follow_traj_re/lib/python3.8/site-packages/follow_traj_re/can_use.py to can_use.cpython-38.pyc
[2.132s] byte-compiling /home/nvidia/vcii/hezi_ros2/src/demo1/follow_traj_re/install/follow_traj_re/lib/python3.8/site-packages/follow_traj_re/lane_change.py to lane_change.cpython-38.pyc
[2.135s] byte-compiling /home/nvidia/vcii/hezi_ros2/src/demo1/follow_traj_re/install/follow_traj_re/lib/python3.8/site-packages/follow_traj_re/mpc_node.py to mpc_node.cpython-38.pyc
[2.136s] byte-compiling /home/nvidia/vcii/hezi_ros2/src/demo1/follow_traj_re/install/follow_traj_re/lib/python3.8/site-packages/follow_traj_re/mpc_follower.py to mpc_follower.cpython-38.pyc
[2.146s] byte-compiling /home/nvidia/vcii/hezi_ros2/src/demo1/follow_traj_re/install/follow_traj_re/lib/python3.8/site-packages/follow_traj_re/__init__.py to __init__.cpython-38.pyc
[2.146s] byte-compiling /home/nvidia/vcii/hezi_ros2/src/demo1/follow_traj_re/install/follow_traj_re/lib/python3.8/site-packages/follow_traj_re/follow_demo_mpc_bank.py to follow_demo_mpc_bank.cpython-38.pyc
[2.151s] byte-compiling /home/nvidia/vcii/hezi_ros2/src/demo1/follow_traj_re/install/follow_traj_re/lib/python3.8/site-packages/follow_traj_re/change_node.py to change_node.cpython-38.pyc
[2.152s] byte-compiling /home/nvidia/vcii/hezi_ros2/src/demo1/follow_traj_re/install/follow_traj_re/lib/python3.8/site-packages/follow_traj_re/mpc_node_v2.py to mpc_node_v2.cpython-38.pyc
[2.153s] byte-compiling /home/nvidia/vcii/hezi_ros2/src/demo1/follow_traj_re/install/follow_traj_re/lib/python3.8/site-packages/follow_traj_re/send_msg.py to send_msg.cpython-38.pyc
[2.154s] running install_data
[2.155s] creating /home/nvidia/vcii/hezi_ros2/src/demo1/follow_traj_re/install/follow_traj_re/share/ament_index
[2.155s] creating /home/nvidia/vcii/hezi_ros2/src/demo1/follow_traj_re/install/follow_traj_re/share/ament_index/resource_index
[2.155s] creating /home/nvidia/vcii/hezi_ros2/src/demo1/follow_traj_re/install/follow_traj_re/share/ament_index/resource_index/packages
[2.155s] copying resource/follow_traj_re -> /home/nvidia/vcii/hezi_ros2/src/demo1/follow_traj_re/install/follow_traj_re/share/ament_index/resource_index/packages
[2.156s] copying package.xml -> /home/nvidia/vcii/hezi_ros2/src/demo1/follow_traj_re/install/follow_traj_re/share/follow_traj_re
[2.156s] running install_egg_info
[2.158s] Copying build/follow_traj_re/follow_traj_re.egg-info to /home/nvidia/vcii/hezi_ros2/src/demo1/follow_traj_re/install/follow_traj_re/lib/python3.8/site-packages/follow_traj_re-0.0.0-py3.8.egg-info
[2.159s] running install_scripts
[2.185s] Installing can_node script to /home/nvidia/vcii/hezi_ros2/src/demo1/follow_traj_re/install/follow_traj_re/lib/follow_traj_re
[2.186s] Installing change_node script to /home/nvidia/vcii/hezi_ros2/src/demo1/follow_traj_re/install/follow_traj_re/lib/follow_traj_re
[2.186s] Installing follow_node script to /home/nvidia/vcii/hezi_ros2/src/demo1/follow_traj_re/install/follow_traj_re/lib/follow_traj_re
[2.186s] Installing follow_node_v2 script to /home/nvidia/vcii/hezi_ros2/src/demo1/follow_traj_re/install/follow_traj_re/lib/follow_traj_re
[2.187s] writing list of installed files to '/home/nvidia/vcii/hezi_ros2/src/demo1/follow_traj_re/build/follow_traj_re/install.log'
[2.238s] Invoked command in '/home/nvidia/vcii/hezi_ros2/src/demo1/follow_traj_re' returned '0': PYTHONPATH=/home/nvidia/vcii/hezi_ros2/src/demo1/follow_traj_re/build/follow_traj_re/prefix_override:/home/nvidia/vcii/hezi_ros2/src/demo1/follow_traj_re/install/follow_traj_re/lib/python3.8/site-packages:${PYTHONPATH} /usr/bin/python3 setup.py egg_info --egg-base build/follow_traj_re build --build-base /home/nvidia/vcii/hezi_ros2/src/demo1/follow_traj_re/build/follow_traj_re/build install --record /home/nvidia/vcii/hezi_ros2/src/demo1/follow_traj_re/build/follow_traj_re/install.log --single-version-externally-managed
