[1.885s] Invoking command in '/home/nvidia/vcii/hezi_ros2/src/demo1/follow_traj_re': PYTHONPATH=/home/nvidia/vcii/hezi_ros2/build/follow_traj_re/prefix_override:/home/nvidia/vcii/hezi_ros2/install/follow_traj_re/lib/python3.8/site-packages:${PYTHONPATH} /usr/bin/python3 setup.py egg_info --egg-base ../../../build/follow_traj_re build --build-base /home/nvidia/vcii/hezi_ros2/build/follow_traj_re/build install --record /home/nvidia/vcii/hezi_ros2/build/follow_traj_re/install.log --single-version-externally-managed
[2.228s] running egg_info
[2.228s] writing ../../../build/follow_traj_re/follow_traj_re.egg-info/PKG-INFO
[2.229s] writing dependency_links to ../../../build/follow_traj_re/follow_traj_re.egg-info/dependency_links.txt
[2.229s] writing entry points to ../../../build/follow_traj_re/follow_traj_re.egg-info/entry_points.txt
[2.230s] writing requirements to ../../../build/follow_traj_re/follow_traj_re.egg-info/requires.txt
[2.230s] writing top-level names to ../../../build/follow_traj_re/follow_traj_re.egg-info/top_level.txt
[2.277s] reading manifest file '../../../build/follow_traj_re/follow_traj_re.egg-info/SOURCES.txt'
[2.278s] writing manifest file '../../../build/follow_traj_re/follow_traj_re.egg-info/SOURCES.txt'
[2.279s] running build
[2.279s] running build_py
[2.280s] copying follow_traj_re/mpc_follower_velocity.py -> /home/nvidia/vcii/hezi_ros2/build/follow_traj_re/build/lib/follow_traj_re
[2.280s] copying follow_traj_re/mpc_node.py -> /home/nvidia/vcii/hezi_ros2/build/follow_traj_re/build/lib/follow_traj_re
[2.280s] running install
[2.282s] running install_lib
[2.283s] copying /home/nvidia/vcii/hezi_ros2/build/follow_traj_re/build/lib/follow_traj_re/mpc_follower_velocity.py -> /home/nvidia/vcii/hezi_ros2/install/follow_traj_re/lib/python3.8/site-packages/follow_traj_re
[2.283s] copying /home/nvidia/vcii/hezi_ros2/build/follow_traj_re/build/lib/follow_traj_re/mpc_node.py -> /home/nvidia/vcii/hezi_ros2/install/follow_traj_re/lib/python3.8/site-packages/follow_traj_re
[2.285s] byte-compiling /home/nvidia/vcii/hezi_ros2/install/follow_traj_re/lib/python3.8/site-packages/follow_traj_re/mpc_follower_velocity.py to mpc_follower_velocity.cpython-38.pyc
[2.293s] byte-compiling /home/nvidia/vcii/hezi_ros2/install/follow_traj_re/lib/python3.8/site-packages/follow_traj_re/mpc_node.py to mpc_node.cpython-38.pyc
[2.295s] running install_data
[2.296s] running install_egg_info
[2.298s] removing '/home/nvidia/vcii/hezi_ros2/install/follow_traj_re/lib/python3.8/site-packages/follow_traj_re-0.0.0-py3.8.egg-info' (and everything under it)
[2.299s] Copying ../../../build/follow_traj_re/follow_traj_re.egg-info to /home/nvidia/vcii/hezi_ros2/install/follow_traj_re/lib/python3.8/site-packages/follow_traj_re-0.0.0-py3.8.egg-info
[2.300s] running install_scripts
[2.325s] Installing can_node script to /home/nvidia/vcii/hezi_ros2/install/follow_traj_re/lib/follow_traj_re
[2.326s] Installing change_node script to /home/nvidia/vcii/hezi_ros2/install/follow_traj_re/lib/follow_traj_re
[2.326s] Installing follow_node script to /home/nvidia/vcii/hezi_ros2/install/follow_traj_re/lib/follow_traj_re
[2.326s] Installing follow_node_v2 script to /home/nvidia/vcii/hezi_ros2/install/follow_traj_re/lib/follow_traj_re
[2.327s] writing list of installed files to '/home/nvidia/vcii/hezi_ros2/build/follow_traj_re/install.log'
[2.381s] Invoked command in '/home/nvidia/vcii/hezi_ros2/src/demo1/follow_traj_re' returned '0': PYTHONPATH=/home/nvidia/vcii/hezi_ros2/build/follow_traj_re/prefix_override:/home/nvidia/vcii/hezi_ros2/install/follow_traj_re/lib/python3.8/site-packages:${PYTHONPATH} /usr/bin/python3 setup.py egg_info --egg-base ../../../build/follow_traj_re build --build-base /home/nvidia/vcii/hezi_ros2/build/follow_traj_re/build install --record /home/nvidia/vcii/hezi_ros2/build/follow_traj_re/install.log --single-version-externally-managed
