running egg_info
writing ../../../build/follow_traj/follow_traj.egg-info/PKG-INFO
writing dependency_links to ../../../build/follow_traj/follow_traj.egg-info/dependency_links.txt
writing entry points to ../../../build/follow_traj/follow_traj.egg-info/entry_points.txt
writing requirements to ../../../build/follow_traj/follow_traj.egg-info/requires.txt
writing top-level names to ../../../build/follow_traj/follow_traj.egg-info/top_level.txt
reading manifest file '../../../build/follow_traj/follow_traj.egg-info/SOURCES.txt'
writing manifest file '../../../build/follow_traj/follow_traj.egg-info/SOURCES.txt'
running build
running build_py
running install
running install_lib
creating /home/nvidia/vcii/hezi_ros2/install/follow_traj/lib/python3.8/site-packages/follow_traj
copying /home/nvidia/vcii/hezi_ros2/build/follow_traj/build/lib/follow_traj/simulator_node.py -> /home/nvidia/vcii/hezi_ros2/install/follow_traj/lib/python3.8/site-packages/follow_traj
copying /home/nvidia/vcii/hezi_ros2/build/follow_traj/build/lib/follow_traj/mpc_node.py -> /home/nvidia/vcii/hezi_ros2/install/follow_traj/lib/python3.8/site-packages/follow_traj
copying /home/nvidia/vcii/hezi_ros2/build/follow_traj/build/lib/follow_traj/__init__.py -> /home/nvidia/vcii/hezi_ros2/install/follow_traj/lib/python3.8/site-packages/follow_traj
copying /home/nvidia/vcii/hezi_ros2/build/follow_traj/build/lib/follow_traj/my.py -> /home/nvidia/vcii/hezi_ros2/install/follow_traj/lib/python3.8/site-packages/follow_traj
byte-compiling /home/nvidia/vcii/hezi_ros2/install/follow_traj/lib/python3.8/site-packages/follow_traj/simulator_node.py to simulator_node.cpython-38.pyc
byte-compiling /home/nvidia/vcii/hezi_ros2/install/follow_traj/lib/python3.8/site-packages/follow_traj/mpc_node.py to mpc_node.cpython-38.pyc
byte-compiling /home/nvidia/vcii/hezi_ros2/install/follow_traj/lib/python3.8/site-packages/follow_traj/__init__.py to __init__.cpython-38.pyc
byte-compiling /home/nvidia/vcii/hezi_ros2/install/follow_traj/lib/python3.8/site-packages/follow_traj/my.py to my.cpython-38.pyc
running install_data
running install_egg_info
Copying ../../../build/follow_traj/follow_traj.egg-info to /home/nvidia/vcii/hezi_ros2/install/follow_traj/lib/python3.8/site-packages/follow_traj-0.0.0-py3.8.egg-info
running install_scripts
Installing mpc_node script to /home/nvidia/vcii/hezi_ros2/install/follow_traj/lib/follow_traj
Installing simulator_node script to /home/nvidia/vcii/hezi_ros2/install/follow_traj/lib/follow_traj
writing list of installed files to '/home/nvidia/vcii/hezi_ros2/build/follow_traj/install.log'
