running egg_info
writing ../../../build/follow_traj_re/follow_traj_re.egg-info/PKG-INFO
writing dependency_links to ../../../build/follow_traj_re/follow_traj_re.egg-info/dependency_links.txt
writing entry points to ../../../build/follow_traj_re/follow_traj_re.egg-info/entry_points.txt
writing requirements to ../../../build/follow_traj_re/follow_traj_re.egg-info/requires.txt
writing top-level names to ../../../build/follow_traj_re/follow_traj_re.egg-info/top_level.txt
reading manifest file '../../../build/follow_traj_re/follow_traj_re.egg-info/SOURCES.txt'
writing manifest file '../../../build/follow_traj_re/follow_traj_re.egg-info/SOURCES.txt'
running build
running build_py
copying follow_traj_re/follow_demo_mpc_bank.py -> /home/nvidia/vcii/hezi_ros2/build/follow_traj_re/build/lib/follow_traj_re
copying follow_traj_re/mpc_node_v2.py -> /home/nvidia/vcii/hezi_ros2/build/follow_traj_re/build/lib/follow_traj_re
running install
running install_lib
copying /home/nvidia/vcii/hezi_ros2/build/follow_traj_re/build/lib/follow_traj_re/follow_demo_mpc_bank.py -> /home/nvidia/vcii/hezi_ros2/install/follow_traj_re/lib/python3.8/site-packages/follow_traj_re
copying /home/nvidia/vcii/hezi_ros2/build/follow_traj_re/build/lib/follow_traj_re/mpc_node_v2.py -> /home/nvidia/vcii/hezi_ros2/install/follow_traj_re/lib/python3.8/site-packages/follow_traj_re
byte-compiling /home/nvidia/vcii/hezi_ros2/install/follow_traj_re/lib/python3.8/site-packages/follow_traj_re/follow_demo_mpc_bank.py to follow_demo_mpc_bank.cpython-38.pyc
byte-compiling /home/nvidia/vcii/hezi_ros2/install/follow_traj_re/lib/python3.8/site-packages/follow_traj_re/mpc_node_v2.py to mpc_node_v2.cpython-38.pyc
running install_data
running install_egg_info
removing '/home/nvidia/vcii/hezi_ros2/install/follow_traj_re/lib/python3.8/site-packages/follow_traj_re-0.0.0-py3.8.egg-info' (and everything under it)
Copying ../../../build/follow_traj_re/follow_traj_re.egg-info to /home/nvidia/vcii/hezi_ros2/install/follow_traj_re/lib/python3.8/site-packages/follow_traj_re-0.0.0-py3.8.egg-info
running install_scripts
Installing can_node script to /home/nvidia/vcii/hezi_ros2/install/follow_traj_re/lib/follow_traj_re
Installing follow_node script to /home/nvidia/vcii/hezi_ros2/install/follow_traj_re/lib/follow_traj_re
Installing follow_node_v2 script to /home/nvidia/vcii/hezi_ros2/install/follow_traj_re/lib/follow_traj_re
writing list of installed files to '/home/nvidia/vcii/hezi_ros2/build/follow_traj_re/install.log'
