[1.976s] Invoking command in '/home/nvidia/vcii/hezi_ros2/src/demo1/follow_traj_wd': PYTHONPATH=/home/nvidia/vcii/hezi_ros2/src/demo1/follow_traj_wd/build/follow_traj_wd/prefix_override:/home/nvidia/vcii/hezi_ros2/src/demo1/follow_traj_wd/install/follow_traj_wd/lib/python3.8/site-packages:${PYTHONPATH} /usr/bin/python3 setup.py egg_info --egg-base build/follow_traj_wd build --build-base /home/nvidia/vcii/hezi_ros2/src/demo1/follow_traj_wd/build/follow_traj_wd/build install --record /home/nvidia/vcii/hezi_ros2/src/demo1/follow_traj_wd/build/follow_traj_wd/install.log --single-version-externally-managed
[2.356s] running egg_info
[2.357s] writing build/follow_traj_wd/follow_traj_wd.egg-info/PKG-INFO
[2.357s] writing dependency_links to build/follow_traj_wd/follow_traj_wd.egg-info/dependency_links.txt
[2.358s] writing entry points to build/follow_traj_wd/follow_traj_wd.egg-info/entry_points.txt
[2.358s] writing requirements to build/follow_traj_wd/follow_traj_wd.egg-info/requires.txt
[2.358s] writing top-level names to build/follow_traj_wd/follow_traj_wd.egg-info/top_level.txt
[2.407s] reading manifest file 'build/follow_traj_wd/follow_traj_wd.egg-info/SOURCES.txt'
[2.408s] writing manifest file 'build/follow_traj_wd/follow_traj_wd.egg-info/SOURCES.txt'
[2.409s] running build
[2.409s] running build_py
[2.409s] copying follow_traj_wd/adjust_trajectory_node.py -> /home/nvidia/vcii/hezi_ros2/src/demo1/follow_traj_wd/build/follow_traj_wd/build/lib/follow_traj_wd
[2.410s] running install
[2.412s] running install_lib
[2.414s] copying /home/nvidia/vcii/hezi_ros2/src/demo1/follow_traj_wd/build/follow_traj_wd/build/lib/follow_traj_wd/adjust_trajectory_node.py -> /home/nvidia/vcii/hezi_ros2/src/demo1/follow_traj_wd/install/follow_traj_wd/lib/python3.8/site-packages/follow_traj_wd
[2.415s] byte-compiling /home/nvidia/vcii/hezi_ros2/src/demo1/follow_traj_wd/install/follow_traj_wd/lib/python3.8/site-packages/follow_traj_wd/adjust_trajectory_node.py to adjust_trajectory_node.cpython-38.pyc
[2.420s] running install_data
[2.421s] running install_egg_info
[2.425s] removing '/home/nvidia/vcii/hezi_ros2/src/demo1/follow_traj_wd/install/follow_traj_wd/lib/python3.8/site-packages/follow_traj_wd-0.0.0-py3.8.egg-info' (and everything under it)
[2.426s] Copying build/follow_traj_wd/follow_traj_wd.egg-info to /home/nvidia/vcii/hezi_ros2/src/demo1/follow_traj_wd/install/follow_traj_wd/lib/python3.8/site-packages/follow_traj_wd-0.0.0-py3.8.egg-info
[2.427s] running install_scripts
[2.456s] Installing adjust_trajectory script to /home/nvidia/vcii/hezi_ros2/src/demo1/follow_traj_wd/install/follow_traj_wd/lib/follow_traj_wd
[2.457s] Installing can_node script to /home/nvidia/vcii/hezi_ros2/src/demo1/follow_traj_wd/install/follow_traj_wd/lib/follow_traj_wd
[2.457s] Installing follow_node script to /home/nvidia/vcii/hezi_ros2/src/demo1/follow_traj_wd/install/follow_traj_wd/lib/follow_traj_wd
[2.457s] writing list of installed files to '/home/nvidia/vcii/hezi_ros2/src/demo1/follow_traj_wd/build/follow_traj_wd/install.log'
[2.516s] Invoked command in '/home/nvidia/vcii/hezi_ros2/src/demo1/follow_traj_wd' returned '0': PYTHONPATH=/home/nvidia/vcii/hezi_ros2/src/demo1/follow_traj_wd/build/follow_traj_wd/prefix_override:/home/nvidia/vcii/hezi_ros2/src/demo1/follow_traj_wd/install/follow_traj_wd/lib/python3.8/site-packages:${PYTHONPATH} /usr/bin/python3 setup.py egg_info --egg-base build/follow_traj_wd build --build-base /home/nvidia/vcii/hezi_ros2/src/demo1/follow_traj_wd/build/follow_traj_wd/build install --record /home/nvidia/vcii/hezi_ros2/src/demo1/follow_traj_wd/build/follow_traj_wd/install.log --single-version-externally-managed
