[3.448s] Invoking command in '/home/nvidia/vcii/hezi_ros2/src/demo1/follow_traj': PYTHONPATH=/home/nvidia/vcii/hezi_ros2/build/follow_traj/prefix_override:/home/nvidia/vcii/hezi_ros2/install/follow_traj/lib/python3.8/site-packages:${PYTHONPATH} /usr/bin/python3 setup.py egg_info --egg-base ../../../build/follow_traj build --build-base /home/nvidia/vcii/hezi_ros2/build/follow_traj/build install --record /home/nvidia/vcii/hezi_ros2/build/follow_traj/install.log --single-version-externally-managed
[3.790s] running egg_info
[3.790s] writing ../../../build/follow_traj/follow_traj.egg-info/PKG-INFO
[3.791s] writing dependency_links to ../../../build/follow_traj/follow_traj.egg-info/dependency_links.txt
[3.791s] writing entry points to ../../../build/follow_traj/follow_traj.egg-info/entry_points.txt
[3.791s] writing requirements to ../../../build/follow_traj/follow_traj.egg-info/requires.txt
[3.791s] writing top-level names to ../../../build/follow_traj/follow_traj.egg-info/top_level.txt
[3.841s] reading manifest file '../../../build/follow_traj/follow_traj.egg-info/SOURCES.txt'
[3.842s] writing manifest file '../../../build/follow_traj/follow_traj.egg-info/SOURCES.txt'
[3.843s] running build
[3.843s] running build_py
[3.843s] running install
[3.845s] running install_lib
[3.848s] running install_data
[3.848s] running install_egg_info
[3.852s] removing '/home/nvidia/vcii/hezi_ros2/install/follow_traj/lib/python3.8/site-packages/follow_traj-0.0.0-py3.8.egg-info' (and everything under it)
[3.852s] Copying ../../../build/follow_traj/follow_traj.egg-info to /home/nvidia/vcii/hezi_ros2/install/follow_traj/lib/python3.8/site-packages/follow_traj-0.0.0-py3.8.egg-info
[3.854s] running install_scripts
[3.885s] Installing mpc_node script to /home/nvidia/vcii/hezi_ros2/install/follow_traj/lib/follow_traj
[3.886s] Installing simulator_node script to /home/nvidia/vcii/hezi_ros2/install/follow_traj/lib/follow_traj
[3.886s] writing list of installed files to '/home/nvidia/vcii/hezi_ros2/build/follow_traj/install.log'
[3.949s] Invoked command in '/home/nvidia/vcii/hezi_ros2/src/demo1/follow_traj' returned '0': PYTHONPATH=/home/nvidia/vcii/hezi_ros2/build/follow_traj/prefix_override:/home/nvidia/vcii/hezi_ros2/install/follow_traj/lib/python3.8/site-packages:${PYTHONPATH} /usr/bin/python3 setup.py egg_info --egg-base ../../../build/follow_traj build --build-base /home/nvidia/vcii/hezi_ros2/build/follow_traj/build install --record /home/nvidia/vcii/hezi_ros2/build/follow_traj/install.log --single-version-externally-managed
