[3.183s] Invoking command in '/home/nvidia/vcii/hezi_ros2/src/demo1/follow_traj_wd': PYTHONPATH=/home/nvidia/vcii/hezi_ros2/build/follow_traj_wd/prefix_override:/home/nvidia/vcii/hezi_ros2/install/follow_traj_wd/lib/python3.8/site-packages:${PYTHONPATH} /usr/bin/python3 setup.py egg_info --egg-base ../../../build/follow_traj_wd build --build-base /home/nvidia/vcii/hezi_ros2/build/follow_traj_wd/build install --record /home/nvidia/vcii/hezi_ros2/build/follow_traj_wd/install.log --single-version-externally-managed
[3.537s] running egg_info
[3.538s] writing ../../../build/follow_traj_wd/follow_traj_wd.egg-info/PKG-INFO
[3.539s] writing dependency_links to ../../../build/follow_traj_wd/follow_traj_wd.egg-info/dependency_links.txt
[3.539s] writing entry points to ../../../build/follow_traj_wd/follow_traj_wd.egg-info/entry_points.txt
[3.539s] writing requirements to ../../../build/follow_traj_wd/follow_traj_wd.egg-info/requires.txt
[3.539s] writing top-level names to ../../../build/follow_traj_wd/follow_traj_wd.egg-info/top_level.txt
[3.587s] reading manifest file '../../../build/follow_traj_wd/follow_traj_wd.egg-info/SOURCES.txt'
[3.589s] writing manifest file '../../../build/follow_traj_wd/follow_traj_wd.egg-info/SOURCES.txt'
[3.589s] running build
[3.589s] running build_py
[3.590s] running install
[3.591s] running install_lib
[3.594s] running install_data
[3.595s] running install_egg_info
[3.598s] removing '/home/nvidia/vcii/hezi_ros2/install/follow_traj_wd/lib/python3.8/site-packages/follow_traj_wd-0.0.0-py3.8.egg-info' (and everything under it)
[3.598s] Copying ../../../build/follow_traj_wd/follow_traj_wd.egg-info to /home/nvidia/vcii/hezi_ros2/install/follow_traj_wd/lib/python3.8/site-packages/follow_traj_wd-0.0.0-py3.8.egg-info
[3.600s] running install_scripts
[3.630s] Installing can_node script to /home/nvidia/vcii/hezi_ros2/install/follow_traj_wd/lib/follow_traj_wd
[3.630s] Installing follow_node script to /home/nvidia/vcii/hezi_ros2/install/follow_traj_wd/lib/follow_traj_wd
[3.631s] writing list of installed files to '/home/nvidia/vcii/hezi_ros2/build/follow_traj_wd/install.log'
[4.292s] Invoked command in '/home/nvidia/vcii/hezi_ros2/src/demo1/follow_traj_wd' returned '0': PYTHONPATH=/home/nvidia/vcii/hezi_ros2/build/follow_traj_wd/prefix_override:/home/nvidia/vcii/hezi_ros2/install/follow_traj_wd/lib/python3.8/site-packages:${PYTHONPATH} /usr/bin/python3 setup.py egg_info --egg-base ../../../build/follow_traj_wd build --build-base /home/nvidia/vcii/hezi_ros2/build/follow_traj_wd/build install --record /home/nvidia/vcii/hezi_ros2/build/follow_traj_wd/install.log --single-version-externally-managed
