[3.842s] [34mcolcon[0m [1;30mDEBUG[0m [32mCommand line arguments: ['/usr/bin/colcon', 'build', '--packages-select', 'follow_traj_re'][0m
[3.842s] [34mcolcon[0m [1;30mDEBUG[0m [32mParsed command line arguments: Namespace(allow_overriding=[], ament_cmake_args=None, base_paths=['.'], build_base='build', catkin_cmake_args=None, catkin_skip_building_tests=False, cmake_args=None, cmake_clean_cache=False, cmake_clean_first=False, cmake_force_configure=False, cmake_target=None, cmake_target_skip_unavailable=False, continue_on_error=False, event_handlers=None, executor='parallel', ignore_user_meta=False, install_base='install', log_base=None, log_level=None, main=<bound method BuildVerb.main of <colcon_core.verb.build.BuildVerb object at 0xffffb70f1190>>, merge_install=False, metas=['./colcon.meta'], packages_above=None, packages_above_and_dependencies=None, packages_above_depth=None, packages_end=None, packages_ignore=None, packages_ignore_regex=None, packages_select=['follow_traj_re'], packages_select_build_failed=False, packages_select_by_dep=None, packages_select_regex=None, packages_select_test_failures=False, packages_skip=None, packages_skip_build_finished=False, packages_skip_by_dep=None, packages_skip_regex=None, packages_skip_test_passed=False, packages_skip_up_to=None, packages_start=None, packages_up_to=None, packages_up_to_regex=None, parallel_workers=12, paths=None, symlink_install=False, test_result_base=None, verb_extension=<colcon_core.verb.build.BuildVerb object at 0xffffb70f1190>, verb_name='build', verb_parser=<colcon_defaults.argument_parser.defaults.DefaultArgumentsDecorator object at 0xffffb7053100>)[0m
[4.015s] [34mcolcon.colcon_core.package_discovery[0m [1;30mLevel 1[0m discover_packages(colcon_meta) check parameters
[4.015s] [34mcolcon.colcon_core.package_discovery[0m [1;30mLevel 1[0m discover_packages(recursive) check parameters
[4.015s] [34mcolcon.colcon_core.package_discovery[0m [1;30mLevel 1[0m discover_packages(ignore) check parameters
[4.015s] [34mcolcon.colcon_core.package_discovery[0m [1;30mLevel 1[0m discover_packages(path) check parameters
[4.015s] [34mcolcon.colcon_core.package_discovery[0m [1;30mLevel 1[0m discover_packages(colcon_meta) discover
[4.015s] [34mcolcon.colcon_core.package_discovery[0m [1;30mLevel 1[0m discover_packages(recursive) discover
[4.015s] [34mcolcon.colcon_core.package_discovery[0m [1;30mINFO[0m Crawling recursively for packages in '/home/nvidia/vcii/hezi_ros2'
[4.016s] [34mcolcon.colcon_core.package_identification[0m [1;30mLevel 1[0m _identify(.) by extensions ['ignore', 'ignore_ament_install']
[4.016s] [34mcolcon.colcon_core.package_identification[0m [1;30mLevel 1[0m _identify(.) by extension 'ignore'
[4.016s] [34mcolcon.colcon_core.package_identification[0m [1;30mLevel 1[0m _identify(.) by extension 'ignore_ament_install'
[4.016s] [34mcolcon.colcon_core.package_identification[0m [1;30mLevel 1[0m _identify(.) by extensions ['colcon_pkg']
[4.016s] [34mcolcon.colcon_core.package_identification[0m [1;30mLevel 1[0m _identify(.) by extension 'colcon_pkg'
[4.016s] [34mcolcon.colcon_core.package_identification[0m [1;30mLevel 1[0m _identify(.) by extensions ['colcon_meta']
[4.016s] [34mcolcon.colcon_core.package_identification[0m [1;30mLevel 1[0m _identify(.) by extension 'colcon_meta'
[4.016s] [34mcolcon.colcon_core.package_identification[0m [1;30mLevel 1[0m _identify(.) by extensions ['ros']
[4.016s] [34mcolcon.colcon_core.package_identification[0m [1;30mLevel 1[0m _identify(.) by extension 'ros'
[4.032s] [34mcolcon.colcon_core.package_identification[0m [1;30mLevel 1[0m _identify(.) by extensions ['cmake', 'python']
[4.033s] [34mcolcon.colcon_core.package_identification[0m [1;30mLevel 1[0m _identify(.) by extension 'cmake'
[4.033s] [34mcolcon.colcon_core.package_identification[0m [1;30mLevel 1[0m _identify(.) by extension 'python'
[4.033s] [34mcolcon.colcon_core.package_identification[0m [1;30mLevel 1[0m _identify(.) by extensions ['python_setup_py']
[4.033s] [34mcolcon.colcon_core.package_identification[0m [1;30mLevel 1[0m _identify(.) by extension 'python_setup_py'
[4.033s] [34mcolcon.colcon_core.package_identification[0m [1;30mLevel 1[0m _identify(build) by extensions ['ignore', 'ignore_ament_install']
[4.033s] [34mcolcon.colcon_core.package_identification[0m [1;30mLevel 1[0m _identify(build) by extension 'ignore'
[4.033s] [34mcolcon.colcon_core.package_identification[0m [1;30mLevel 1[0m _identify(build) ignored
[4.034s] [34mcolcon.colcon_core.package_identification[0m [1;30mLevel 1[0m _identify(install) by extensions ['ignore', 'ignore_ament_install']
[4.034s] [34mcolcon.colcon_core.package_identification[0m [1;30mLevel 1[0m _identify(install) by extension 'ignore'
[4.034s] [34mcolcon.colcon_core.package_identification[0m [1;30mLevel 1[0m _identify(install) ignored
[4.034s] [34mcolcon.colcon_core.package_identification[0m [1;30mLevel 1[0m _identify(log) by extensions ['ignore', 'ignore_ament_install']
[4.034s] [34mcolcon.colcon_core.package_identification[0m [1;30mLevel 1[0m _identify(log) by extension 'ignore'
[4.034s] [34mcolcon.colcon_core.package_identification[0m [1;30mLevel 1[0m _identify(log) ignored
[4.034s] [34mcolcon.colcon_core.package_identification[0m [1;30mLevel 1[0m _identify(src) by extensions ['ignore', 'ignore_ament_install']
[4.035s] [34mcolcon.colcon_core.package_identification[0m [1;30mLevel 1[0m _identify(src) by extension 'ignore'
[4.035s] [34mcolcon.colcon_core.package_identification[0m [1;30mLevel 1[0m _identify(src) by extension 'ignore_ament_install'
[4.035s] [34mcolcon.colcon_core.package_identification[0m [1;30mLevel 1[0m _identify(src) by extensions ['colcon_pkg']
[4.035s] [34mcolcon.colcon_core.package_identification[0m [1;30mLevel 1[0m _identify(src) by extension 'colcon_pkg'
[4.035s] [34mcolcon.colcon_core.package_identification[0m [1;30mLevel 1[0m _identify(src) by extensions ['colcon_meta']
[4.035s] [34mcolcon.colcon_core.package_identification[0m [1;30mLevel 1[0m _identify(src) by extension 'colcon_meta'
[4.035s] [34mcolcon.colcon_core.package_identification[0m [1;30mLevel 1[0m _identify(src) by extensions ['ros']
[4.035s] [34mcolcon.colcon_core.package_identification[0m [1;30mLevel 1[0m _identify(src) by extension 'ros'
[4.035s] [34mcolcon.colcon_core.package_identification[0m [1;30mLevel 1[0m _identify(src) by extensions ['cmake', 'python']
[4.035s] [34mcolcon.colcon_core.package_identification[0m [1;30mLevel 1[0m _identify(src) by extension 'cmake'
[4.035s] [34mcolcon.colcon_core.package_identification[0m [1;30mLevel 1[0m _identify(src) by extension 'python'
[4.035s] [34mcolcon.colcon_core.package_identification[0m [1;30mLevel 1[0m _identify(src) by extensions ['python_setup_py']
[4.035s] [34mcolcon.colcon_core.package_identification[0m [1;30mLevel 1[0m _identify(src) by extension 'python_setup_py'
[4.036s] [34mcolcon.colcon_core.package_identification[0m [1;30mLevel 1[0m _identify(src/demo1) by extensions ['ignore', 'ignore_ament_install']
[4.036s] [34mcolcon.colcon_core.package_identification[0m [1;30mLevel 1[0m _identify(src/demo1) by extension 'ignore'
[4.036s] [34mcolcon.colcon_core.package_identification[0m [1;30mLevel 1[0m _identify(src/demo1) by extension 'ignore_ament_install'
[4.036s] [34mcolcon.colcon_core.package_identification[0m [1;30mLevel 1[0m _identify(src/demo1) by extensions ['colcon_pkg']
[4.036s] [34mcolcon.colcon_core.package_identification[0m [1;30mLevel 1[0m _identify(src/demo1) by extension 'colcon_pkg'
[4.036s] [34mcolcon.colcon_core.package_identification[0m [1;30mLevel 1[0m _identify(src/demo1) by extensions ['colcon_meta']
[4.036s] [34mcolcon.colcon_core.package_identification[0m [1;30mLevel 1[0m _identify(src/demo1) by extension 'colcon_meta'
[4.036s] [34mcolcon.colcon_core.package_identification[0m [1;30mLevel 1[0m _identify(src/demo1) by extensions ['ros']
[4.036s] [34mcolcon.colcon_core.package_identification[0m [1;30mLevel 1[0m _identify(src/demo1) by extension 'ros'
[4.036s] [34mcolcon.colcon_core.package_identification[0m [1;30mLevel 1[0m _identify(src/demo1) by extensions ['cmake', 'python']
[4.037s] [34mcolcon.colcon_core.package_identification[0m [1;30mLevel 1[0m _identify(src/demo1) by extension 'cmake'
[4.037s] [34mcolcon.colcon_core.package_identification[0m [1;30mLevel 1[0m _identify(src/demo1) by extension 'python'
[4.037s] [34mcolcon.colcon_core.package_identification[0m [1;30mLevel 1[0m _identify(src/demo1) by extensions ['python_setup_py']
[4.037s] [34mcolcon.colcon_core.package_identification[0m [1;30mLevel 1[0m _identify(src/demo1) by extension 'python_setup_py'
[4.037s] [34mcolcon.colcon_core.package_identification[0m [1;30mLevel 1[0m _identify(src/demo1/follow_traj) by extensions ['ignore', 'ignore_ament_install']
[4.037s] [34mcolcon.colcon_core.package_identification[0m [1;30mLevel 1[0m _identify(src/demo1/follow_traj) by extension 'ignore'
[4.037s] [34mcolcon.colcon_core.package_identification[0m [1;30mLevel 1[0m _identify(src/demo1/follow_traj) by extension 'ignore_ament_install'
[4.037s] [34mcolcon.colcon_core.package_identification[0m [1;30mLevel 1[0m _identify(src/demo1/follow_traj) by extensions ['colcon_pkg']
[4.037s] [34mcolcon.colcon_core.package_identification[0m [1;30mLevel 1[0m _identify(src/demo1/follow_traj) by extension 'colcon_pkg'
[4.037s] [34mcolcon.colcon_core.package_identification[0m [1;30mLevel 1[0m _identify(src/demo1/follow_traj) by extensions ['colcon_meta']
[4.037s] [34mcolcon.colcon_core.package_identification[0m [1;30mLevel 1[0m _identify(src/demo1/follow_traj) by extension 'colcon_meta'
[4.038s] [34mcolcon.colcon_core.package_identification[0m [1;30mLevel 1[0m _identify(src/demo1/follow_traj) by extensions ['ros']
[4.038s] [34mcolcon.colcon_core.package_identification[0m [1;30mLevel 1[0m _identify(src/demo1/follow_traj) by extension 'ros'
[4.042s] [34mcolcon.colcon_core.package_identification[0m [1;30mDEBUG[0m [32mPackage 'src/demo1/follow_traj' with type 'ros.ament_python' and name 'follow_traj'[0m
[4.042s] [34mcolcon.colcon_core.package_identification[0m [1;30mLevel 1[0m _identify(src/demo1/follow_traj_re) by extensions ['ignore', 'ignore_ament_install']
[4.042s] [34mcolcon.colcon_core.package_identification[0m [1;30mLevel 1[0m _identify(src/demo1/follow_traj_re) by extension 'ignore'
[4.042s] [34mcolcon.colcon_core.package_identification[0m [1;30mLevel 1[0m _identify(src/demo1/follow_traj_re) by extension 'ignore_ament_install'
[4.043s] [34mcolcon.colcon_core.package_identification[0m [1;30mLevel 1[0m _identify(src/demo1/follow_traj_re) by extensions ['colcon_pkg']
[4.043s] [34mcolcon.colcon_core.package_identification[0m [1;30mLevel 1[0m _identify(src/demo1/follow_traj_re) by extension 'colcon_pkg'
[4.043s] [34mcolcon.colcon_core.package_identification[0m [1;30mLevel 1[0m _identify(src/demo1/follow_traj_re) by extensions ['colcon_meta']
[4.043s] [34mcolcon.colcon_core.package_identification[0m [1;30mLevel 1[0m _identify(src/demo1/follow_traj_re) by extension 'colcon_meta'
[4.043s] [34mcolcon.colcon_core.package_identification[0m [1;30mLevel 1[0m _identify(src/demo1/follow_traj_re) by extensions ['ros']
[4.043s] [34mcolcon.colcon_core.package_identification[0m [1;30mLevel 1[0m _identify(src/demo1/follow_traj_re) by extension 'ros'
[4.044s] [34mcolcon.colcon_core.package_identification[0m [1;30mDEBUG[0m [32mPackage 'src/demo1/follow_traj_re' with type 'ros.ament_python' and name 'follow_traj_re'[0m
[4.044s] [34mcolcon.colcon_core.package_identification[0m [1;30mLevel 1[0m _identify(src/demo1/follow_traj_wd) by extensions ['ignore', 'ignore_ament_install']
[4.044s] [34mcolcon.colcon_core.package_identification[0m [1;30mLevel 1[0m _identify(src/demo1/follow_traj_wd) by extension 'ignore'
[4.044s] [34mcolcon.colcon_core.package_identification[0m [1;30mLevel 1[0m _identify(src/demo1/follow_traj_wd) by extension 'ignore_ament_install'
[4.044s] [34mcolcon.colcon_core.package_identification[0m [1;30mLevel 1[0m _identify(src/demo1/follow_traj_wd) by extensions ['colcon_pkg']
[4.044s] [34mcolcon.colcon_core.package_identification[0m [1;30mLevel 1[0m _identify(src/demo1/follow_traj_wd) by extension 'colcon_pkg'
[4.044s] [34mcolcon.colcon_core.package_identification[0m [1;30mLevel 1[0m _identify(src/demo1/follow_traj_wd) by extensions ['colcon_meta']
[4.045s] [34mcolcon.colcon_core.package_identification[0m [1;30mLevel 1[0m _identify(src/demo1/follow_traj_wd) by extension 'colcon_meta'
[4.045s] [34mcolcon.colcon_core.package_identification[0m [1;30mLevel 1[0m _identify(src/demo1/follow_traj_wd) by extensions ['ros']
[4.045s] [34mcolcon.colcon_core.package_identification[0m [1;30mLevel 1[0m _identify(src/demo1/follow_traj_wd) by extension 'ros'
[4.045s] [34mcolcon.colcon_core.package_identification[0m [1;30mDEBUG[0m [32mPackage 'src/demo1/follow_traj_wd' with type 'ros.ament_python' and name 'follow_traj_wd'[0m
[4.045s] [34mcolcon.colcon_core.package_discovery[0m [1;30mLevel 1[0m discover_packages(recursive) using defaults
[4.046s] [34mcolcon.colcon_core.package_discovery[0m [1;30mLevel 1[0m discover_packages(ignore) discover
[4.046s] [34mcolcon.colcon_core.package_discovery[0m [1;30mLevel 1[0m discover_packages(ignore) using defaults
[4.046s] [34mcolcon.colcon_core.package_discovery[0m [1;30mLevel 1[0m discover_packages(path) discover
[4.046s] [34mcolcon.colcon_core.package_discovery[0m [1;30mLevel 1[0m discover_packages(path) using defaults
[4.267s] [34mcolcon.colcon_core.package_selection[0m [1;30mINFO[0m Skipping not selected package 'follow_traj' in 'src/demo1/follow_traj'
[4.267s] [34mcolcon.colcon_core.package_selection[0m [1;30mINFO[0m Skipping not selected package 'follow_traj_wd' in 'src/demo1/follow_traj_wd'
[4.394s] [34mcolcon.colcon_core.package_discovery[0m [1;30mLevel 1[0m discover_packages(prefix_path) check parameters
[4.394s] [34mcolcon.colcon_core.package_discovery[0m [1;30mLevel 1[0m discover_packages(prefix_path) discover
[4.526s] [34mcolcon.colcon_installed_package_information.package_discovery[0m [1;30mDEBUG[0m [32mFound 3 installed packages in /home/nvidia/vcii/hezi_ros2/install[0m
[4.591s] [34mcolcon.colcon_installed_package_information.package_discovery[0m [1;30mDEBUG[0m [32mFound 260 installed packages in /opt/ros/foxy[0m
[4.593s] [34mcolcon.colcon_core.package_discovery[0m [1;30mLevel 1[0m discover_packages(prefix_path) using defaults
[4.845s] [34mcolcon.colcon_core.verb[0m [1;30mLevel 5[0m set package 'follow_traj_re' build argument 'cmake_args' from command line to 'None'
[4.845s] [34mcolcon.colcon_core.verb[0m [1;30mLevel 5[0m set package 'follow_traj_re' build argument 'cmake_target' from command line to 'None'
[4.845s] [34mcolcon.colcon_core.verb[0m [1;30mLevel 5[0m set package 'follow_traj_re' build argument 'cmake_target_skip_unavailable' from command line to 'False'
[4.845s] [34mcolcon.colcon_core.verb[0m [1;30mLevel 5[0m set package 'follow_traj_re' build argument 'cmake_clean_cache' from command line to 'False'
[4.845s] [34mcolcon.colcon_core.verb[0m [1;30mLevel 5[0m set package 'follow_traj_re' build argument 'cmake_clean_first' from command line to 'False'
[4.845s] [34mcolcon.colcon_core.verb[0m [1;30mLevel 5[0m set package 'follow_traj_re' build argument 'cmake_force_configure' from command line to 'False'
[4.845s] [34mcolcon.colcon_core.verb[0m [1;30mLevel 5[0m set package 'follow_traj_re' build argument 'ament_cmake_args' from command line to 'None'
[4.845s] [34mcolcon.colcon_core.verb[0m [1;30mLevel 5[0m set package 'follow_traj_re' build argument 'catkin_cmake_args' from command line to 'None'
[4.846s] [34mcolcon.colcon_core.verb[0m [1;30mLevel 5[0m set package 'follow_traj_re' build argument 'catkin_skip_building_tests' from command line to 'False'
[4.846s] [34mcolcon.colcon_core.verb[0m [1;30mDEBUG[0m [32mBuilding package 'follow_traj_re' with the following arguments: {'ament_cmake_args': None, 'build_base': '/home/nvidia/vcii/hezi_ros2/build/follow_traj_re', 'catkin_cmake_args': None, 'catkin_skip_building_tests': False, 'cmake_args': None, 'cmake_clean_cache': False, 'cmake_clean_first': False, 'cmake_force_configure': False, 'cmake_target': None, 'cmake_target_skip_unavailable': False, 'install_base': '/home/nvidia/vcii/hezi_ros2/install/follow_traj_re', 'merge_install': False, 'path': '/home/nvidia/vcii/hezi_ros2/src/demo1/follow_traj_re', 'symlink_install': False, 'test_result_base': None}[0m
[4.909s] [34mcolcon.colcon_core.executor[0m [1;30mINFO[0m Executing jobs using 'parallel' executor
[4.973s] [34mcolcon.colcon_parallel_executor.executor.parallel[0m [1;30mDEBUG[0m [32mrun_until_complete[0m
[4.974s] [34mcolcon.colcon_ros.task.ament_python.build[0m [1;30mINFO[0m Building ROS package in '/home/nvidia/vcii/hezi_ros2/src/demo1/follow_traj_re' with build type 'ament_python'
[4.974s] [34mcolcon.colcon_core.shell[0m [1;30mLevel 1[0m create_environment_hook('follow_traj_re', 'ament_prefix_path')
[5.043s] [34mcolcon.colcon_core.plugin_system[0m [1;30mINFO[0m Skipping extension 'colcon_core.shell.bat': Not used on non-Windows systems
[5.044s] [34mcolcon.colcon_core.shell[0m [1;30mINFO[0m Creating environment hook '/home/nvidia/vcii/hezi_ros2/install/follow_traj_re/share/follow_traj_re/hook/ament_prefix_path.ps1'
[5.045s] [34mcolcon.colcon_core.shell[0m [1;30mINFO[0m Creating environment descriptor '/home/nvidia/vcii/hezi_ros2/install/follow_traj_re/share/follow_traj_re/hook/ament_prefix_path.dsv'
[5.046s] [34mcolcon.colcon_core.shell[0m [1;30mINFO[0m Creating environment hook '/home/nvidia/vcii/hezi_ros2/install/follow_traj_re/share/follow_traj_re/hook/ament_prefix_path.sh'
[5.113s] [34mcolcon.colcon_core.shell[0m [1;30mINFO[0m Skip shell extension 'powershell' for command environment: Not usable outside of PowerShell
[5.113s] [34mcolcon.colcon_core.shell[0m [1;30mDEBUG[0m [32mSkip shell extension 'dsv' for command environment[0m
[5.709s] [34mcolcon.colcon_core.task.python.build[0m [1;30mINFO[0m Building Python package in '/home/nvidia/vcii/hezi_ros2/src/demo1/follow_traj_re'
[5.776s] [34mcolcon.colcon_core.shell[0m [1;30mINFO[0m Skip shell extension 'powershell' for command environment: Not usable outside of PowerShell
[5.777s] [34mcolcon.colcon_core.shell[0m [1;30mDEBUG[0m [32mSkip shell extension 'dsv' for command environment[0m
[6.668s] [34mcolcon.colcon_core.event_handler.log_command[0m [1;30mDEBUG[0m [32mInvoking command in '/home/nvidia/vcii/hezi_ros2/src/demo1/follow_traj_re': PYTHONPATH=/home/nvidia/vcii/hezi_ros2/build/follow_traj_re/prefix_override:/home/nvidia/vcii/hezi_ros2/install/follow_traj_re/lib/python3.8/site-packages:${PYTHONPATH} /usr/bin/python3 setup.py egg_info --egg-base ../../../build/follow_traj_re build --build-base /home/nvidia/vcii/hezi_ros2/build/follow_traj_re/build install --record /home/nvidia/vcii/hezi_ros2/build/follow_traj_re/install.log --single-version-externally-managed[0m
[7.161s] [34mcolcon.colcon_core.event_handler.log_command[0m [1;30mDEBUG[0m [32mInvoked command in '/home/nvidia/vcii/hezi_ros2/src/demo1/follow_traj_re' returned '0': PYTHONPATH=/home/nvidia/vcii/hezi_ros2/build/follow_traj_re/prefix_override:/home/nvidia/vcii/hezi_ros2/install/follow_traj_re/lib/python3.8/site-packages:${PYTHONPATH} /usr/bin/python3 setup.py egg_info --egg-base ../../../build/follow_traj_re build --build-base /home/nvidia/vcii/hezi_ros2/build/follow_traj_re/build install --record /home/nvidia/vcii/hezi_ros2/build/follow_traj_re/install.log --single-version-externally-managed[0m
[7.268s] [34mcolcon.colcon_core.environment[0m [1;30mLevel 1[0m checking '/home/nvidia/vcii/hezi_ros2/install/follow_traj_re' for CMake module files
[7.269s] [34mcolcon.colcon_core.environment[0m [1;30mLevel 1[0m checking '/home/nvidia/vcii/hezi_ros2/install/follow_traj_re' for CMake config files
[7.271s] [34mcolcon.colcon_core.environment[0m [1;30mLevel 1[0m checking '/home/nvidia/vcii/hezi_ros2/install/follow_traj_re/lib'
[7.271s] [34mcolcon.colcon_core.environment[0m [1;30mLevel 1[0m checking '/home/nvidia/vcii/hezi_ros2/install/follow_traj_re/bin'
[7.271s] [34mcolcon.colcon_core.environment[0m [1;30mLevel 1[0m checking '/home/nvidia/vcii/hezi_ros2/install/follow_traj_re/lib/pkgconfig/follow_traj_re.pc'
[7.271s] [34mcolcon.colcon_core.environment[0m [1;30mLevel 1[0m checking '/home/nvidia/vcii/hezi_ros2/install/follow_traj_re/lib/python3.8/site-packages'
[7.272s] [34mcolcon.colcon_core.shell[0m [1;30mLevel 1[0m create_environment_hook('follow_traj_re', 'pythonpath')
[7.338s] [34mcolcon.colcon_core.shell[0m [1;30mINFO[0m Creating environment hook '/home/nvidia/vcii/hezi_ros2/install/follow_traj_re/share/follow_traj_re/hook/pythonpath.ps1'
[7.339s] [34mcolcon.colcon_core.shell[0m [1;30mINFO[0m Creating environment descriptor '/home/nvidia/vcii/hezi_ros2/install/follow_traj_re/share/follow_traj_re/hook/pythonpath.dsv'
[7.340s] [34mcolcon.colcon_core.shell[0m [1;30mINFO[0m Creating environment hook '/home/nvidia/vcii/hezi_ros2/install/follow_traj_re/share/follow_traj_re/hook/pythonpath.sh'
[7.341s] [34mcolcon.colcon_core.environment[0m [1;30mLevel 1[0m checking '/home/nvidia/vcii/hezi_ros2/install/follow_traj_re/bin'
[7.341s] [34mcolcon.colcon_core.environment[0m [1;30mLevel 1[0m create_environment_scripts_only(follow_traj_re)
[7.407s] [34mcolcon.colcon_core.shell[0m [1;30mINFO[0m Creating package script '/home/nvidia/vcii/hezi_ros2/install/follow_traj_re/share/follow_traj_re/package.ps1'
[7.409s] [34mcolcon.colcon_core.shell[0m [1;30mINFO[0m Creating package descriptor '/home/nvidia/vcii/hezi_ros2/install/follow_traj_re/share/follow_traj_re/package.dsv'
[7.410s] [34mcolcon.colcon_core.shell[0m [1;30mINFO[0m Creating package script '/home/nvidia/vcii/hezi_ros2/install/follow_traj_re/share/follow_traj_re/package.sh'
[7.411s] [34mcolcon.colcon_core.shell[0m [1;30mINFO[0m Creating package script '/home/nvidia/vcii/hezi_ros2/install/follow_traj_re/share/follow_traj_re/package.bash'
[7.412s] [34mcolcon.colcon_core.shell[0m [1;30mINFO[0m Creating package script '/home/nvidia/vcii/hezi_ros2/install/follow_traj_re/share/follow_traj_re/package.zsh'
[7.413s] [34mcolcon.colcon_core.environment[0m [1;30mLevel 1[0m create_file_with_runtime_dependencies(/home/nvidia/vcii/hezi_ros2/install/follow_traj_re/share/colcon-core/packages/follow_traj_re)
[7.414s] [34mcolcon.colcon_parallel_executor.executor.parallel[0m [1;30mDEBUG[0m [32mclosing loop[0m
[7.414s] [34mcolcon.colcon_parallel_executor.executor.parallel[0m [1;30mDEBUG[0m [32mloop closed[0m
[7.414s] [34mcolcon.colcon_parallel_executor.executor.parallel[0m [1;30mDEBUG[0m [32mrun_until_complete finished with '0'[0m
[7.415s] [34mcolcon.colcon_core.event_reactor[0m [1;30mDEBUG[0m [32mjoining thread[0m
[7.519s] [34mcolcon.colcon_core.plugin_system[0m [1;30mINFO[0m Skipping extension 'colcon_notification.desktop_notification.terminal_notifier': Not used on non-Darwin systems
[7.520s] [34mcolcon.colcon_core.plugin_system[0m [1;30mINFO[0m Skipping extension 'colcon_notification.desktop_notification.win32': Not used on non-Windows systems
[7.520s] [34mcolcon.colcon_notification.desktop_notification[0m [1;30mINFO[0m Sending desktop notification using 'notify2'
[7.565s] [34mcolcon.colcon_core.event_reactor[0m [1;30mDEBUG[0m [32mjoined thread[0m
[7.665s] [34mcolcon.colcon_core.shell[0m [1;30mINFO[0m Creating prefix script '/home/nvidia/vcii/hezi_ros2/install/local_setup.ps1'
[7.667s] [34mcolcon.colcon_core.shell[0m [1;30mINFO[0m Creating prefix util module '/home/nvidia/vcii/hezi_ros2/install/_local_setup_util_ps1.py'
[7.669s] [34mcolcon.colcon_core.shell[0m [1;30mINFO[0m Creating prefix chain script '/home/nvidia/vcii/hezi_ros2/install/setup.ps1'
[7.736s] [34mcolcon.colcon_core.shell[0m [1;30mINFO[0m Creating prefix script '/home/nvidia/vcii/hezi_ros2/install/local_setup.sh'
[7.737s] [34mcolcon.colcon_core.shell[0m [1;30mINFO[0m Creating prefix util module '/home/nvidia/vcii/hezi_ros2/install/_local_setup_util_sh.py'
[7.738s] [34mcolcon.colcon_core.shell[0m [1;30mINFO[0m Creating prefix chain script '/home/nvidia/vcii/hezi_ros2/install/setup.sh'
[7.805s] [34mcolcon.colcon_core.shell[0m [1;30mINFO[0m Creating prefix script '/home/nvidia/vcii/hezi_ros2/install/local_setup.bash'
[7.806s] [34mcolcon.colcon_core.shell[0m [1;30mINFO[0m Creating prefix chain script '/home/nvidia/vcii/hezi_ros2/install/setup.bash'
[7.873s] [34mcolcon.colcon_core.shell[0m [1;30mINFO[0m Creating prefix script '/home/nvidia/vcii/hezi_ros2/install/local_setup.zsh'
[7.874s] [34mcolcon.colcon_core.shell[0m [1;30mINFO[0m Creating prefix chain script '/home/nvidia/vcii/hezi_ros2/install/setup.zsh'
