[1.678s] Invoking command in '/home/nvidia/vcii/hezi_ros2/src/demo1/follow_traj_re': PYTHONPATH=/home/nvidia/vcii/hezi_ros2/build/follow_traj_re/prefix_override:/home/nvidia/vcii/hezi_ros2/install/follow_traj_re/lib/python3.8/site-packages:${PYTHONPATH} /usr/bin/python3 setup.py egg_info --egg-base ../../../build/follow_traj_re build --build-base /home/nvidia/vcii/hezi_ros2/build/follow_traj_re/build install --record /home/nvidia/vcii/hezi_ros2/build/follow_traj_re/install.log --single-version-externally-managed
[2.041s] running egg_info
[2.042s] writing ../../../build/follow_traj_re/follow_traj_re.egg-info/PKG-INFO
[2.042s] writing dependency_links to ../../../build/follow_traj_re/follow_traj_re.egg-info/dependency_links.txt
[2.043s] writing entry points to ../../../build/follow_traj_re/follow_traj_re.egg-info/entry_points.txt
[2.043s] writing requirements to ../../../build/follow_traj_re/follow_traj_re.egg-info/requires.txt
[2.043s] writing top-level names to ../../../build/follow_traj_re/follow_traj_re.egg-info/top_level.txt
[2.088s] reading manifest file '../../../build/follow_traj_re/follow_traj_re.egg-info/SOURCES.txt'
[2.088s] writing manifest file '../../../build/follow_traj_re/follow_traj_re.egg-info/SOURCES.txt'
[2.089s] running build
[2.089s] running build_py
[2.089s] copying follow_traj_re/can_node.py -> /home/nvidia/vcii/hezi_ros2/build/follow_traj_re/build/lib/follow_traj_re
[2.090s] running install
[2.091s] running install_lib
[2.092s] copying /home/nvidia/vcii/hezi_ros2/build/follow_traj_re/build/lib/follow_traj_re/can_node.py -> /home/nvidia/vcii/hezi_ros2/install/follow_traj_re/lib/python3.8/site-packages/follow_traj_re
[2.094s] byte-compiling /home/nvidia/vcii/hezi_ros2/install/follow_traj_re/lib/python3.8/site-packages/follow_traj_re/can_node.py to can_node.cpython-38.pyc
[2.096s] running install_data
[2.097s] running install_egg_info
[2.100s] removing '/home/nvidia/vcii/hezi_ros2/install/follow_traj_re/lib/python3.8/site-packages/follow_traj_re-0.0.0-py3.8.egg-info' (and everything under it)
[2.101s] Copying ../../../build/follow_traj_re/follow_traj_re.egg-info to /home/nvidia/vcii/hezi_ros2/install/follow_traj_re/lib/python3.8/site-packages/follow_traj_re-0.0.0-py3.8.egg-info
[2.102s] running install_scripts
[2.126s] Installing can_node script to /home/nvidia/vcii/hezi_ros2/install/follow_traj_re/lib/follow_traj_re
[2.127s] Installing follow_node script to /home/nvidia/vcii/hezi_ros2/install/follow_traj_re/lib/follow_traj_re
[2.127s] writing list of installed files to '/home/nvidia/vcii/hezi_ros2/build/follow_traj_re/install.log'
[2.175s] Invoked command in '/home/nvidia/vcii/hezi_ros2/src/demo1/follow_traj_re' returned '0': PYTHONPATH=/home/nvidia/vcii/hezi_ros2/build/follow_traj_re/prefix_override:/home/nvidia/vcii/hezi_ros2/install/follow_traj_re/lib/python3.8/site-packages:${PYTHONPATH} /usr/bin/python3 setup.py egg_info --egg-base ../../../build/follow_traj_re build --build-base /home/nvidia/vcii/hezi_ros2/build/follow_traj_re/build install --record /home/nvidia/vcii/hezi_ros2/build/follow_traj_re/install.log --single-version-externally-managed
