[1.835s] Invoking command in '/home/nvidia/vcii/hezi_ros2/src/demo1/follow_traj_wd': PYTHONPATH=/home/nvidia/vcii/hezi_ros2/src/demo1/follow_traj_wd/build/follow_traj_wd/prefix_override:/home/nvidia/vcii/hezi_ros2/src/demo1/follow_traj_wd/install/follow_traj_wd/lib/python3.8/site-packages:${PYTHONPATH} /usr/bin/python3 setup.py egg_info --egg-base build/follow_traj_wd build --build-base /home/nvidia/vcii/hezi_ros2/src/demo1/follow_traj_wd/build/follow_traj_wd/build install --record /home/nvidia/vcii/hezi_ros2/src/demo1/follow_traj_wd/build/follow_traj_wd/install.log --single-version-externally-managed
[2.163s] running egg_info
[2.163s] writing build/follow_traj_wd/follow_traj_wd.egg-info/PKG-INFO
[2.164s] writing dependency_links to build/follow_traj_wd/follow_traj_wd.egg-info/dependency_links.txt
[2.164s] writing entry points to build/follow_traj_wd/follow_traj_wd.egg-info/entry_points.txt
[2.164s] writing requirements to build/follow_traj_wd/follow_traj_wd.egg-info/requires.txt
[2.165s] writing top-level names to build/follow_traj_wd/follow_traj_wd.egg-info/top_level.txt
[2.209s] reading manifest file 'build/follow_traj_wd/follow_traj_wd.egg-info/SOURCES.txt'
[2.210s] writing manifest file 'build/follow_traj_wd/follow_traj_wd.egg-info/SOURCES.txt'
[2.211s] running build
[2.211s] running build_py
[2.212s] copying follow_traj_wd/can_node.py -> /home/nvidia/vcii/hezi_ros2/src/demo1/follow_traj_wd/build/follow_traj_wd/build/lib/follow_traj_wd
[2.212s] running install
[2.213s] running install_lib
[2.215s] copying /home/nvidia/vcii/hezi_ros2/src/demo1/follow_traj_wd/build/follow_traj_wd/build/lib/follow_traj_wd/can_node.py -> /home/nvidia/vcii/hezi_ros2/src/demo1/follow_traj_wd/install/follow_traj_wd/lib/python3.8/site-packages/follow_traj_wd
[2.216s] byte-compiling /home/nvidia/vcii/hezi_ros2/src/demo1/follow_traj_wd/install/follow_traj_wd/lib/python3.8/site-packages/follow_traj_wd/can_node.py to can_node.cpython-38.pyc
[2.219s] running install_data
[2.220s] running install_egg_info
[2.223s] removing '/home/nvidia/vcii/hezi_ros2/src/demo1/follow_traj_wd/install/follow_traj_wd/lib/python3.8/site-packages/follow_traj_wd-0.0.0-py3.8.egg-info' (and everything under it)
[2.224s] Copying build/follow_traj_wd/follow_traj_wd.egg-info to /home/nvidia/vcii/hezi_ros2/src/demo1/follow_traj_wd/install/follow_traj_wd/lib/python3.8/site-packages/follow_traj_wd-0.0.0-py3.8.egg-info
[2.225s] running install_scripts
[2.250s] Installing adjust_trajectory script to /home/nvidia/vcii/hezi_ros2/src/demo1/follow_traj_wd/install/follow_traj_wd/lib/follow_traj_wd
[2.251s] Installing can_node script to /home/nvidia/vcii/hezi_ros2/src/demo1/follow_traj_wd/install/follow_traj_wd/lib/follow_traj_wd
[2.251s] Installing follow_node script to /home/nvidia/vcii/hezi_ros2/src/demo1/follow_traj_wd/install/follow_traj_wd/lib/follow_traj_wd
[2.252s] Installing hybrid_follow_node script to /home/nvidia/vcii/hezi_ros2/src/demo1/follow_traj_wd/install/follow_traj_wd/lib/follow_traj_wd
[2.252s] Installing mpc_follow_node script to /home/nvidia/vcii/hezi_ros2/src/demo1/follow_traj_wd/install/follow_traj_wd/lib/follow_traj_wd
[2.252s] Installing publish_trajectory script to /home/nvidia/vcii/hezi_ros2/src/demo1/follow_traj_wd/install/follow_traj_wd/lib/follow_traj_wd
[2.253s] writing list of installed files to '/home/nvidia/vcii/hezi_ros2/src/demo1/follow_traj_wd/build/follow_traj_wd/install.log'
[2.304s] Invoked command in '/home/nvidia/vcii/hezi_ros2/src/demo1/follow_traj_wd' returned '0': PYTHONPATH=/home/nvidia/vcii/hezi_ros2/src/demo1/follow_traj_wd/build/follow_traj_wd/prefix_override:/home/nvidia/vcii/hezi_ros2/src/demo1/follow_traj_wd/install/follow_traj_wd/lib/python3.8/site-packages:${PYTHONPATH} /usr/bin/python3 setup.py egg_info --egg-base build/follow_traj_wd build --build-base /home/nvidia/vcii/hezi_ros2/src/demo1/follow_traj_wd/build/follow_traj_wd/build install --record /home/nvidia/vcii/hezi_ros2/src/demo1/follow_traj_wd/build/follow_traj_wd/install.log --single-version-externally-managed
