[1.984s] Invoking command in '/home/nvidia/vcii/hezi_ros2/src/demo1/follow_traj_re': PYTHONPATH=/home/nvidia/vcii/hezi_ros2/src/demo1/follow_traj_re/build/follow_traj_re/prefix_override:/home/nvidia/vcii/hezi_ros2/src/demo1/follow_traj_re/install/follow_traj_re/lib/python3.8/site-packages:${PYTHONPATH} /usr/bin/python3 setup.py egg_info --egg-base build/follow_traj_re build --build-base /home/nvidia/vcii/hezi_ros2/src/demo1/follow_traj_re/build/follow_traj_re/build install --record /home/nvidia/vcii/hezi_ros2/src/demo1/follow_traj_re/build/follow_traj_re/install.log --single-version-externally-managed
[2.313s] running egg_info
[2.314s] writing build/follow_traj_re/follow_traj_re.egg-info/PKG-INFO
[2.314s] writing dependency_links to build/follow_traj_re/follow_traj_re.egg-info/dependency_links.txt
[2.314s] writing entry points to build/follow_traj_re/follow_traj_re.egg-info/entry_points.txt
[2.315s] writing requirements to build/follow_traj_re/follow_traj_re.egg-info/requires.txt
[2.315s] writing top-level names to build/follow_traj_re/follow_traj_re.egg-info/top_level.txt
[2.359s] reading manifest file 'build/follow_traj_re/follow_traj_re.egg-info/SOURCES.txt'
[2.361s] writing manifest file 'build/follow_traj_re/follow_traj_re.egg-info/SOURCES.txt'
[2.361s] running build
[2.361s] running build_py
[2.362s] copying follow_traj_re/follow_demo_mpc_bank.py -> /home/nvidia/vcii/hezi_ros2/src/demo1/follow_traj_re/build/follow_traj_re/build/lib/follow_traj_re
[2.362s] running install
[2.364s] running install_lib
[2.365s] copying /home/nvidia/vcii/hezi_ros2/src/demo1/follow_traj_re/build/follow_traj_re/build/lib/follow_traj_re/follow_demo_mpc_bank.py -> /home/nvidia/vcii/hezi_ros2/src/demo1/follow_traj_re/install/follow_traj_re/lib/python3.8/site-packages/follow_traj_re
[2.367s] byte-compiling /home/nvidia/vcii/hezi_ros2/src/demo1/follow_traj_re/install/follow_traj_re/lib/python3.8/site-packages/follow_traj_re/follow_demo_mpc_bank.py to follow_demo_mpc_bank.cpython-38.pyc
[2.374s] running install_data
[2.374s] running install_egg_info
[2.377s] removing '/home/nvidia/vcii/hezi_ros2/src/demo1/follow_traj_re/install/follow_traj_re/lib/python3.8/site-packages/follow_traj_re-0.0.0-py3.8.egg-info' (and everything under it)
[2.377s] Copying build/follow_traj_re/follow_traj_re.egg-info to /home/nvidia/vcii/hezi_ros2/src/demo1/follow_traj_re/install/follow_traj_re/lib/python3.8/site-packages/follow_traj_re-0.0.0-py3.8.egg-info
[2.379s] running install_scripts
[2.404s] Installing can_node script to /home/nvidia/vcii/hezi_ros2/src/demo1/follow_traj_re/install/follow_traj_re/lib/follow_traj_re
[2.404s] Installing change_node script to /home/nvidia/vcii/hezi_ros2/src/demo1/follow_traj_re/install/follow_traj_re/lib/follow_traj_re
[2.404s] Installing follow_node script to /home/nvidia/vcii/hezi_ros2/src/demo1/follow_traj_re/install/follow_traj_re/lib/follow_traj_re
[2.404s] Installing follow_node_v2 script to /home/nvidia/vcii/hezi_ros2/src/demo1/follow_traj_re/install/follow_traj_re/lib/follow_traj_re
[2.405s] writing list of installed files to '/home/nvidia/vcii/hezi_ros2/src/demo1/follow_traj_re/build/follow_traj_re/install.log'
[2.454s] Invoked command in '/home/nvidia/vcii/hezi_ros2/src/demo1/follow_traj_re' returned '0': PYTHONPATH=/home/nvidia/vcii/hezi_ros2/src/demo1/follow_traj_re/build/follow_traj_re/prefix_override:/home/nvidia/vcii/hezi_ros2/src/demo1/follow_traj_re/install/follow_traj_re/lib/python3.8/site-packages:${PYTHONPATH} /usr/bin/python3 setup.py egg_info --egg-base build/follow_traj_re build --build-base /home/nvidia/vcii/hezi_ros2/src/demo1/follow_traj_re/build/follow_traj_re/build install --record /home/nvidia/vcii/hezi_ros2/src/demo1/follow_traj_re/build/follow_traj_re/install.log --single-version-externally-managed
