[1.947s] Invoking command in '/home/nvidia/vcii/hezi_ros2/src/demo1/follow_traj_wd': PYTHONPATH=/home/nvidia/vcii/hezi_ros2/src/demo1/follow_traj_wd/build/follow_traj_wd/prefix_override:/home/nvidia/vcii/hezi_ros2/src/demo1/follow_traj_wd/install/follow_traj_wd/lib/python3.8/site-packages:${PYTHONPATH} /usr/bin/python3 setup.py egg_info --egg-base build/follow_traj_wd build --build-base /home/nvidia/vcii/hezi_ros2/src/demo1/follow_traj_wd/build/follow_traj_wd/build install --record /home/nvidia/vcii/hezi_ros2/src/demo1/follow_traj_wd/build/follow_traj_wd/install.log --single-version-externally-managed
[2.296s] running egg_info
[2.297s] creating build/follow_traj_wd/follow_traj_wd.egg-info
[2.297s] writing build/follow_traj_wd/follow_traj_wd.egg-info/PKG-INFO
[2.298s] writing dependency_links to build/follow_traj_wd/follow_traj_wd.egg-info/dependency_links.txt
[2.298s] writing entry points to build/follow_traj_wd/follow_traj_wd.egg-info/entry_points.txt
[2.298s] writing requirements to build/follow_traj_wd/follow_traj_wd.egg-info/requires.txt
[2.298s] writing top-level names to build/follow_traj_wd/follow_traj_wd.egg-info/top_level.txt
[2.300s] writing manifest file 'build/follow_traj_wd/follow_traj_wd.egg-info/SOURCES.txt'
[2.347s] reading manifest file 'build/follow_traj_wd/follow_traj_wd.egg-info/SOURCES.txt'
[2.348s] writing manifest file 'build/follow_traj_wd/follow_traj_wd.egg-info/SOURCES.txt'
[2.348s] running build
[2.349s] running build_py
[2.349s] creating /home/nvidia/vcii/hezi_ros2/src/demo1/follow_traj_wd/build/follow_traj_wd/build
[2.349s] creating /home/nvidia/vcii/hezi_ros2/src/demo1/follow_traj_wd/build/follow_traj_wd/build/lib
[2.349s] creating /home/nvidia/vcii/hezi_ros2/src/demo1/follow_traj_wd/build/follow_traj_wd/build/lib/follow_traj_wd
[2.349s] copying follow_traj_wd/read_csv.py -> /home/nvidia/vcii/hezi_ros2/src/demo1/follow_traj_wd/build/follow_traj_wd/build/lib/follow_traj_wd
[2.350s] copying follow_traj_wd/switch_trajectory.py -> /home/nvidia/vcii/hezi_ros2/src/demo1/follow_traj_wd/build/follow_traj_wd/build/lib/follow_traj_wd
[2.350s] copying follow_traj_wd/can_node.py -> /home/nvidia/vcii/hezi_ros2/src/demo1/follow_traj_wd/build/follow_traj_wd/build/lib/follow_traj_wd
[2.350s] copying follow_traj_wd/follow_node.py -> /home/nvidia/vcii/hezi_ros2/src/demo1/follow_traj_wd/build/follow_traj_wd/build/lib/follow_traj_wd
[2.350s] copying follow_traj_wd/can_use.py -> /home/nvidia/vcii/hezi_ros2/src/demo1/follow_traj_wd/build/follow_traj_wd/build/lib/follow_traj_wd
[2.350s] copying follow_traj_wd/utils.py -> /home/nvidia/vcii/hezi_ros2/src/demo1/follow_traj_wd/build/follow_traj_wd/build/lib/follow_traj_wd
[2.350s] copying follow_traj_wd/lane_change.py -> /home/nvidia/vcii/hezi_ros2/src/demo1/follow_traj_wd/build/follow_traj_wd/build/lib/follow_traj_wd
[2.351s] copying follow_traj_wd/lane_change_vx.py -> /home/nvidia/vcii/hezi_ros2/src/demo1/follow_traj_wd/build/follow_traj_wd/build/lib/follow_traj_wd
[2.351s] copying follow_traj_wd/adjust_trajectory_node.py -> /home/nvidia/vcii/hezi_ros2/src/demo1/follow_traj_wd/build/follow_traj_wd/build/lib/follow_traj_wd
[2.351s] copying follow_traj_wd/__init__.py -> /home/nvidia/vcii/hezi_ros2/src/demo1/follow_traj_wd/build/follow_traj_wd/build/lib/follow_traj_wd
[2.351s] copying follow_traj_wd/follow_demo_mpc_bank.py -> /home/nvidia/vcii/hezi_ros2/src/demo1/follow_traj_wd/build/follow_traj_wd/build/lib/follow_traj_wd
[2.351s] copying follow_traj_wd/follow_demo_2025.py -> /home/nvidia/vcii/hezi_ros2/src/demo1/follow_traj_wd/build/follow_traj_wd/build/lib/follow_traj_wd
[2.351s] copying follow_traj_wd/mpc_node_v2.py -> /home/nvidia/vcii/hezi_ros2/src/demo1/follow_traj_wd/build/follow_traj_wd/build/lib/follow_traj_wd
[2.352s] copying follow_traj_wd/hybrid_follow_node.py -> /home/nvidia/vcii/hezi_ros2/src/demo1/follow_traj_wd/build/follow_traj_wd/build/lib/follow_traj_wd
[2.352s] copying follow_traj_wd/publish_trajectory_node.py -> /home/nvidia/vcii/hezi_ros2/src/demo1/follow_traj_wd/build/follow_traj_wd/build/lib/follow_traj_wd
[2.352s] running install
[2.354s] running install_lib
[2.356s] creating /home/nvidia/vcii/hezi_ros2/src/demo1/follow_traj_wd/install/follow_traj_wd/lib/python3.8/site-packages/follow_traj_wd
[2.356s] copying /home/nvidia/vcii/hezi_ros2/src/demo1/follow_traj_wd/build/follow_traj_wd/build/lib/follow_traj_wd/read_csv.py -> /home/nvidia/vcii/hezi_ros2/src/demo1/follow_traj_wd/install/follow_traj_wd/lib/python3.8/site-packages/follow_traj_wd
[2.356s] copying /home/nvidia/vcii/hezi_ros2/src/demo1/follow_traj_wd/build/follow_traj_wd/build/lib/follow_traj_wd/switch_trajectory.py -> /home/nvidia/vcii/hezi_ros2/src/demo1/follow_traj_wd/install/follow_traj_wd/lib/python3.8/site-packages/follow_traj_wd
[2.356s] copying /home/nvidia/vcii/hezi_ros2/src/demo1/follow_traj_wd/build/follow_traj_wd/build/lib/follow_traj_wd/can_node.py -> /home/nvidia/vcii/hezi_ros2/src/demo1/follow_traj_wd/install/follow_traj_wd/lib/python3.8/site-packages/follow_traj_wd
[2.356s] copying /home/nvidia/vcii/hezi_ros2/src/demo1/follow_traj_wd/build/follow_traj_wd/build/lib/follow_traj_wd/follow_node.py -> /home/nvidia/vcii/hezi_ros2/src/demo1/follow_traj_wd/install/follow_traj_wd/lib/python3.8/site-packages/follow_traj_wd
[2.356s] copying /home/nvidia/vcii/hezi_ros2/src/demo1/follow_traj_wd/build/follow_traj_wd/build/lib/follow_traj_wd/can_use.py -> /home/nvidia/vcii/hezi_ros2/src/demo1/follow_traj_wd/install/follow_traj_wd/lib/python3.8/site-packages/follow_traj_wd
[2.357s] copying /home/nvidia/vcii/hezi_ros2/src/demo1/follow_traj_wd/build/follow_traj_wd/build/lib/follow_traj_wd/utils.py -> /home/nvidia/vcii/hezi_ros2/src/demo1/follow_traj_wd/install/follow_traj_wd/lib/python3.8/site-packages/follow_traj_wd
[2.357s] copying /home/nvidia/vcii/hezi_ros2/src/demo1/follow_traj_wd/build/follow_traj_wd/build/lib/follow_traj_wd/lane_change.py -> /home/nvidia/vcii/hezi_ros2/src/demo1/follow_traj_wd/install/follow_traj_wd/lib/python3.8/site-packages/follow_traj_wd
[2.357s] copying /home/nvidia/vcii/hezi_ros2/src/demo1/follow_traj_wd/build/follow_traj_wd/build/lib/follow_traj_wd/lane_change_vx.py -> /home/nvidia/vcii/hezi_ros2/src/demo1/follow_traj_wd/install/follow_traj_wd/lib/python3.8/site-packages/follow_traj_wd
[2.357s] copying /home/nvidia/vcii/hezi_ros2/src/demo1/follow_traj_wd/build/follow_traj_wd/build/lib/follow_traj_wd/adjust_trajectory_node.py -> /home/nvidia/vcii/hezi_ros2/src/demo1/follow_traj_wd/install/follow_traj_wd/lib/python3.8/site-packages/follow_traj_wd
[2.357s] copying /home/nvidia/vcii/hezi_ros2/src/demo1/follow_traj_wd/build/follow_traj_wd/build/lib/follow_traj_wd/__init__.py -> /home/nvidia/vcii/hezi_ros2/src/demo1/follow_traj_wd/install/follow_traj_wd/lib/python3.8/site-packages/follow_traj_wd
[2.357s] copying /home/nvidia/vcii/hezi_ros2/src/demo1/follow_traj_wd/build/follow_traj_wd/build/lib/follow_traj_wd/follow_demo_mpc_bank.py -> /home/nvidia/vcii/hezi_ros2/src/demo1/follow_traj_wd/install/follow_traj_wd/lib/python3.8/site-packages/follow_traj_wd
[2.358s] copying /home/nvidia/vcii/hezi_ros2/src/demo1/follow_traj_wd/build/follow_traj_wd/build/lib/follow_traj_wd/follow_demo_2025.py -> /home/nvidia/vcii/hezi_ros2/src/demo1/follow_traj_wd/install/follow_traj_wd/lib/python3.8/site-packages/follow_traj_wd
[2.358s] copying /home/nvidia/vcii/hezi_ros2/src/demo1/follow_traj_wd/build/follow_traj_wd/build/lib/follow_traj_wd/mpc_node_v2.py -> /home/nvidia/vcii/hezi_ros2/src/demo1/follow_traj_wd/install/follow_traj_wd/lib/python3.8/site-packages/follow_traj_wd
[2.358s] copying /home/nvidia/vcii/hezi_ros2/src/demo1/follow_traj_wd/build/follow_traj_wd/build/lib/follow_traj_wd/hybrid_follow_node.py -> /home/nvidia/vcii/hezi_ros2/src/demo1/follow_traj_wd/install/follow_traj_wd/lib/python3.8/site-packages/follow_traj_wd
[2.358s] copying /home/nvidia/vcii/hezi_ros2/src/demo1/follow_traj_wd/build/follow_traj_wd/build/lib/follow_traj_wd/publish_trajectory_node.py -> /home/nvidia/vcii/hezi_ros2/src/demo1/follow_traj_wd/install/follow_traj_wd/lib/python3.8/site-packages/follow_traj_wd
[2.360s] byte-compiling /home/nvidia/vcii/hezi_ros2/src/demo1/follow_traj_wd/install/follow_traj_wd/lib/python3.8/site-packages/follow_traj_wd/read_csv.py to read_csv.cpython-38.pyc
[2.362s] byte-compiling /home/nvidia/vcii/hezi_ros2/src/demo1/follow_traj_wd/install/follow_traj_wd/lib/python3.8/site-packages/follow_traj_wd/switch_trajectory.py to switch_trajectory.cpython-38.pyc
[2.365s] byte-compiling /home/nvidia/vcii/hezi_ros2/src/demo1/follow_traj_wd/install/follow_traj_wd/lib/python3.8/site-packages/follow_traj_wd/can_node.py to can_node.cpython-38.pyc
[2.366s] byte-compiling /home/nvidia/vcii/hezi_ros2/src/demo1/follow_traj_wd/install/follow_traj_wd/lib/python3.8/site-packages/follow_traj_wd/follow_node.py to follow_node.cpython-38.pyc
[2.369s] byte-compiling /home/nvidia/vcii/hezi_ros2/src/demo1/follow_traj_wd/install/follow_traj_wd/lib/python3.8/site-packages/follow_traj_wd/can_use.py to can_use.cpython-38.pyc
[2.370s] byte-compiling /home/nvidia/vcii/hezi_ros2/src/demo1/follow_traj_wd/install/follow_traj_wd/lib/python3.8/site-packages/follow_traj_wd/utils.py to utils.cpython-38.pyc
[2.371s] byte-compiling /home/nvidia/vcii/hezi_ros2/src/demo1/follow_traj_wd/install/follow_traj_wd/lib/python3.8/site-packages/follow_traj_wd/lane_change.py to lane_change.cpython-38.pyc
[2.374s] byte-compiling /home/nvidia/vcii/hezi_ros2/src/demo1/follow_traj_wd/install/follow_traj_wd/lib/python3.8/site-packages/follow_traj_wd/lane_change_vx.py to lane_change_vx.cpython-38.pyc
[2.378s] byte-compiling /home/nvidia/vcii/hezi_ros2/src/demo1/follow_traj_wd/install/follow_traj_wd/lib/python3.8/site-packages/follow_traj_wd/adjust_trajectory_node.py to adjust_trajectory_node.cpython-38.pyc
[2.381s] byte-compiling /home/nvidia/vcii/hezi_ros2/src/demo1/follow_traj_wd/install/follow_traj_wd/lib/python3.8/site-packages/follow_traj_wd/__init__.py to __init__.cpython-38.pyc
[2.382s] byte-compiling /home/nvidia/vcii/hezi_ros2/src/demo1/follow_traj_wd/install/follow_traj_wd/lib/python3.8/site-packages/follow_traj_wd/follow_demo_mpc_bank.py to follow_demo_mpc_bank.cpython-38.pyc
[2.386s] byte-compiling /home/nvidia/vcii/hezi_ros2/src/demo1/follow_traj_wd/install/follow_traj_wd/lib/python3.8/site-packages/follow_traj_wd/follow_demo_2025.py to follow_demo_2025.cpython-38.pyc
[2.389s] byte-compiling /home/nvidia/vcii/hezi_ros2/src/demo1/follow_traj_wd/install/follow_traj_wd/lib/python3.8/site-packages/follow_traj_wd/mpc_node_v2.py to mpc_node_v2.cpython-38.pyc
[2.390s] byte-compiling /home/nvidia/vcii/hezi_ros2/src/demo1/follow_traj_wd/install/follow_traj_wd/lib/python3.8/site-packages/follow_traj_wd/hybrid_follow_node.py to hybrid_follow_node.cpython-38.pyc
[2.392s] byte-compiling /home/nvidia/vcii/hezi_ros2/src/demo1/follow_traj_wd/install/follow_traj_wd/lib/python3.8/site-packages/follow_traj_wd/publish_trajectory_node.py to publish_trajectory_node.cpython-38.pyc
[2.394s] running install_data
[2.395s] creating /home/nvidia/vcii/hezi_ros2/src/demo1/follow_traj_wd/install/follow_traj_wd/share/ament_index
[2.396s] creating /home/nvidia/vcii/hezi_ros2/src/demo1/follow_traj_wd/install/follow_traj_wd/share/ament_index/resource_index
[2.396s] creating /home/nvidia/vcii/hezi_ros2/src/demo1/follow_traj_wd/install/follow_traj_wd/share/ament_index/resource_index/packages
[2.396s] copying resource/follow_traj_wd -> /home/nvidia/vcii/hezi_ros2/src/demo1/follow_traj_wd/install/follow_traj_wd/share/ament_index/resource_index/packages
[2.396s] copying package.xml -> /home/nvidia/vcii/hezi_ros2/src/demo1/follow_traj_wd/install/follow_traj_wd/share/follow_traj_wd
[2.396s] running install_egg_info
[2.399s] Copying build/follow_traj_wd/follow_traj_wd.egg-info to /home/nvidia/vcii/hezi_ros2/src/demo1/follow_traj_wd/install/follow_traj_wd/lib/python3.8/site-packages/follow_traj_wd-0.0.0-py3.8.egg-info
[2.400s] running install_scripts
[2.428s] Installing adjust_trajectory script to /home/nvidia/vcii/hezi_ros2/src/demo1/follow_traj_wd/install/follow_traj_wd/lib/follow_traj_wd
[2.428s] Installing can_node script to /home/nvidia/vcii/hezi_ros2/src/demo1/follow_traj_wd/install/follow_traj_wd/lib/follow_traj_wd
[2.428s] Installing follow_node script to /home/nvidia/vcii/hezi_ros2/src/demo1/follow_traj_wd/install/follow_traj_wd/lib/follow_traj_wd
[2.428s] Installing hybrid_follow_node script to /home/nvidia/vcii/hezi_ros2/src/demo1/follow_traj_wd/install/follow_traj_wd/lib/follow_traj_wd
[2.428s] Installing mpc_follow_node script to /home/nvidia/vcii/hezi_ros2/src/demo1/follow_traj_wd/install/follow_traj_wd/lib/follow_traj_wd
[2.428s] Installing publish_trajectory script to /home/nvidia/vcii/hezi_ros2/src/demo1/follow_traj_wd/install/follow_traj_wd/lib/follow_traj_wd
[2.429s] writing list of installed files to '/home/nvidia/vcii/hezi_ros2/src/demo1/follow_traj_wd/build/follow_traj_wd/install.log'
[2.486s] Invoked command in '/home/nvidia/vcii/hezi_ros2/src/demo1/follow_traj_wd' returned '0': PYTHONPATH=/home/nvidia/vcii/hezi_ros2/src/demo1/follow_traj_wd/build/follow_traj_wd/prefix_override:/home/nvidia/vcii/hezi_ros2/src/demo1/follow_traj_wd/install/follow_traj_wd/lib/python3.8/site-packages:${PYTHONPATH} /usr/bin/python3 setup.py egg_info --egg-base build/follow_traj_wd build --build-base /home/nvidia/vcii/hezi_ros2/src/demo1/follow_traj_wd/build/follow_traj_wd/build install --record /home/nvidia/vcii/hezi_ros2/src/demo1/follow_traj_wd/build/follow_traj_wd/install.log --single-version-externally-managed
